{"C:\\Documents\\sep490\\sep490-backend-api\\src\\app.ts": {"path":"C:\\Documents\\sep490\\sep490-backend-api\\src\\app.ts","statementMap":{"0":{"start":{"line":1,"column":0},"end":{"line":1,"column":30}},"1":{"start":{"line":2,"column":0},"end":{"line":2,"column":24}},"2":{"start":{"line":3,"column":0},"end":{"line":3,"column":28}},"3":{"start":{"line":4,"column":0},"end":{"line":4,"column":33}},"4":{"start":{"line":5,"column":0},"end":{"line":5,"column":28}},"5":{"start":{"line":6,"column":0},"end":{"line":6,"column":35}},"6":{"start":{"line":7,"column":0},"end":{"line":7,"column":40}},"7":{"start":{"line":8,"column":0},"end":{"line":8,"column":33}},"8":{"start":{"line":9,"column":0},"end":{"line":9,"column":49}},"9":{"start":{"line":10,"column":0},"end":{"line":10,"column":50}},"10":{"start":{"line":12,"column":13},"end":{"line":12,"column":29}},"11":{"start":{"line":15,"column":0},"end":{"line":15,"column":18}},"12":{"start":{"line":21,"column":24},"end":{"line":21,"column":83}},"13":{"start":{"line":21,"column":51},"end":{"line":21,"column":83}},"14":{"start":{"line":22,"column":23},"end":{"line":22,"column":86}},"15":{"start":{"line":23,"column":24},"end":{"line":31,"column":1}},"16":{"start":{"line":24,"column":17},"end":{"line":24,"column":40}},"17":{"start":{"line":25,"column":2},"end":{"line":30,"column":5}},"18":{"start":{"line":26,"column":4},"end":{"line":26,"column":40}},"19":{"start":{"line":26,"column":28},"end":{"line":26,"column":40}},"20":{"start":{"line":27,"column":4},"end":{"line":27,"column":45}},"21":{"start":{"line":27,"column":32},"end":{"line":27,"column":45}},"22":{"start":{"line":28,"column":20},"end":{"line":28,"column":81}},"23":{"start":{"line":29,"column":4},"end":{"line":29,"column":44}},"24":{"start":{"line":32,"column":0},"end":{"line":44,"column":2}},"25":{"start":{"line":35,"column":6},"end":{"line":40,"column":7}},"26":{"start":{"line":36,"column":8},"end":{"line":36,"column":29}},"27":{"start":{"line":38,"column":8},"end":{"line":38,"column":75}},"28":{"start":{"line":39,"column":8},"end":{"line":39,"column":30}},"29":{"start":{"line":46,"column":0},"end":{"line":46,"column":24}},"30":{"start":{"line":47,"column":0},"end":{"line":47,"column":30}},"31":{"start":{"line":49,"column":0},"end":{"line":51,"column":3}},"32":{"start":{"line":50,"column":2},"end":{"line":50,"column":103}},"33":{"start":{"line":53,"column":0},"end":{"line":53,"column":30}},"34":{"start":{"line":55,"column":0},"end":{"line":55,"column":18}},"35":{"start":{"line":56,"column":0},"end":{"line":56,"column":22}}},"fnMap":{"0":{"name":"(anonymous_1)","decl":{"start":{"line":21,"column":24},"end":{"line":21,"column":25}},"loc":{"start":{"line":21,"column":51},"end":{"line":21,"column":83}}},"1":{"name":"(anonymous_2)","decl":{"start":{"line":23,"column":24},"end":{"line":23,"column":25}},"loc":{"start":{"line":23,"column":52},"end":{"line":31,"column":1}}},"2":{"name":"(anonymous_3)","decl":{"start":{"line":25,"column":29},"end":{"line":25,"column":30}},"loc":{"start":{"line":25,"column":41},"end":{"line":30,"column":3}}},"3":{"name":"(anonymous_4)","decl":{"start":{"line":34,"column":4},"end":{"line":34,"column":10}},"loc":{"start":{"line":34,"column":27},"end":{"line":41,"column":5}}},"4":{"name":"(anonymous_5)","decl":{"start":{"line":49,"column":19},"end":{"line":49,"column":20}},"loc":{"start":{"line":49,"column":33},"end":{"line":51,"column":1}}}},"branchMap":{"0":{"loc":{"start":{"line":26,"column":4},"end":{"line":26,"column":40}},"type":"if","locations":[{"start":{"line":26,"column":4},"end":{"line":26,"column":40}},{"start":{},"end":{}}]},"1":{"loc":{"start":{"line":27,"column":4},"end":{"line":27,"column":45}},"type":"if","locations":[{"start":{"line":27,"column":4},"end":{"line":27,"column":45}},{"start":{},"end":{}}]},"2":{"loc":{"start":{"line":35,"column":6},"end":{"line":40,"column":7}},"type":"if","locations":[{"start":{"line":35,"column":6},"end":{"line":40,"column":7}},{"start":{"line":37,"column":13},"end":{"line":40,"column":7}}]},"3":{"loc":{"start":{"line":35,"column":10},"end":{"line":35,"column":44}},"type":"binary-expr","locations":[{"start":{"line":35,"column":10},"end":{"line":35,"column":17}},{"start":{"line":35,"column":21},"end":{"line":35,"column":44}}]}},"s":{"0":27,"1":27,"2":27,"3":27,"4":27,"5":27,"6":27,"7":27,"8":27,"9":27,"10":27,"11":27,"12":27,"13":27,"14":27,"15":27,"16":0,"17":0,"18":0,"19":0,"20":0,"21":0,"22":0,"23":0,"24":27,"25":306,"26":306,"27":0,"28":0,"29":27,"30":27,"31":27,"32":0,"33":27,"34":27,"35":27},"f":{"0":27,"1":0,"2":0,"3":306,"4":0},"b":{"0":[0,0],"1":[0,0],"2":[306,0],"3":[306,0]}}
,"C:\\Documents\\sep490\\sep490-backend-api\\src\\routes.ts": {"path":"C:\\Documents\\sep490\\sep490-backend-api\\src\\routes.ts","statementMap":{"0":{"start":{"line":1,"column":0},"end":{"line":1,"column":33}},"1":{"start":{"line":2,"column":0},"end":{"line":2,"column":56}},"2":{"start":{"line":3,"column":0},"end":{"line":3,"column":56}},"3":{"start":{"line":4,"column":0},"end":{"line":4,"column":64}},"4":{"start":{"line":5,"column":0},"end":{"line":5,"column":72}},"5":{"start":{"line":6,"column":0},"end":{"line":6,"column":61}},"6":{"start":{"line":7,"column":0},"end":{"line":7,"column":55}},"7":{"start":{"line":8,"column":0},"end":{"line":8,"column":81}},"8":{"start":{"line":9,"column":0},"end":{"line":9,"column":75}},"9":{"start":{"line":10,"column":0},"end":{"line":10,"column":92}},"10":{"start":{"line":11,"column":0},"end":{"line":11,"column":86}},"11":{"start":{"line":12,"column":0},"end":{"line":12,"column":62}},"12":{"start":{"line":13,"column":0},"end":{"line":13,"column":60}},"13":{"start":{"line":14,"column":0},"end":{"line":14,"column":97}},"14":{"start":{"line":15,"column":0},"end":{"line":15,"column":67}},"15":{"start":{"line":16,"column":0},"end":{"line":16,"column":64}},"16":{"start":{"line":17,"column":0},"end":{"line":17,"column":76}},"17":{"start":{"line":18,"column":0},"end":{"line":18,"column":68}},"18":{"start":{"line":19,"column":0},"end":{"line":19,"column":58}},"19":{"start":{"line":20,"column":0},"end":{"line":20,"column":62}},"20":{"start":{"line":21,"column":0},"end":{"line":21,"column":70}},"21":{"start":{"line":22,"column":0},"end":{"line":22,"column":62}},"22":{"start":{"line":23,"column":0},"end":{"line":23,"column":63}},"23":{"start":{"line":24,"column":0},"end":{"line":24,"column":63}},"24":{"start":{"line":28,"column":12},"end":{"line":28,"column":20}},"25":{"start":{"line":30,"column":0},"end":{"line":30,"column":29}},"26":{"start":{"line":31,"column":0},"end":{"line":31,"column":30}},"27":{"start":{"line":32,"column":0},"end":{"line":32,"column":38}},"28":{"start":{"line":33,"column":0},"end":{"line":33,"column":47}},"29":{"start":{"line":34,"column":0},"end":{"line":34,"column":38}},"30":{"start":{"line":35,"column":0},"end":{"line":35,"column":70}},"31":{"start":{"line":36,"column":0},"end":{"line":36,"column":40}},"32":{"start":{"line":37,"column":0},"end":{"line":37,"column":32}},"33":{"start":{"line":38,"column":0},"end":{"line":38,"column":36}},"34":{"start":{"line":39,"column":0},"end":{"line":39,"column":42}},"35":{"start":{"line":40,"column":0},"end":{"line":40,"column":49}},"36":{"start":{"line":41,"column":0},"end":{"line":41,"column":43}},"37":{"start":{"line":42,"column":0},"end":{"line":42,"column":39}},"38":{"start":{"line":43,"column":0},"end":{"line":43,"column":41}},"39":{"start":{"line":44,"column":0},"end":{"line":44,"column":32}},"40":{"start":{"line":45,"column":0},"end":{"line":45,"column":38}},"41":{"start":{"line":46,"column":0},"end":{"line":46,"column":61}},"42":{"start":{"line":47,"column":0},"end":{"line":47,"column":39}},"43":{"start":{"line":48,"column":0},"end":{"line":48,"column":45}},"44":{"start":{"line":49,"column":0},"end":{"line":49,"column":54}},"45":{"start":{"line":50,"column":0},"end":{"line":50,"column":45}},"46":{"start":{"line":51,"column":0},"end":{"line":51,"column":35}},"47":{"start":{"line":52,"column":0},"end":{"line":52,"column":37}},"48":{"start":{"line":53,"column":0},"end":{"line":53,"column":46}},"49":{"start":{"line":54,"column":0},"end":{"line":54,"column":37}},"50":{"start":{"line":55,"column":0},"end":{"line":55,"column":45}},"51":{"start":{"line":56,"column":0},"end":{"line":56,"column":34}},"52":{"start":{"line":58,"column":0},"end":{"line":58,"column":19}}},"fnMap":{},"branchMap":{},"s":{"0":27,"1":27,"2":27,"3":27,"4":27,"5":27,"6":27,"7":27,"8":27,"9":27,"10":27,"11":27,"12":27,"13":27,"14":27,"15":27,"16":27,"17":27,"18":27,"19":27,"20":27,"21":27,"22":27,"23":27,"24":27,"25":27,"26":27,"27":27,"28":27,"29":27,"30":27,"31":27,"32":27,"33":27,"34":27,"35":27,"36":27,"37":27,"38":27,"39":27,"40":27,"41":27,"42":27,"43":27,"44":27,"45":27,"46":27,"47":27,"48":27,"49":27,"50":27,"51":27,"52":27},"f":{},"b":{}}
,"C:\\Documents\\sep490\\sep490-backend-api\\src\\config\\env.ts": {"path":"C:\\Documents\\sep490\\sep490-backend-api\\src\\config\\env.ts","statementMap":{"0":{"start":{"line":1,"column":0},"end":{"line":1,"column":23}},"1":{"start":{"line":2,"column":0},"end":{"line":2,"column":24}},"2":{"start":{"line":4,"column":18},"end":{"line":39,"column":2}},"3":{"start":{"line":42,"column":17},"end":{"line":42,"column":49}},"4":{"start":{"line":43,"column":2},"end":{"line":47,"column":3}},"5":{"start":{"line":45,"column":4},"end":{"line":45,"column":81}},"6":{"start":{"line":46,"column":4},"end":{"line":46,"column":20}},"7":{"start":{"line":48,"column":2},"end":{"line":48,"column":21}},"8":{"start":{"line":51,"column":13},"end":{"line":51,"column":29}},"9":{"start":{"line":53,"column":13},"end":{"line":53,"column":52}},"10":{"start":{"line":54,"column":13},"end":{"line":54,"column":52}},"11":{"start":{"line":55,"column":13},"end":{"line":55,"column":46}}},"fnMap":{"0":{"name":"loadEnv","decl":{"start":{"line":41,"column":9},"end":{"line":41,"column":16}},"loc":{"start":{"line":41,"column":16},"end":{"line":49,"column":1}}}},"branchMap":{"0":{"loc":{"start":{"line":43,"column":2},"end":{"line":47,"column":3}},"type":"if","locations":[{"start":{"line":43,"column":2},"end":{"line":47,"column":3}},{"start":{},"end":{}}]}},"s":{"0":29,"1":29,"2":29,"3":29,"4":29,"5":0,"6":0,"7":29,"8":29,"9":29,"10":29,"11":29},"f":{"0":29},"b":{"0":[0,29]}}
,"C:\\Documents\\sep490\\sep490-backend-api\\src\\config\\firebase.ts": {"path":"C:\\Documents\\sep490\\sep490-backend-api\\src\\config\\firebase.ts","statementMap":{"0":{"start":{"line":34,"column":0},"end":{"line":34,"column":16}},"1":{"start":{"line":38,"column":0},"end":{"line":38,"column":16}},"2":{"start":{"line":1,"column":0},"end":{"line":1,"column":76}},"3":{"start":{"line":2,"column":0},"end":{"line":2,"column":56}},"4":{"start":{"line":3,"column":0},"end":{"line":3,"column":52}},"5":{"start":{"line":4,"column":0},"end":{"line":4,"column":45}},"6":{"start":{"line":5,"column":0},"end":{"line":5,"column":28}},"7":{"start":{"line":7,"column":22},"end":{"line":7,"column":26}},"8":{"start":{"line":12,"column":2},"end":{"line":12,"column":22}},"9":{"start":{"line":12,"column":11},"end":{"line":12,"column":22}},"10":{"start":{"line":13,"column":2},"end":{"line":16,"column":3}},"11":{"start":{"line":14,"column":4},"end":{"line":14,"column":24}},"12":{"start":{"line":15,"column":4},"end":{"line":15,"column":15}},"13":{"start":{"line":18,"column":2},"end":{"line":20,"column":3}},"14":{"start":{"line":19,"column":4},"end":{"line":19,"column":95}},"15":{"start":{"line":22,"column":2},"end":{"line":30,"column":5}},"16":{"start":{"line":31,"column":2},"end":{"line":31,"column":13}},"17":{"start":{"line":35,"column":2},"end":{"line":35,"column":47}},"18":{"start":{"line":39,"column":2},"end":{"line":39,"column":40}}},"fnMap":{"0":{"name":"getFirebaseApp","decl":{"start":{"line":11,"column":9},"end":{"line":11,"column":23}},"loc":{"start":{"line":11,"column":23},"end":{"line":32,"column":1}}},"1":{"name":"getEvidenceBucket","decl":{"start":{"line":34,"column":16},"end":{"line":34,"column":33}},"loc":{"start":{"line":34,"column":33},"end":{"line":36,"column":1}}},"2":{"name":"getFirebaseMessaging","decl":{"start":{"line":38,"column":16},"end":{"line":38,"column":36}},"loc":{"start":{"line":38,"column":36},"end":{"line":40,"column":1}}}},"branchMap":{"0":{"loc":{"start":{"line":12,"column":2},"end":{"line":12,"column":22}},"type":"if","locations":[{"start":{"line":12,"column":2},"end":{"line":12,"column":22}},{"start":{},"end":{}}]},"1":{"loc":{"start":{"line":13,"column":2},"end":{"line":16,"column":3}},"type":"if","locations":[{"start":{"line":13,"column":2},"end":{"line":16,"column":3}},{"start":{},"end":{}}]},"2":{"loc":{"start":{"line":18,"column":2},"end":{"line":20,"column":3}},"type":"if","locations":[{"start":{"line":18,"column":2},"end":{"line":20,"column":3}},{"start":{},"end":{}}]},"3":{"loc":{"start":{"line":18,"column":6},"end":{"line":18,"column":121}},"type":"binary-expr","locations":[{"start":{"line":18,"column":6},"end":{"line":18,"column":30}},{"start":{"line":18,"column":34},"end":{"line":18,"column":60}},{"start":{"line":18,"column":64},"end":{"line":18,"column":89}},{"start":{"line":18,"column":93},"end":{"line":18,"column":121}}]}},"s":{"0":26,"1":26,"2":26,"3":26,"4":26,"5":26,"6":26,"7":26,"8":0,"9":0,"10":0,"11":0,"12":0,"13":0,"14":0,"15":0,"16":0,"17":0,"18":0},"f":{"0":0,"1":0,"2":0},"b":{"0":[0,0],"1":[0,0],"2":[0,0],"3":[0,0,0,0]}}
,"C:\\Documents\\sep490\\sep490-backend-api\\src\\config\\zodLocale.ts": {"path":"C:\\Documents\\sep490\\sep490-backend-api\\src\\config\\zodLocale.ts","statementMap":{"0":{"start":{"line":1,"column":0},"end":{"line":1,"column":24}},"1":{"start":{"line":2,"column":0},"end":{"line":2,"column":33}},"2":{"start":{"line":8,"column":0},"end":{"line":8,"column":15}}},"fnMap":{},"branchMap":{},"s":{"0":27,"1":27,"2":27},"f":{},"b":{}}
,"C:\\Documents\\sep490\\sep490-backend-api\\src\\db\\prisma.ts": {"path":"C:\\Documents\\sep490\\sep490-backend-api\\src\\db\\prisma.ts","statementMap":{"0":{"start":{"line":1,"column":0},"end":{"line":1,"column":46}},"1":{"start":{"line":2,"column":0},"end":{"line":2,"column":39}},"2":{"start":{"line":4,"column":13},"end":{"line":6,"column":3}}},"fnMap":{},"branchMap":{"0":{"loc":{"start":{"line":5,"column":7},"end":{"line":5,"column":45}},"type":"cond-expr","locations":[{"start":{"line":5,"column":16},"end":{"line":5,"column":25}},{"start":{"line":5,"column":28},"end":{"line":5,"column":45}}]}},"s":{"0":28,"1":28,"2":28},"f":{},"b":{"0":[0,28]}}
,"C:\\Documents\\sep490\\sep490-backend-api\\src\\middleware\\auth.ts": {"path":"C:\\Documents\\sep490\\sep490-backend-api\\src\\middleware\\auth.ts","statementMap":{"0":{"start":{"line":19,"column":0},"end":{"line":19,"column":16}},"1":{"start":{"line":47,"column":0},"end":{"line":47,"column":16}},"2":{"start":{"line":2,"column":0},"end":{"line":2,"column":31}},"3":{"start":{"line":3,"column":0},"end":{"line":3,"column":45}},"4":{"start":{"line":4,"column":0},"end":{"line":4,"column":36}},"5":{"start":{"line":9,"column":82},"end":{"line":12,"column":2}},"6":{"start":{"line":15,"column":15},"end":{"line":15,"column":44}},"7":{"start":{"line":16,"column":2},"end":{"line":16,"column":117}},"8":{"start":{"line":16,"column":69},"end":{"line":16,"column":115}},"9":{"start":{"line":20,"column":17},"end":{"line":20,"column":42}},"10":{"start":{"line":21,"column":2},"end":{"line":23,"column":3}},"11":{"start":{"line":22,"column":4},"end":{"line":22,"column":82}},"12":{"start":{"line":25,"column":16},"end":{"line":25,"column":46}},"13":{"start":{"line":26,"column":2},"end":{"line":44,"column":3}},"14":{"start":{"line":27,"column":20},"end":{"line":27,"column":96}},"15":{"start":{"line":28,"column":4},"end":{"line":30,"column":5}},"16":{"start":{"line":29,"column":6},"end":{"line":29,"column":72}},"17":{"start":{"line":31,"column":4},"end":{"line":31,"column":111}},"18":{"start":{"line":33,"column":4},"end":{"line":39,"column":5}},"19":{"start":{"line":34,"column":6},"end":{"line":38,"column":8}},"20":{"start":{"line":41,"column":4},"end":{"line":41,"column":11}},"21":{"start":{"line":43,"column":4},"end":{"line":43,"column":79}},"22":{"start":{"line":48,"column":2},"end":{"line":52,"column":4}},"23":{"start":{"line":49,"column":4},"end":{"line":49,"column":56}},"24":{"start":{"line":49,"column":19},"end":{"line":49,"column":56}},"25":{"start":{"line":50,"column":4},"end":{"line":50,"column":120}},"26":{"start":{"line":50,"column":40},"end":{"line":50,"column":120}},"27":{"start":{"line":51,"column":4},"end":{"line":51,"column":11}}},"fnMap":{"0":{"name":"isAllowedWhileMustChangePassword","decl":{"start":{"line":14,"column":9},"end":{"line":14,"column":41}},"loc":{"start":{"line":14,"column":54},"end":{"line":17,"column":1}}},"1":{"name":"(anonymous_2)","decl":{"start":{"line":16,"column":45},"end":{"line":16,"column":46}},"loc":{"start":{"line":16,"column":69},"end":{"line":16,"column":115}}},"2":{"name":"requireAuth","decl":{"start":{"line":19,"column":16},"end":{"line":19,"column":27}},"loc":{"start":{"line":19,"column":76},"end":{"line":45,"column":1}}},"3":{"name":"requireRole","decl":{"start":{"line":47,"column":16},"end":{"line":47,"column":27}},"loc":{"start":{"line":47,"column":48},"end":{"line":53,"column":1}}},"4":{"name":"(anonymous_5)","decl":{"start":{"line":48,"column":9},"end":{"line":48,"column":10}},"loc":{"start":{"line":48,"column":62},"end":{"line":52,"column":3}}}},"branchMap":{"0":{"loc":{"start":{"line":16,"column":69},"end":{"line":16,"column":115}},"type":"binary-expr","locations":[{"start":{"line":16,"column":69},"end":{"line":16,"column":90}},{"start":{"line":16,"column":94},"end":{"line":16,"column":115}}]},"1":{"loc":{"start":{"line":21,"column":2},"end":{"line":23,"column":3}},"type":"if","locations":[{"start":{"line":21,"column":2},"end":{"line":23,"column":3}},{"start":{},"end":{}}]},"2":{"loc":{"start":{"line":28,"column":4},"end":{"line":30,"column":5}},"type":"if","locations":[{"start":{"line":28,"column":4},"end":{"line":30,"column":5}},{"start":{},"end":{}}]},"3":{"loc":{"start":{"line":28,"column":8},"end":{"line":28,"column":36}},"type":"binary-expr","locations":[{"start":{"line":28,"column":8},"end":{"line":28,"column":19}},{"start":{"line":28,"column":23},"end":{"line":28,"column":36}}]},"4":{"loc":{"start":{"line":33,"column":4},"end":{"line":39,"column":5}},"type":"if","locations":[{"start":{"line":33,"column":4},"end":{"line":39,"column":5}},{"start":{},"end":{}}]},"5":{"loc":{"start":{"line":33,"column":8},"end":{"line":33,"column":77}},"type":"binary-expr","locations":[{"start":{"line":33,"column":8},"end":{"line":33,"column":35}},{"start":{"line":33,"column":39},"end":{"line":33,"column":77}}]},"6":{"loc":{"start":{"line":49,"column":4},"end":{"line":49,"column":56}},"type":"if","locations":[{"start":{"line":49,"column":4},"end":{"line":49,"column":56}},{"start":{},"end":{}}]},"7":{"loc":{"start":{"line":50,"column":4},"end":{"line":50,"column":120}},"type":"if","locations":[{"start":{"line":50,"column":4},"end":{"line":50,"column":120}},{"start":{},"end":{}}]}},"s":{"0":27,"1":27,"2":27,"3":27,"4":27,"5":27,"6":3,"7":3,"8":5,"9":297,"10":297,"11":19,"12":278,"13":278,"14":278,"15":278,"16":0,"17":278,"18":278,"19":1,"20":277,"21":0,"22":3537,"23":221,"24":0,"25":221,"26":38,"27":183},"f":{"0":3,"1":5,"2":297,"3":3537,"4":221},"b":{"0":[5,3],"1":[19,278],"2":[0,278],"3":[278,278],"4":[1,277],"5":[278,3],"6":[0,221],"7":[38,183]}}
,"C:\\Documents\\sep490\\sep490-backend-api\\src\\middleware\\error.ts": {"path":"C:\\Documents\\sep490\\sep490-backend-api\\src\\middleware\\error.ts","statementMap":{"0":{"start":{"line":9,"column":0},"end":{"line":9,"column":16}},"1":{"start":{"line":2,"column":0},"end":{"line":2,"column":40}},"2":{"start":{"line":3,"column":0},"end":{"line":3,"column":31}},"3":{"start":{"line":4,"column":0},"end":{"line":4,"column":45}},"4":{"start":{"line":5,"column":0},"end":{"line":5,"column":39}},"5":{"start":{"line":6,"column":0},"end":{"line":6,"column":41}},"6":{"start":{"line":10,"column":2},"end":{"line":16,"column":3}},"7":{"start":{"line":11,"column":4},"end":{"line":11,"column":62}},"8":{"start":{"line":11,"column":27},"end":{"line":11,"column":62}},"9":{"start":{"line":12,"column":4},"end":{"line":15,"column":7}},"10":{"start":{"line":18,"column":2},"end":{"line":23,"column":3}},"11":{"start":{"line":19,"column":4},"end":{"line":22,"column":7}},"12":{"start":{"line":25,"column":2},"end":{"line":42,"column":3}},"13":{"start":{"line":26,"column":4},"end":{"line":31,"column":5}},"14":{"start":{"line":27,"column":6},"end":{"line":30,"column":9}},"15":{"start":{"line":32,"column":4},"end":{"line":37,"column":5}},"16":{"start":{"line":33,"column":6},"end":{"line":36,"column":9}},"17":{"start":{"line":38,"column":4},"end":{"line":41,"column":7}},"18":{"start":{"line":44,"column":2},"end":{"line":49,"column":3}},"19":{"start":{"line":45,"column":4},"end":{"line":48,"column":7}},"20":{"start":{"line":51,"column":2},"end":{"line":51,"column":66}},"21":{"start":{"line":52,"column":18},"end":{"line":52,"column":104}},"22":{"start":{"line":53,"column":2},"end":{"line":56,"column":5}},"23":{"start":{"line":60,"column":2},"end":{"line":60,"column":93}},"24":{"start":{"line":60,"column":36},"end":{"line":60,"column":90}}},"fnMap":{"0":{"name":"errorHandler","decl":{"start":{"line":9,"column":16},"end":{"line":9,"column":28}},"loc":{"start":{"line":9,"column":91},"end":{"line":57,"column":1}}},"1":{"name":"formatZodIssues","decl":{"start":{"line":59,"column":9},"end":{"line":59,"column":24}},"loc":{"start":{"line":59,"column":38},"end":{"line":61,"column":1}}},"2":{"name":"(anonymous_2)","decl":{"start":{"line":60,"column":24},"end":{"line":60,"column":25}},"loc":{"start":{"line":60,"column":36},"end":{"line":60,"column":90}}}},"branchMap":{"0":{"loc":{"start":{"line":10,"column":2},"end":{"line":16,"column":3}},"type":"if","locations":[{"start":{"line":10,"column":2},"end":{"line":16,"column":3}},{"start":{},"end":{}}]},"1":{"loc":{"start":{"line":11,"column":4},"end":{"line":11,"column":62}},"type":"if","locations":[{"start":{"line":11,"column":4},"end":{"line":11,"column":62}},{"start":{},"end":{}}]},"2":{"loc":{"start":{"line":18,"column":2},"end":{"line":23,"column":3}},"type":"if","locations":[{"start":{"line":18,"column":2},"end":{"line":23,"column":3}},{"start":{},"end":{}}]},"3":{"loc":{"start":{"line":25,"column":2},"end":{"line":42,"column":3}},"type":"if","locations":[{"start":{"line":25,"column":2},"end":{"line":42,"column":3}},{"start":{},"end":{}}]},"4":{"loc":{"start":{"line":26,"column":4},"end":{"line":31,"column":5}},"type":"if","locations":[{"start":{"line":26,"column":4},"end":{"line":31,"column":5}},{"start":{},"end":{}}]},"5":{"loc":{"start":{"line":32,"column":4},"end":{"line":37,"column":5}},"type":"if","locations":[{"start":{"line":32,"column":4},"end":{"line":37,"column":5}},{"start":{},"end":{}}]},"6":{"loc":{"start":{"line":40,"column":78},"end":{"line":40,"column":110}},"type":"cond-expr","locations":[{"start":{"line":40,"column":87},"end":{"line":40,"column":96}},{"start":{"line":40,"column":99},"end":{"line":40,"column":110}}]},"7":{"loc":{"start":{"line":44,"column":2},"end":{"line":49,"column":3}},"type":"if","locations":[{"start":{"line":44,"column":2},"end":{"line":49,"column":3}},{"start":{},"end":{}}]},"8":{"loc":{"start":{"line":52,"column":18},"end":{"line":52,"column":104}},"type":"cond-expr","locations":[{"start":{"line":52,"column":54},"end":{"line":52,"column":90}},{"start":{"line":52,"column":93},"end":{"line":52,"column":104}}]},"9":{"loc":{"start":{"line":52,"column":18},"end":{"line":52,"column":51}},"type":"binary-expr","locations":[{"start":{"line":52,"column":18},"end":{"line":52,"column":24}},{"start":{"line":52,"column":28},"end":{"line":52,"column":51}}]}},"s":{"0":27,"1":27,"2":27,"3":27,"4":27,"5":27,"6":176,"7":127,"8":0,"9":127,"10":49,"11":49,"12":0,"13":0,"14":0,"15":0,"16":0,"17":0,"18":0,"19":0,"20":0,"21":0,"22":0,"23":49,"24":61},"f":{"0":176,"1":49,"2":61},"b":{"0":[127,49],"1":[0,127],"2":[49,0],"3":[0,0],"4":[0,0],"5":[0,0],"6":[0,0],"7":[0,0],"8":[0,0],"9":[0,0]}}
,"C:\\Documents\\sep490\\sep490-backend-api\\src\\middleware\\notFound.ts": {"path":"C:\\Documents\\sep490\\sep490-backend-api\\src\\middleware\\notFound.ts","statementMap":{"0":{"start":{"line":4,"column":0},"end":{"line":4,"column":16}},"1":{"start":{"line":2,"column":0},"end":{"line":2,"column":45}},"2":{"start":{"line":5,"column":2},"end":{"line":5,"column":88}}},"fnMap":{"0":{"name":"notFound","decl":{"start":{"line":4,"column":16},"end":{"line":4,"column":24}},"loc":{"start":{"line":4,"column":73},"end":{"line":6,"column":1}}}},"branchMap":{},"s":{"0":27,"1":27,"2":0},"f":{"0":0},"b":{}}
,"C:\\Documents\\sep490\\sep490-backend-api\\src\\middleware\\validate.ts": {"path":"C:\\Documents\\sep490\\sep490-backend-api\\src\\middleware\\validate.ts","statementMap":{"0":{"start":{"line":10,"column":0},"end":{"line":10,"column":16}},"1":{"start":{"line":11,"column":2},"end":{"line":27,"column":4}},"2":{"start":{"line":12,"column":19},"end":{"line":12,"column":46}},"3":{"start":{"line":13,"column":4},"end":{"line":15,"column":5}},"4":{"start":{"line":14,"column":6},"end":{"line":14,"column":32}},"5":{"start":{"line":16,"column":4},"end":{"line":25,"column":5}},"6":{"start":{"line":17,"column":6},"end":{"line":22,"column":9}},"7":{"start":{"line":24,"column":6},"end":{"line":24,"column":30}},"8":{"start":{"line":26,"column":4},"end":{"line":26,"column":11}}},"fnMap":{"0":{"name":"validate","decl":{"start":{"line":10,"column":16},"end":{"line":10,"column":24}},"loc":{"start":{"line":10,"column":68},"end":{"line":28,"column":1}}},"1":{"name":"(anonymous_1)","decl":{"start":{"line":11,"column":9},"end":{"line":11,"column":10}},"loc":{"start":{"line":11,"column":62},"end":{"line":27,"column":3}}}},"branchMap":{"0":{"loc":{"start":{"line":10,"column":42},"end":{"line":10,"column":68}},"type":"default-arg","locations":[{"start":{"line":10,"column":62},"end":{"line":10,"column":68}}]},"1":{"loc":{"start":{"line":13,"column":4},"end":{"line":15,"column":5}},"type":"if","locations":[{"start":{"line":13,"column":4},"end":{"line":15,"column":5}},{"start":{},"end":{}}]},"2":{"loc":{"start":{"line":16,"column":4},"end":{"line":25,"column":5}},"type":"if","locations":[{"start":{"line":16,"column":4},"end":{"line":25,"column":5}},{"start":{"line":23,"column":11},"end":{"line":25,"column":5}}]}},"s":{"0":27,"1":5400,"2":299,"3":299,"4":49,"5":250,"6":27,"7":223,"8":250},"f":{"0":5400,"1":299},"b":{"0":[81],"1":[49,250],"2":[27,223]}}
,"C:\\Documents\\sep490\\sep490-backend-api\\src\\modules\\identity\\auth.controller.ts": {"path":"C:\\Documents\\sep490\\sep490-backend-api\\src\\modules\\identity\\auth.controller.ts","statementMap":{"0":{"start":{"line":2,"column":0},"end":{"line":2,"column":48}},"1":{"start":{"line":3,"column":0},"end":{"line":3,"column":42}},"2":{"start":{"line":4,"column":0},"end":{"line":4,"column":45}},"3":{"start":{"line":14,"column":15},"end":{"line":14,"column":36}},"4":{"start":{"line":15,"column":17},"end":{"line":15,"column":46}},"5":{"start":{"line":16,"column":2},"end":{"line":16,"column":18}},"6":{"start":{"line":20,"column":15},"end":{"line":20,"column":45}},"7":{"start":{"line":21,"column":2},"end":{"line":21,"column":50}},"8":{"start":{"line":22,"column":2},"end":{"line":22,"column":16}},"9":{"start":{"line":26,"column":15},"end":{"line":26,"column":44}},"10":{"start":{"line":27,"column":2},"end":{"line":27,"column":46}},"11":{"start":{"line":28,"column":2},"end":{"line":28,"column":99}},"12":{"start":{"line":32,"column":2},"end":{"line":32,"column":47}},"13":{"start":{"line":32,"column":17},"end":{"line":32,"column":47}},"14":{"start":{"line":33,"column":18},"end":{"line":33,"column":59}},"15":{"start":{"line":34,"column":2},"end":{"line":34,"column":19}},"16":{"start":{"line":38,"column":2},"end":{"line":38,"column":47}},"17":{"start":{"line":38,"column":17},"end":{"line":38,"column":47}},"18":{"start":{"line":39,"column":15},"end":{"line":39,"column":44}},"19":{"start":{"line":40,"column":18},"end":{"line":40,"column":68}},"20":{"start":{"line":41,"column":2},"end":{"line":41,"column":19}},"21":{"start":{"line":45,"column":2},"end":{"line":45,"column":47}},"22":{"start":{"line":45,"column":17},"end":{"line":45,"column":47}},"23":{"start":{"line":46,"column":15},"end":{"line":46,"column":45}},"24":{"start":{"line":47,"column":2},"end":{"line":47,"column":54}},"25":{"start":{"line":48,"column":2},"end":{"line":48,"column":16}},"26":{"start":{"line":51,"column":13},"end":{"line":58,"column":2}}},"fnMap":{"0":{"name":"login","decl":{"start":{"line":13,"column":15},"end":{"line":13,"column":20}},"loc":{"start":{"line":13,"column":48},"end":{"line":17,"column":1}}},"1":{"name":"forgotPassword","decl":{"start":{"line":19,"column":15},"end":{"line":19,"column":29}},"loc":{"start":{"line":19,"column":57},"end":{"line":23,"column":1}}},"2":{"name":"resetPassword","decl":{"start":{"line":25,"column":15},"end":{"line":25,"column":28}},"loc":{"start":{"line":25,"column":56},"end":{"line":29,"column":1}}},"3":{"name":"getProfile","decl":{"start":{"line":31,"column":15},"end":{"line":31,"column":25}},"loc":{"start":{"line":31,"column":53},"end":{"line":35,"column":1}}},"4":{"name":"updateProfile","decl":{"start":{"line":37,"column":15},"end":{"line":37,"column":28}},"loc":{"start":{"line":37,"column":56},"end":{"line":42,"column":1}}},"5":{"name":"changePassword","decl":{"start":{"line":44,"column":15},"end":{"line":44,"column":29}},"loc":{"start":{"line":44,"column":57},"end":{"line":49,"column":1}}}},"branchMap":{"0":{"loc":{"start":{"line":32,"column":2},"end":{"line":32,"column":47}},"type":"if","locations":[{"start":{"line":32,"column":2},"end":{"line":32,"column":47}},{"start":{},"end":{}}]},"1":{"loc":{"start":{"line":38,"column":2},"end":{"line":38,"column":47}},"type":"if","locations":[{"start":{"line":38,"column":2},"end":{"line":38,"column":47}},{"start":{},"end":{}}]},"2":{"loc":{"start":{"line":45,"column":2},"end":{"line":45,"column":47}},"type":"if","locations":[{"start":{"line":45,"column":2},"end":{"line":45,"column":47}},{"start":{},"end":{}}]}},"s":{"0":27,"1":27,"2":27,"3":4,"4":4,"5":2,"6":3,"7":3,"8":3,"9":2,"10":2,"11":2,"12":2,"13":0,"14":2,"15":2,"16":4,"17":0,"18":4,"19":4,"20":2,"21":3,"22":0,"23":3,"24":3,"25":2,"26":27},"f":{"0":4,"1":3,"2":2,"3":2,"4":4,"5":3},"b":{"0":[0,2],"1":[0,4],"2":[0,3]}}
,"C:\\Documents\\sep490\\sep490-backend-api\\src\\modules\\identity\\auth.routes.ts": {"path":"C:\\Documents\\sep490\\sep490-backend-api\\src\\modules\\identity\\auth.routes.ts","statementMap":{"0":{"start":{"line":1,"column":0},"end":{"line":1,"column":33}},"1":{"start":{"line":2,"column":0},"end":{"line":2,"column":52}},"2":{"start":{"line":3,"column":0},"end":{"line":3,"column":53}},"3":{"start":{"line":4,"column":0},"end":{"line":4,"column":56}},"4":{"start":{"line":5,"column":0},"end":{"line":5,"column":51}},"5":{"start":{"line":6,"column":0},"end":{"line":6,"column":null}},"6":{"start":{"line":14,"column":15},"end":{"line":14,"column":23}},"7":{"start":{"line":16,"column":0},"end":{"line":16,"column":93}},"8":{"start":{"line":18,"column":0},"end":{"line":22,"column":2}},"9":{"start":{"line":24,"column":0},"end":{"line":28,"column":2}},"10":{"start":{"line":30,"column":0},"end":{"line":30,"column":77}},"11":{"start":{"line":32,"column":0},"end":{"line":37,"column":2}},"12":{"start":{"line":39,"column":0},"end":{"line":44,"column":2}},"13":{"start":{"line":46,"column":0},"end":{"line":46,"column":22}}},"fnMap":{},"branchMap":{},"s":{"0":27,"1":27,"2":27,"3":27,"4":27,"5":27,"6":27,"7":27,"8":27,"9":27,"10":27,"11":27,"12":27,"13":27},"f":{},"b":{}}
,"C:\\Documents\\sep490\\sep490-backend-api\\src\\modules\\identity\\auth.service.ts": {"path":"C:\\Documents\\sep490\\sep490-backend-api\\src\\modules\\identity\\auth.service.ts","statementMap":{"0":{"start":{"line":1,"column":0},"end":{"line":1,"column":28}},"1":{"start":{"line":2,"column":0},"end":{"line":2,"column":31}},"2":{"start":{"line":4,"column":0},"end":{"line":4,"column":39}},"3":{"start":{"line":5,"column":0},"end":{"line":5,"column":48}},"4":{"start":{"line":6,"column":0},"end":{"line":6,"column":44}},"5":{"start":{"line":7,"column":0},"end":{"line":7,"column":47}},"6":{"start":{"line":8,"column":0},"end":{"line":8,"column":127}},"7":{"start":{"line":9,"column":0},"end":{"line":9,"column":51}},"8":{"start":{"line":16,"column":73},"end":{"line":20,"column":2}},"9":{"start":{"line":22,"column":54},"end":{"line":26,"column":2}},"10":{"start":{"line":52,"column":2},"end":{"line":59,"column":4}},"11":{"start":{"line":63,"column":2},"end":{"line":71,"column":4}},"12":{"start":{"line":75,"column":2},"end":{"line":79,"column":4}},"13":{"start":{"line":83,"column":15},"end":{"line":83,"column":65}},"14":{"start":{"line":84,"column":2},"end":{"line":87,"column":3}},"15":{"start":{"line":86,"column":4},"end":{"line":86,"column":67}},"16":{"start":{"line":89,"column":26},"end":{"line":89,"column":80}},"17":{"start":{"line":90,"column":2},"end":{"line":92,"column":3}},"18":{"start":{"line":91,"column":4},"end":{"line":91,"column":67}},"19":{"start":{"line":94,"column":2},"end":{"line":96,"column":3}},"20":{"start":{"line":95,"column":4},"end":{"line":95,"column":70}},"21":{"start":{"line":98,"column":2},"end":{"line":98,"column":57}},"22":{"start":{"line":102,"column":2},"end":{"line":106,"column":4}},"23":{"start":{"line":113,"column":2},"end":{"line":113,"column":26}},"24":{"start":{"line":113,"column":19},"end":{"line":113,"column":26}},"25":{"start":{"line":115,"column":22},"end":{"line":115,"column":44}},"26":{"start":{"line":116,"column":23},"end":{"line":116,"column":69}},"27":{"start":{"line":117,"column":2},"end":{"line":117,"column":69}},"28":{"start":{"line":118,"column":2},"end":{"line":118,"column":111}},"29":{"start":{"line":119,"column":2},"end":{"line":119,"column":68}},"30":{"start":{"line":124,"column":15},"end":{"line":124,"column":60}},"31":{"start":{"line":125,"column":2},"end":{"line":125,"column":48}},"32":{"start":{"line":125,"column":12},"end":{"line":125,"column":48}},"33":{"start":{"line":130,"column":15},"end":{"line":130,"column":54}},"34":{"start":{"line":131,"column":2},"end":{"line":131,"column":48}},"35":{"start":{"line":131,"column":12},"end":{"line":131,"column":48}},"36":{"start":{"line":135,"column":15},"end":{"line":135,"column":52}},"37":{"start":{"line":136,"column":2},"end":{"line":136,"column":66}},"38":{"start":{"line":136,"column":13},"end":{"line":136,"column":66}},"39":{"start":{"line":137,"column":2},"end":{"line":137,"column":26}},"40":{"start":{"line":141,"column":19},"end":{"line":141,"column":56}},"41":{"start":{"line":142,"column":2},"end":{"line":142,"column":70}},"42":{"start":{"line":142,"column":17},"end":{"line":142,"column":70}},"43":{"start":{"line":144,"column":2},"end":{"line":149,"column":3}},"44":{"start":{"line":145,"column":23},"end":{"line":145,"column":67}},"45":{"start":{"line":146,"column":4},"end":{"line":148,"column":5}},"46":{"start":{"line":147,"column":6},"end":{"line":147,"column":82}},"47":{"start":{"line":151,"column":2},"end":{"line":156,"column":3}},"48":{"start":{"line":152,"column":23},"end":{"line":152,"column":67}},"49":{"start":{"line":153,"column":4},"end":{"line":155,"column":5}},"50":{"start":{"line":154,"column":6},"end":{"line":154,"column":74}},"51":{"start":{"line":158,"column":39},"end":{"line":158,"column":41}},"52":{"start":{"line":159,"column":2},"end":{"line":159,"column":65}},"53":{"start":{"line":159,"column":35},"end":{"line":159,"column":65}},"54":{"start":{"line":160,"column":2},"end":{"line":160,"column":56}},"55":{"start":{"line":160,"column":32},"end":{"line":160,"column":56}},"56":{"start":{"line":161,"column":2},"end":{"line":161,"column":56}},"57":{"start":{"line":161,"column":32},"end":{"line":161,"column":56}},"58":{"start":{"line":162,"column":2},"end":{"line":162,"column":50}},"59":{"start":{"line":162,"column":30},"end":{"line":162,"column":50}},"60":{"start":{"line":163,"column":2},"end":{"line":163,"column":68}},"61":{"start":{"line":163,"column":36},"end":{"line":163,"column":68}},"62":{"start":{"line":165,"column":18},"end":{"line":165,"column":59}},"63":{"start":{"line":166,"column":2},"end":{"line":166,"column":29}},"64":{"start":{"line":170,"column":15},"end":{"line":170,"column":52}},"65":{"start":{"line":171,"column":2},"end":{"line":171,"column":66}},"66":{"start":{"line":171,"column":13},"end":{"line":171,"column":66}},"67":{"start":{"line":173,"column":29},"end":{"line":173,"column":86}},"68":{"start":{"line":174,"column":2},"end":{"line":176,"column":3}},"69":{"start":{"line":175,"column":4},"end":{"line":175,"column":62}},"70":{"start":{"line":178,"column":23},"end":{"line":178,"column":59}},"71":{"start":{"line":179,"column":2},"end":{"line":179,"column":64}},"72":{"start":{"line":182,"column":13},"end":{"line":189,"column":2}}},"fnMap":{"0":{"name":"mapUser","decl":{"start":{"line":51,"column":9},"end":{"line":51,"column":16}},"loc":{"start":{"line":51,"column":27},"end":{"line":60,"column":1}}},"1":{"name":"mapProfile","decl":{"start":{"line":62,"column":9},"end":{"line":62,"column":19}},"loc":{"start":{"line":62,"column":30},"end":{"line":72,"column":1}}},"2":{"name":"signToken","decl":{"start":{"line":74,"column":9},"end":{"line":74,"column":18}},"loc":{"start":{"line":74,"column":29},"end":{"line":80,"column":1}}},"3":{"name":"login","decl":{"start":{"line":82,"column":15},"end":{"line":82,"column":20}},"loc":{"start":{"line":82,"column":36},"end":{"line":99,"column":1}}},"4":{"name":"buildResetPasswordEmailHtml","decl":{"start":{"line":101,"column":9},"end":{"line":101,"column":36}},"loc":{"start":{"line":101,"column":74},"end":{"line":107,"column":1}}},"5":{"name":"issuePasswordResetEmail","decl":{"start":{"line":112,"column":15},"end":{"line":112,"column":38}},"loc":{"start":{"line":112,"column":49},"end":{"line":120,"column":1}}},"6":{"name":"forgotPassword","decl":{"start":{"line":123,"column":15},"end":{"line":123,"column":29}},"loc":{"start":{"line":123,"column":46},"end":{"line":126,"column":1}}},"7":{"name":"resetPassword","decl":{"start":{"line":129,"column":15},"end":{"line":129,"column":28}},"loc":{"start":{"line":129,"column":42},"end":{"line":132,"column":1}}},"8":{"name":"getProfile","decl":{"start":{"line":134,"column":15},"end":{"line":134,"column":25}},"loc":{"start":{"line":134,"column":40},"end":{"line":138,"column":1}}},"9":{"name":"updateProfile","decl":{"start":{"line":140,"column":15},"end":{"line":140,"column":28}},"loc":{"start":{"line":140,"column":68},"end":{"line":167,"column":1}}},"10":{"name":"changePassword","decl":{"start":{"line":169,"column":15},"end":{"line":169,"column":29}},"loc":{"start":{"line":169,"column":70},"end":{"line":180,"column":1}}}},"branchMap":{"0":{"loc":{"start":{"line":84,"column":2},"end":{"line":87,"column":3}},"type":"if","locations":[{"start":{"line":84,"column":2},"end":{"line":87,"column":3}},{"start":{},"end":{}}]},"1":{"loc":{"start":{"line":90,"column":2},"end":{"line":92,"column":3}},"type":"if","locations":[{"start":{"line":90,"column":2},"end":{"line":92,"column":3}},{"start":{},"end":{}}]},"2":{"loc":{"start":{"line":94,"column":2},"end":{"line":96,"column":3}},"type":"if","locations":[{"start":{"line":94,"column":2},"end":{"line":96,"column":3}},{"start":{},"end":{}}]},"3":{"loc":{"start":{"line":113,"column":2},"end":{"line":113,"column":26}},"type":"if","locations":[{"start":{"line":113,"column":2},"end":{"line":113,"column":26}},{"start":{},"end":{}}]},"4":{"loc":{"start":{"line":125,"column":2},"end":{"line":125,"column":48}},"type":"if","locations":[{"start":{"line":125,"column":2},"end":{"line":125,"column":48}},{"start":{},"end":{}}]},"5":{"loc":{"start":{"line":131,"column":2},"end":{"line":131,"column":48}},"type":"if","locations":[{"start":{"line":131,"column":2},"end":{"line":131,"column":48}},{"start":{},"end":{}}]},"6":{"loc":{"start":{"line":136,"column":2},"end":{"line":136,"column":66}},"type":"if","locations":[{"start":{"line":136,"column":2},"end":{"line":136,"column":66}},{"start":{},"end":{}}]},"7":{"loc":{"start":{"line":142,"column":2},"end":{"line":142,"column":70}},"type":"if","locations":[{"start":{"line":142,"column":2},"end":{"line":142,"column":70}},{"start":{},"end":{}}]},"8":{"loc":{"start":{"line":144,"column":2},"end":{"line":149,"column":3}},"type":"if","locations":[{"start":{"line":144,"column":2},"end":{"line":149,"column":3}},{"start":{},"end":{}}]},"9":{"loc":{"start":{"line":144,"column":6},"end":{"line":144,"column":63}},"type":"binary-expr","locations":[{"start":{"line":144,"column":6},"end":{"line":144,"column":30}},{"start":{"line":144,"column":34},"end":{"line":144,"column":63}}]},"10":{"loc":{"start":{"line":146,"column":4},"end":{"line":148,"column":5}},"type":"if","locations":[{"start":{"line":146,"column":4},"end":{"line":148,"column":5}},{"start":{},"end":{}}]},"11":{"loc":{"start":{"line":146,"column":8},"end":{"line":146,"column":50}},"type":"binary-expr","locations":[{"start":{"line":146,"column":8},"end":{"line":146,"column":18}},{"start":{"line":146,"column":22},"end":{"line":146,"column":50}}]},"12":{"loc":{"start":{"line":151,"column":2},"end":{"line":156,"column":3}},"type":"if","locations":[{"start":{"line":151,"column":2},"end":{"line":156,"column":3}},{"start":{},"end":{}}]},"13":{"loc":{"start":{"line":151,"column":6},"end":{"line":151,"column":63}},"type":"binary-expr","locations":[{"start":{"line":151,"column":6},"end":{"line":151,"column":30}},{"start":{"line":151,"column":34},"end":{"line":151,"column":63}}]},"14":{"loc":{"start":{"line":153,"column":4},"end":{"line":155,"column":5}},"type":"if","locations":[{"start":{"line":153,"column":4},"end":{"line":155,"column":5}},{"start":{},"end":{}}]},"15":{"loc":{"start":{"line":153,"column":8},"end":{"line":153,"column":50}},"type":"binary-expr","locations":[{"start":{"line":153,"column":8},"end":{"line":153,"column":18}},{"start":{"line":153,"column":22},"end":{"line":153,"column":50}}]},"16":{"loc":{"start":{"line":159,"column":2},"end":{"line":159,"column":65}},"type":"if","locations":[{"start":{"line":159,"column":2},"end":{"line":159,"column":65}},{"start":{},"end":{}}]},"17":{"loc":{"start":{"line":160,"column":2},"end":{"line":160,"column":56}},"type":"if","locations":[{"start":{"line":160,"column":2},"end":{"line":160,"column":56}},{"start":{},"end":{}}]},"18":{"loc":{"start":{"line":161,"column":2},"end":{"line":161,"column":56}},"type":"if","locations":[{"start":{"line":161,"column":2},"end":{"line":161,"column":56}},{"start":{},"end":{}}]},"19":{"loc":{"start":{"line":162,"column":2},"end":{"line":162,"column":50}},"type":"if","locations":[{"start":{"line":162,"column":2},"end":{"line":162,"column":50}},{"start":{},"end":{}}]},"20":{"loc":{"start":{"line":163,"column":2},"end":{"line":163,"column":68}},"type":"if","locations":[{"start":{"line":163,"column":2},"end":{"line":163,"column":68}},{"start":{},"end":{}}]},"21":{"loc":{"start":{"line":171,"column":2},"end":{"line":171,"column":66}},"type":"if","locations":[{"start":{"line":171,"column":2},"end":{"line":171,"column":66}},{"start":{},"end":{}}]},"22":{"loc":{"start":{"line":174,"column":2},"end":{"line":176,"column":3}},"type":"if","locations":[{"start":{"line":174,"column":2},"end":{"line":176,"column":3}},{"start":{},"end":{}}]}},"s":{"0":28,"1":28,"2":28,"3":28,"4":28,"5":28,"6":28,"7":28,"8":28,"9":28,"10":12,"11":7,"12":5,"13":10,"14":10,"15":1,"16":9,"17":9,"18":2,"19":7,"20":2,"21":5,"22":6,"23":7,"24":1,"25":6,"26":6,"27":6,"28":6,"29":5,"30":6,"31":6,"32":4,"33":5,"34":5,"35":3,"36":4,"37":4,"38":1,"39":3,"40":8,"41":8,"42":1,"43":7,"44":2,"45":2,"46":2,"47":5,"48":2,"49":2,"50":1,"51":4,"52":4,"53":2,"54":4,"55":1,"56":4,"57":1,"58":4,"59":0,"60":4,"61":0,"62":4,"63":4,"64":5,"65":5,"66":0,"67":5,"68":5,"69":2,"70":3,"71":3,"72":28},"f":{"0":12,"1":7,"2":5,"3":10,"4":6,"5":7,"6":6,"7":5,"8":4,"9":8,"10":5},"b":{"0":[1,9],"1":[2,7],"2":[2,5],"3":[1,6],"4":[4,2],"5":[3,2],"6":[1,3],"7":[1,7],"8":[2,5],"9":[7,3],"10":[2,0],"11":[2,2],"12":[2,3],"13":[5,2],"14":[1,1],"15":[2,1],"16":[2,2],"17":[1,3],"18":[1,3],"19":[0,4],"20":[0,4],"21":[0,5],"22":[2,3]}}
,"C:\\Documents\\sep490\\sep490-backend-api\\src\\modules\\identity\\auth.validators.ts": {"path":"C:\\Documents\\sep490\\sep490-backend-api\\src\\modules\\identity\\auth.validators.ts","statementMap":{"0":{"start":{"line":1,"column":0},"end":{"line":1,"column":24}},"1":{"start":{"line":3,"column":13},"end":{"line":6,"column":3}},"2":{"start":{"line":8,"column":13},"end":{"line":10,"column":3}},"3":{"start":{"line":14,"column":13},"end":{"line":16,"column":3}},"4":{"start":{"line":18,"column":13},"end":{"line":24,"column":3}},"5":{"start":{"line":26,"column":13},"end":{"line":35,"column":5}},"6":{"start":{"line":32,"column":20},"end":{"line":32,"column":64}}},"fnMap":{"0":{"name":"(anonymous_0)","decl":{"start":{"line":32,"column":10},"end":{"line":32,"column":11}},"loc":{"start":{"line":32,"column":20},"end":{"line":32,"column":64}}}},"branchMap":{},"s":{"0":27,"1":27,"2":27,"3":27,"4":27,"5":27,"6":4},"f":{"0":4},"b":{}}
,"C:\\Documents\\sep490\\sep490-backend-api\\src\\modules\\identity\\employee.controller.ts": {"path":"C:\\Documents\\sep490\\sep490-backend-api\\src\\modules\\identity\\employee.controller.ts","statementMap":{"0":{"start":{"line":2,"column":0},"end":{"line":2,"column":51}},"1":{"start":{"line":3,"column":0},"end":{"line":3,"column":53}},"2":{"start":{"line":14,"column":16},"end":{"line":14,"column":58}},"3":{"start":{"line":15,"column":17},"end":{"line":15,"column":59}},"4":{"start":{"line":16,"column":2},"end":{"line":16,"column":43}},"5":{"start":{"line":20,"column":17},"end":{"line":20,"column":57}},"6":{"start":{"line":21,"column":19},"end":{"line":21,"column":60}},"7":{"start":{"line":22,"column":2},"end":{"line":22,"column":20}},"8":{"start":{"line":26,"column":15},"end":{"line":26,"column":45}},"9":{"start":{"line":27,"column":19},"end":{"line":27,"column":61}},"10":{"start":{"line":28,"column":2},"end":{"line":28,"column":25}},"11":{"start":{"line":32,"column":15},"end":{"line":32,"column":45}},"12":{"start":{"line":33,"column":19},"end":{"line":33,"column":61}},"13":{"start":{"line":34,"column":2},"end":{"line":34,"column":25}},"14":{"start":{"line":38,"column":17},"end":{"line":38,"column":57}},"15":{"start":{"line":39,"column":15},"end":{"line":39,"column":45}},"16":{"start":{"line":40,"column":19},"end":{"line":40,"column":65}},"17":{"start":{"line":41,"column":2},"end":{"line":41,"column":20}},"18":{"start":{"line":45,"column":17},"end":{"line":45,"column":57}},"19":{"start":{"line":46,"column":21},"end":{"line":46,"column":57}},"20":{"start":{"line":47,"column":19},"end":{"line":47,"column":73}},"21":{"start":{"line":48,"column":2},"end":{"line":48,"column":20}},"22":{"start":{"line":51,"column":13},"end":{"line":58,"column":2}}},"fnMap":{"0":{"name":"list","decl":{"start":{"line":13,"column":15},"end":{"line":13,"column":19}},"loc":{"start":{"line":13,"column":47},"end":{"line":17,"column":1}}},"1":{"name":"getById","decl":{"start":{"line":19,"column":15},"end":{"line":19,"column":22}},"loc":{"start":{"line":19,"column":50},"end":{"line":23,"column":1}}},"2":{"name":"create","decl":{"start":{"line":25,"column":15},"end":{"line":25,"column":21}},"loc":{"start":{"line":25,"column":49},"end":{"line":29,"column":1}}},"3":{"name":"invite","decl":{"start":{"line":31,"column":15},"end":{"line":31,"column":21}},"loc":{"start":{"line":31,"column":49},"end":{"line":35,"column":1}}},"4":{"name":"update","decl":{"start":{"line":37,"column":15},"end":{"line":37,"column":21}},"loc":{"start":{"line":37,"column":49},"end":{"line":42,"column":1}}},"5":{"name":"updateStatus","decl":{"start":{"line":44,"column":15},"end":{"line":44,"column":27}},"loc":{"start":{"line":44,"column":55},"end":{"line":49,"column":1}}}},"branchMap":{},"s":{"0":27,"1":27,"2":2,"3":2,"4":2,"5":1,"6":1,"7":0,"8":2,"9":2,"10":1,"11":2,"12":2,"13":1,"14":1,"15":1,"16":1,"17":1,"18":1,"19":1,"20":1,"21":1,"22":27},"f":{"0":2,"1":1,"2":2,"3":2,"4":1,"5":1},"b":{}}
,"C:\\Documents\\sep490\\sep490-backend-api\\src\\modules\\identity\\employee.repository.ts": {"path":"C:\\Documents\\sep490\\sep490-backend-api\\src\\modules\\identity\\employee.repository.ts","statementMap":{"0":{"start":{"line":2,"column":0},"end":{"line":2,"column":41}},"1":{"start":{"line":6,"column":35},"end":{"line":6,"column":44}},"2":{"start":{"line":20,"column":39},"end":{"line":20,"column":71}},"3":{"start":{"line":21,"column":2},"end":{"line":21,"column":56}},"4":{"start":{"line":21,"column":23},"end":{"line":21,"column":56}},"5":{"start":{"line":22,"column":2},"end":{"line":22,"column":50}},"6":{"start":{"line":22,"column":21},"end":{"line":22,"column":50}},"7":{"start":{"line":23,"column":2},"end":{"line":32,"column":3}},"8":{"start":{"line":24,"column":14},"end":{"line":24,"column":27}},"9":{"start":{"line":25,"column":4},"end":{"line":31,"column":6}},"10":{"start":{"line":33,"column":2},"end":{"line":33,"column":15}},"11":{"start":{"line":36,"column":13},"end":{"line":91,"column":2}},"12":{"start":{"line":38,"column":18},"end":{"line":38,"column":36}},"13":{"start":{"line":39,"column":31},"end":{"line":42,"column":6}},"14":{"start":{"line":43,"column":4},"end":{"line":43,"column":32}},"15":{"start":{"line":47,"column":18},"end":{"line":47,"column":40}},"16":{"start":{"line":48,"column":19},"end":{"line":48,"column":97}},"17":{"start":{"line":49,"column":4},"end":{"line":49,"column":79}},"18":{"start":{"line":49,"column":30},"end":{"line":49,"column":76}},"19":{"start":{"line":53,"column":4},"end":{"line":53,"column":64}},"20":{"start":{"line":57,"column":4},"end":{"line":57,"column":86}},"21":{"start":{"line":61,"column":4},"end":{"line":61,"column":59}},"22":{"start":{"line":68,"column":4},"end":{"line":68,"column":55}},"23":{"start":{"line":72,"column":4},"end":{"line":72,"column":55}},"24":{"start":{"line":80,"column":18},"end":{"line":80,"column":85}},"25":{"start":{"line":81,"column":4},"end":{"line":81,"column":53}},"26":{"start":{"line":85,"column":4},"end":{"line":85,"column":40}},"27":{"start":{"line":89,"column":4},"end":{"line":89,"column":59}}},"fnMap":{"0":{"name":"buildWhere","decl":{"start":{"line":19,"column":9},"end":{"line":19,"column":19}},"loc":{"start":{"line":19,"column":46},"end":{"line":34,"column":1}}},"1":{"name":"(anonymous_1)","decl":{"start":{"line":37,"column":2},"end":{"line":37,"column":7}},"loc":{"start":{"line":37,"column":43},"end":{"line":44,"column":3}}},"2":{"name":"(anonymous_2)","decl":{"start":{"line":46,"column":2},"end":{"line":46,"column":7}},"loc":{"start":{"line":46,"column":39},"end":{"line":50,"column":3}}},"3":{"name":"(anonymous_3)","decl":{"start":{"line":49,"column":22},"end":{"line":49,"column":23}},"loc":{"start":{"line":49,"column":30},"end":{"line":49,"column":76}}},"4":{"name":"(anonymous_4)","decl":{"start":{"line":52,"column":2},"end":{"line":52,"column":10}},"loc":{"start":{"line":52,"column":26},"end":{"line":54,"column":3}}},"5":{"name":"(anonymous_5)","decl":{"start":{"line":56,"column":2},"end":{"line":56,"column":10}},"loc":{"start":{"line":56,"column":25},"end":{"line":58,"column":3}}},"6":{"name":"(anonymous_6)","decl":{"start":{"line":60,"column":2},"end":{"line":60,"column":16}},"loc":{"start":{"line":60,"column":33},"end":{"line":62,"column":3}}},"7":{"name":"(anonymous_7)","decl":{"start":{"line":67,"column":2},"end":{"line":67,"column":13}},"loc":{"start":{"line":67,"column":27},"end":{"line":69,"column":3}}},"8":{"name":"(anonymous_8)","decl":{"start":{"line":71,"column":2},"end":{"line":71,"column":13}},"loc":{"start":{"line":71,"column":27},"end":{"line":73,"column":3}}},"9":{"name":"(anonymous_9)","decl":{"start":{"line":79,"column":2},"end":{"line":79,"column":7}},"loc":{"start":{"line":79,"column":32},"end":{"line":82,"column":3}}},"10":{"name":"(anonymous_10)","decl":{"start":{"line":84,"column":2},"end":{"line":84,"column":8}},"loc":{"start":{"line":84,"column":37},"end":{"line":86,"column":3}}},"11":{"name":"(anonymous_11)","decl":{"start":{"line":88,"column":2},"end":{"line":88,"column":8}},"loc":{"start":{"line":88,"column":53},"end":{"line":90,"column":3}}}},"branchMap":{"0":{"loc":{"start":{"line":21,"column":2},"end":{"line":21,"column":56}},"type":"if","locations":[{"start":{"line":21,"column":2},"end":{"line":21,"column":56}},{"start":{},"end":{}}]},"1":{"loc":{"start":{"line":22,"column":2},"end":{"line":22,"column":50}},"type":"if","locations":[{"start":{"line":22,"column":2},"end":{"line":22,"column":50}},{"start":{},"end":{}}]},"2":{"loc":{"start":{"line":23,"column":2},"end":{"line":32,"column":3}},"type":"if","locations":[{"start":{"line":23,"column":2},"end":{"line":32,"column":3}},{"start":{},"end":{}}]}},"s":{"0":26,"1":26,"2":0,"3":0,"4":0,"5":0,"6":0,"7":0,"8":0,"9":0,"10":0,"11":26,"12":0,"13":0,"14":0,"15":0,"16":0,"17":0,"18":0,"19":0,"20":0,"21":0,"22":0,"23":0,"24":0,"25":0,"26":0,"27":0},"f":{"0":0,"1":0,"2":0,"3":0,"4":0,"5":0,"6":0,"7":0,"8":0,"9":0,"10":0,"11":0},"b":{"0":[0,0],"1":[0,0],"2":[0,0]}}
,"C:\\Documents\\sep490\\sep490-backend-api\\src\\modules\\identity\\employee.routes.ts": {"path":"C:\\Documents\\sep490\\sep490-backend-api\\src\\modules\\identity\\employee.routes.ts","statementMap":{"0":{"start":{"line":1,"column":0},"end":{"line":1,"column":33}},"1":{"start":{"line":2,"column":0},"end":{"line":2,"column":65}},"2":{"start":{"line":3,"column":0},"end":{"line":3,"column":53}},"3":{"start":{"line":4,"column":0},"end":{"line":4,"column":56}},"4":{"start":{"line":5,"column":0},"end":{"line":5,"column":59}},"5":{"start":{"line":6,"column":0},"end":{"line":6,"column":null}},"6":{"start":{"line":17,"column":15},"end":{"line":17,"column":23}},"7":{"start":{"line":19,"column":0},"end":{"line":19,"column":24}},"8":{"start":{"line":21,"column":0},"end":{"line":26,"column":2}},"9":{"start":{"line":28,"column":0},"end":{"line":33,"column":2}},"10":{"start":{"line":35,"column":0},"end":{"line":40,"column":2}},"11":{"start":{"line":42,"column":0},"end":{"line":47,"column":2}},"12":{"start":{"line":49,"column":0},"end":{"line":55,"column":2}},"13":{"start":{"line":57,"column":0},"end":{"line":63,"column":2}},"14":{"start":{"line":65,"column":0},"end":{"line":65,"column":22}}},"fnMap":{},"branchMap":{},"s":{"0":27,"1":27,"2":27,"3":27,"4":27,"5":27,"6":27,"7":27,"8":27,"9":27,"10":27,"11":27,"12":27,"13":27,"14":27},"f":{},"b":{}}
,"C:\\Documents\\sep490\\sep490-backend-api\\src\\modules\\identity\\employee.service.ts": {"path":"C:\\Documents\\sep490\\sep490-backend-api\\src\\modules\\identity\\employee.service.ts","statementMap":{"0":{"start":{"line":1,"column":0},"end":{"line":1,"column":49}},"1":{"start":{"line":2,"column":0},"end":{"line":2,"column":28}},"2":{"start":{"line":4,"column":0},"end":{"line":4,"column":48}},"3":{"start":{"line":5,"column":0},"end":{"line":5,"column":47}},"4":{"start":{"line":6,"column":0},"end":{"line":6,"column":60}},"5":{"start":{"line":7,"column":0},"end":{"line":7,"column":59}},"6":{"start":{"line":8,"column":0},"end":{"line":8,"column":103}},"7":{"start":{"line":16,"column":22},"end":{"line":16,"column":24}},"8":{"start":{"line":53,"column":2},"end":{"line":53,"column":53}},"9":{"start":{"line":57,"column":2},"end":{"line":67,"column":4}},"10":{"start":{"line":71,"column":26},"end":{"line":71,"column":31}},"11":{"start":{"line":72,"column":15},"end":{"line":72,"column":33}},"12":{"start":{"line":73,"column":19},"end":{"line":73,"column":78}},"13":{"start":{"line":75,"column":56},"end":{"line":79,"column":4}},"14":{"start":{"line":81,"column":41},"end":{"line":81,"column":58}},"15":{"start":{"line":82,"column":2},"end":{"line":85,"column":3}},"16":{"start":{"line":83,"column":17},"end":{"line":83,"column":53}},"17":{"start":{"line":84,"column":4},"end":{"line":84,"column":69}},"18":{"start":{"line":84,"column":14},"end":{"line":84,"column":69}},"19":{"start":{"line":87,"column":2},"end":{"line":90,"column":4}},"20":{"start":{"line":94,"column":15},"end":{"line":94,"column":56}},"21":{"start":{"line":95,"column":2},"end":{"line":95,"column":65}},"22":{"start":{"line":95,"column":13},"end":{"line":95,"column":65}},"23":{"start":{"line":96,"column":2},"end":{"line":96,"column":27}},"24":{"start":{"line":102,"column":15},"end":{"line":102,"column":62}},"25":{"start":{"line":103,"column":2},"end":{"line":107,"column":3}},"26":{"start":{"line":103,"column":21},"end":{"line":103,"column":22}},"27":{"start":{"line":104,"column":22},"end":{"line":104,"column":64}},"28":{"start":{"line":105,"column":21},"end":{"line":105,"column":71}},"29":{"start":{"line":106,"column":4},"end":{"line":106,"column":36}},"30":{"start":{"line":106,"column":19},"end":{"line":106,"column":36}},"31":{"start":{"line":108,"column":2},"end":{"line":108,"column":52}},"32":{"start":{"line":112,"column":2},"end":{"line":120,"column":4}},"33":{"start":{"line":124,"column":21},"end":{"line":124,"column":46}},"34":{"start":{"line":125,"column":2},"end":{"line":125,"column":68}},"35":{"start":{"line":125,"column":19},"end":{"line":125,"column":68}},"36":{"start":{"line":127,"column":45},"end":{"line":130,"column":4}},"37":{"start":{"line":131,"column":2},"end":{"line":131,"column":72}},"38":{"start":{"line":131,"column":23},"end":{"line":131,"column":72}},"39":{"start":{"line":132,"column":2},"end":{"line":132,"column":80}},"40":{"start":{"line":132,"column":23},"end":{"line":132,"column":80}},"41":{"start":{"line":134,"column":19},"end":{"line":134,"column":59}},"42":{"start":{"line":135,"column":23},"end":{"line":135,"column":45}},"43":{"start":{"line":136,"column":23},"end":{"line":136,"column":69}},"44":{"start":{"line":137,"column":23},"end":{"line":137,"column":74}},"45":{"start":{"line":139,"column":18},"end":{"line":150,"column":4}},"46":{"start":{"line":152,"column":2},"end":{"line":152,"column":61}},"47":{"start":{"line":158,"column":21},"end":{"line":158,"column":46}},"48":{"start":{"line":159,"column":2},"end":{"line":159,"column":68}},"49":{"start":{"line":159,"column":19},"end":{"line":159,"column":68}},"50":{"start":{"line":161,"column":45},"end":{"line":164,"column":4}},"51":{"start":{"line":165,"column":2},"end":{"line":165,"column":72}},"52":{"start":{"line":165,"column":23},"end":{"line":165,"column":72}},"53":{"start":{"line":166,"column":2},"end":{"line":166,"column":80}},"54":{"start":{"line":166,"column":23},"end":{"line":166,"column":80}},"55":{"start":{"line":168,"column":19},"end":{"line":168,"column":59}},"56":{"start":{"line":169,"column":23},"end":{"line":169,"column":45}},"57":{"start":{"line":170,"column":23},"end":{"line":170,"column":69}},"58":{"start":{"line":171,"column":23},"end":{"line":171,"column":74}},"59":{"start":{"line":173,"column":18},"end":{"line":184,"column":4}},"60":{"start":{"line":186,"column":2},"end":{"line":186,"column":130}},"61":{"start":{"line":188,"column":2},"end":{"line":188,"column":47}},"62":{"start":{"line":192,"column":19},"end":{"line":192,"column":60}},"63":{"start":{"line":193,"column":2},"end":{"line":193,"column":69}},"64":{"start":{"line":193,"column":17},"end":{"line":193,"column":69}},"65":{"start":{"line":195,"column":21},"end":{"line":195,"column":46}},"66":{"start":{"line":196,"column":2},"end":{"line":196,"column":68}},"67":{"start":{"line":196,"column":19},"end":{"line":196,"column":68}},"68":{"start":{"line":198,"column":18},"end":{"line":205,"column":4}},"69":{"start":{"line":207,"column":2},"end":{"line":207,"column":30}},"70":{"start":{"line":211,"column":19},"end":{"line":211,"column":60}},"71":{"start":{"line":212,"column":2},"end":{"line":212,"column":69}},"72":{"start":{"line":212,"column":17},"end":{"line":212,"column":69}},"73":{"start":{"line":214,"column":18},"end":{"line":214,"column":69}},"74":{"start":{"line":215,"column":2},"end":{"line":215,"column":30}},"75":{"start":{"line":218,"column":13},"end":{"line":225,"column":2}}},"fnMap":{"0":{"name":"toEmployeeStatus","decl":{"start":{"line":52,"column":9},"end":{"line":52,"column":25}},"loc":{"start":{"line":52,"column":48},"end":{"line":54,"column":1}}},"1":{"name":"mapEmployee","decl":{"start":{"line":56,"column":9},"end":{"line":56,"column":20}},"loc":{"start":{"line":56,"column":31},"end":{"line":68,"column":1}}},"2":{"name":"listEmployees","decl":{"start":{"line":70,"column":15},"end":{"line":70,"column":28}},"loc":{"start":{"line":70,"column":54},"end":{"line":91,"column":1}}},"3":{"name":"getEmployeeById","decl":{"start":{"line":93,"column":15},"end":{"line":93,"column":30}},"loc":{"start":{"line":93,"column":45},"end":{"line":97,"column":1}}},"4":{"name":"generateUniqueUsername","decl":{"start":{"line":101,"column":15},"end":{"line":101,"column":37}},"loc":{"start":{"line":101,"column":70},"end":{"line":109,"column":1}}},"5":{"name":"buildInviteEmailHtml","decl":{"start":{"line":111,"column":9},"end":{"line":111,"column":29}},"loc":{"start":{"line":111,"column":86},"end":{"line":121,"column":1}}},"6":{"name":"createEmployee","decl":{"start":{"line":123,"column":15},"end":{"line":123,"column":29}},"loc":{"start":{"line":123,"column":54},"end":{"line":153,"column":1}}},"7":{"name":"inviteEmployee","decl":{"start":{"line":157,"column":15},"end":{"line":157,"column":29}},"loc":{"start":{"line":157,"column":54},"end":{"line":189,"column":1}}},"8":{"name":"updateEmployee","decl":{"start":{"line":191,"column":15},"end":{"line":191,"column":29}},"loc":{"start":{"line":191,"column":70},"end":{"line":208,"column":1}}},"9":{"name":"updateEmployeeStatus","decl":{"start":{"line":210,"column":15},"end":{"line":210,"column":35}},"loc":{"start":{"line":210,"column":81},"end":{"line":216,"column":1}}}},"branchMap":{"0":{"loc":{"start":{"line":53,"column":9},"end":{"line":53,"column":52}},"type":"cond-expr","locations":[{"start":{"line":53,"column":31},"end":{"line":53,"column":39}},{"start":{"line":53,"column":42},"end":{"line":53,"column":52}}]},"1":{"loc":{"start":{"line":73,"column":19},"end":{"line":73,"column":78}},"type":"cond-expr","locations":[{"start":{"line":73,"column":34},"end":{"line":73,"column":66}},{"start":{"line":73,"column":69},"end":{"line":73,"column":78}}]},"2":{"loc":{"start":{"line":84,"column":4},"end":{"line":84,"column":69}},"type":"if","locations":[{"start":{"line":84,"column":4},"end":{"line":84,"column":69}},{"start":{},"end":{}}]},"3":{"loc":{"start":{"line":84,"column":33},"end":{"line":84,"column":53}},"type":"binary-expr","locations":[{"start":{"line":84,"column":33},"end":{"line":84,"column":48}},{"start":{"line":84,"column":52},"end":{"line":84,"column":53}}]},"4":{"loc":{"start":{"line":95,"column":2},"end":{"line":95,"column":65}},"type":"if","locations":[{"start":{"line":95,"column":2},"end":{"line":95,"column":65}},{"start":{},"end":{}}]},"5":{"loc":{"start":{"line":102,"column":15},"end":{"line":102,"column":62}},"type":"cond-expr","locations":[{"start":{"line":102,"column":23},"end":{"line":102,"column":55}},{"start":{"line":102,"column":58},"end":{"line":102,"column":62}}]},"6":{"loc":{"start":{"line":102,"column":23},"end":{"line":102,"column":55}},"type":"binary-expr","locations":[{"start":{"line":102,"column":23},"end":{"line":102,"column":47}},{"start":{"line":102,"column":51},"end":{"line":102,"column":55}}]},"7":{"loc":{"start":{"line":104,"column":22},"end":{"line":104,"column":64}},"type":"cond-expr","locations":[{"start":{"line":104,"column":38},"end":{"line":104,"column":42}},{"start":{"line":104,"column":45},"end":{"line":104,"column":64}}]},"8":{"loc":{"start":{"line":106,"column":4},"end":{"line":106,"column":36}},"type":"if","locations":[{"start":{"line":106,"column":4},"end":{"line":106,"column":36}},{"start":{},"end":{}}]},"9":{"loc":{"start":{"line":125,"column":2},"end":{"line":125,"column":68}},"type":"if","locations":[{"start":{"line":125,"column":2},"end":{"line":125,"column":68}},{"start":{},"end":{}}]},"10":{"loc":{"start":{"line":128,"column":4},"end":{"line":128,"column":83}},"type":"cond-expr","locations":[{"start":{"line":128,"column":17},"end":{"line":128,"column":59}},{"start":{"line":128,"column":62},"end":{"line":128,"column":83}}]},"11":{"loc":{"start":{"line":129,"column":4},"end":{"line":129,"column":83}},"type":"cond-expr","locations":[{"start":{"line":129,"column":17},"end":{"line":129,"column":59}},{"start":{"line":129,"column":62},"end":{"line":129,"column":83}}]},"12":{"loc":{"start":{"line":131,"column":2},"end":{"line":131,"column":72}},"type":"if","locations":[{"start":{"line":131,"column":2},"end":{"line":131,"column":72}},{"start":{},"end":{}}]},"13":{"loc":{"start":{"line":132,"column":2},"end":{"line":132,"column":80}},"type":"if","locations":[{"start":{"line":132,"column":2},"end":{"line":132,"column":80}},{"start":{},"end":{}}]},"14":{"loc":{"start":{"line":145,"column":11},"end":{"line":145,"column":29}},"type":"binary-expr","locations":[{"start":{"line":145,"column":11},"end":{"line":145,"column":21}},{"start":{"line":145,"column":25},"end":{"line":145,"column":29}}]},"15":{"loc":{"start":{"line":159,"column":2},"end":{"line":159,"column":68}},"type":"if","locations":[{"start":{"line":159,"column":2},"end":{"line":159,"column":68}},{"start":{},"end":{}}]},"16":{"loc":{"start":{"line":163,"column":4},"end":{"line":163,"column":83}},"type":"cond-expr","locations":[{"start":{"line":163,"column":17},"end":{"line":163,"column":59}},{"start":{"line":163,"column":62},"end":{"line":163,"column":83}}]},"17":{"loc":{"start":{"line":165,"column":2},"end":{"line":165,"column":72}},"type":"if","locations":[{"start":{"line":165,"column":2},"end":{"line":165,"column":72}},{"start":{},"end":{}}]},"18":{"loc":{"start":{"line":166,"column":2},"end":{"line":166,"column":80}},"type":"if","locations":[{"start":{"line":166,"column":2},"end":{"line":166,"column":80}},{"start":{},"end":{}}]},"19":{"loc":{"start":{"line":193,"column":2},"end":{"line":193,"column":69}},"type":"if","locations":[{"start":{"line":193,"column":2},"end":{"line":193,"column":69}},{"start":{},"end":{}}]},"20":{"loc":{"start":{"line":196,"column":2},"end":{"line":196,"column":68}},"type":"if","locations":[{"start":{"line":196,"column":2},"end":{"line":196,"column":68}},{"start":{},"end":{}}]},"21":{"loc":{"start":{"line":201,"column":11},"end":{"line":201,"column":29}},"type":"binary-expr","locations":[{"start":{"line":201,"column":11},"end":{"line":201,"column":21}},{"start":{"line":201,"column":25},"end":{"line":201,"column":29}}]},"22":{"loc":{"start":{"line":203,"column":8},"end":{"line":203,"column":58}},"type":"cond-expr","locations":[{"start":{"line":203,"column":34},"end":{"line":203,"column":53}},{"start":{"line":203,"column":56},"end":{"line":203,"column":58}}]},"23":{"loc":{"start":{"line":204,"column":8},"end":{"line":204,"column":64}},"type":"cond-expr","locations":[{"start":{"line":204,"column":36},"end":{"line":204,"column":59}},{"start":{"line":204,"column":62},"end":{"line":204,"column":64}}]},"24":{"loc":{"start":{"line":212,"column":2},"end":{"line":212,"column":69}},"type":"if","locations":[{"start":{"line":212,"column":2},"end":{"line":212,"column":69}},{"start":{},"end":{}}]}},"s":{"0":28,"1":28,"2":28,"3":28,"4":28,"5":28,"6":28,"7":28,"8":7,"9":7,"10":2,"11":2,"12":2,"13":2,"14":2,"15":2,"16":1,"17":1,"18":1,"19":2,"20":2,"21":2,"22":2,"23":0,"24":5,"25":5,"26":5,"27":5,"28":5,"29":5,"30":5,"31":0,"32":3,"33":6,"34":6,"35":1,"36":5,"37":5,"38":1,"39":4,"40":2,"41":2,"42":2,"43":2,"44":2,"45":2,"46":2,"47":7,"48":7,"49":1,"50":6,"51":6,"52":2,"53":4,"54":1,"55":3,"56":3,"57":3,"58":3,"59":3,"60":3,"61":2,"62":1,"63":1,"64":0,"65":1,"66":1,"67":0,"68":1,"69":1,"70":2,"71":2,"72":1,"73":1,"74":1,"75":28},"f":{"0":7,"1":7,"2":2,"3":2,"4":5,"5":3,"6":6,"7":7,"8":1,"9":2},"b":{"0":[6,1],"1":[0,2],"2":[1,0],"3":[1,1],"4":[2,0],"5":[5,0],"6":[5,0],"7":[5,0],"8":[5,0],"9":[1,5],"10":[5,0],"11":[5,0],"12":[1,4],"13":[2,2],"14":[2,0],"15":[1,6],"16":[6,0],"17":[2,4],"18":[1,3],"19":[0,1],"20":[0,1],"21":[1,0],"22":[0,1],"23":[0,1],"24":[1,1]}}
,"C:\\Documents\\sep490\\sep490-backend-api\\src\\modules\\identity\\employee.validators.ts": {"path":"C:\\Documents\\sep490\\sep490-backend-api\\src\\modules\\identity\\employee.validators.ts","statementMap":{"0":{"start":{"line":1,"column":0},"end":{"line":1,"column":24}},"1":{"start":{"line":2,"column":0},"end":{"line":2,"column":58}},"2":{"start":{"line":4,"column":20},"end":{"line":4,"column":82}},"3":{"start":{"line":4,"column":49},"end":{"line":4,"column":56}},"4":{"start":{"line":6,"column":13},"end":{"line":8,"column":3}},"5":{"start":{"line":13,"column":32},"end":{"line":15,"column":2}},"6":{"start":{"line":18,"column":27},"end":{"line":20,"column":2}},"7":{"start":{"line":22,"column":13},"end":{"line":27,"column":3}},"8":{"start":{"line":29,"column":13},"end":{"line":36,"column":3}},"9":{"start":{"line":38,"column":13},"end":{"line":45,"column":3}},"10":{"start":{"line":47,"column":13},"end":{"line":49,"column":3}},"11":{"start":{"line":53,"column":13},"end":{"line":58,"column":3}}},"fnMap":{"0":{"name":"(anonymous_0)","decl":{"start":{"line":4,"column":39},"end":{"line":4,"column":40}},"loc":{"start":{"line":4,"column":49},"end":{"line":4,"column":56}}}},"branchMap":{},"s":{"0":27,"1":27,"2":27,"3":162,"4":27,"5":27,"6":27,"7":27,"8":27,"9":27,"10":27,"11":27},"f":{"0":162},"b":{}}
,"C:\\Documents\\sep490\\sep490-backend-api\\src\\modules\\identity\\employeeRole.constants.ts": {"path":"C:\\Documents\\sep490\\sep490-backend-api\\src\\modules\\identity\\employeeRole.constants.ts","statementMap":{"0":{"start":{"line":22,"column":0},"end":{"line":22,"column":16}},"1":{"start":{"line":26,"column":0},"end":{"line":26,"column":16}},"2":{"start":{"line":10,"column":13},"end":{"line":17,"column":2}},"3":{"start":{"line":19,"column":14},"end":{"line":19,"column":68}},"4":{"start":{"line":19,"column":51},"end":{"line":19,"column":66}},"5":{"start":{"line":20,"column":16},"end":{"line":20,"column":72}},"6":{"start":{"line":20,"column":53},"end":{"line":20,"column":70}},"7":{"start":{"line":23,"column":2},"end":{"line":23,"column":27}},"8":{"start":{"line":27,"column":2},"end":{"line":27,"column":29}},"9":{"start":{"line":27,"column":17},"end":{"line":27,"column":29}},"10":{"start":{"line":28,"column":2},"end":{"line":28,"column":67}}},"fnMap":{"0":{"name":"(anonymous_0)","decl":{"start":{"line":19,"column":41},"end":{"line":19,"column":42}},"loc":{"start":{"line":19,"column":51},"end":{"line":19,"column":66}}},"1":{"name":"(anonymous_1)","decl":{"start":{"line":20,"column":43},"end":{"line":20,"column":44}},"loc":{"start":{"line":20,"column":53},"end":{"line":20,"column":70}}},"2":{"name":"jobTitleById","decl":{"start":{"line":22,"column":16},"end":{"line":22,"column":28}},"loc":{"start":{"line":22,"column":43},"end":{"line":24,"column":1}}},"3":{"name":"roleOptionByJobTitle","decl":{"start":{"line":26,"column":16},"end":{"line":26,"column":36}},"loc":{"start":{"line":26,"column":60},"end":{"line":29,"column":1}}}},"branchMap":{"0":{"loc":{"start":{"line":27,"column":2},"end":{"line":27,"column":29}},"type":"if","locations":[{"start":{"line":27,"column":2},"end":{"line":27,"column":29}},{"start":{},"end":{}}]},"1":{"loc":{"start":{"line":28,"column":9},"end":{"line":28,"column":66}},"type":"binary-expr","locations":[{"start":{"line":28,"column":9},"end":{"line":28,"column":30}},{"start":{"line":28,"column":34},"end":{"line":28,"column":66}}]}},"s":{"0":28,"1":28,"2":28,"3":28,"4":168,"5":28,"6":168,"7":14,"8":8,"9":0,"10":8},"f":{"0":168,"1":168,"2":14,"3":8},"b":{"0":[0,8],"1":[8,0]}}
,"C:\\Documents\\sep490\\sep490-backend-api\\src\\modules\\identity\\employeeRole.routes.ts": {"path":"C:\\Documents\\sep490\\sep490-backend-api\\src\\modules\\identity\\employeeRole.routes.ts","statementMap":{"0":{"start":{"line":1,"column":0},"end":{"line":1,"column":33}},"1":{"start":{"line":2,"column":0},"end":{"line":2,"column":65}},"2":{"start":{"line":3,"column":0},"end":{"line":3,"column":56}},"3":{"start":{"line":4,"column":0},"end":{"line":4,"column":48}},"4":{"start":{"line":5,"column":0},"end":{"line":5,"column":42}},"5":{"start":{"line":6,"column":0},"end":{"line":6,"column":58}},"6":{"start":{"line":14,"column":2},"end":{"line":16,"column":4}},"7":{"start":{"line":19,"column":15},"end":{"line":19,"column":23}},"8":{"start":{"line":21,"column":0},"end":{"line":21,"column":24}},"9":{"start":{"line":23,"column":0},"end":{"line":23,"column":76}},"10":{"start":{"line":23,"column":50},"end":{"line":23,"column":73}},"11":{"start":{"line":25,"column":0},"end":{"line":31,"column":2}},"12":{"start":{"line":29,"column":4},"end":{"line":29,"column":24}},"13":{"start":{"line":33,"column":0},"end":{"line":39,"column":2}},"14":{"start":{"line":37,"column":4},"end":{"line":37,"column":24}},"15":{"start":{"line":41,"column":0},"end":{"line":47,"column":2}},"16":{"start":{"line":45,"column":4},"end":{"line":45,"column":24}},"17":{"start":{"line":49,"column":0},"end":{"line":49,"column":22}}},"fnMap":{"0":{"name":"notEditable","decl":{"start":{"line":13,"column":9},"end":{"line":13,"column":20}},"loc":{"start":{"line":13,"column":20},"end":{"line":17,"column":1}}},"1":{"name":"(anonymous_1)","decl":{"start":{"line":23,"column":29},"end":{"line":23,"column":34}},"loc":{"start":{"line":23,"column":50},"end":{"line":23,"column":73}}},"2":{"name":"(anonymous_2)","decl":{"start":{"line":28,"column":15},"end":{"line":28,"column":20}},"loc":{"start":{"line":28,"column":26},"end":{"line":30,"column":3}}},"3":{"name":"(anonymous_3)","decl":{"start":{"line":36,"column":15},"end":{"line":36,"column":20}},"loc":{"start":{"line":36,"column":26},"end":{"line":38,"column":3}}},"4":{"name":"(anonymous_4)","decl":{"start":{"line":44,"column":15},"end":{"line":44,"column":20}},"loc":{"start":{"line":44,"column":26},"end":{"line":46,"column":3}}}},"branchMap":{},"s":{"0":27,"1":27,"2":27,"3":27,"4":27,"5":27,"6":3,"7":27,"8":27,"9":27,"10":1,"11":27,"12":1,"13":27,"14":1,"15":27,"16":1,"17":27},"f":{"0":3,"1":1,"2":1,"3":1,"4":1},"b":{}}
,"C:\\Documents\\sep490\\sep490-backend-api\\src\\modules\\identity\\user.controller.ts": {"path":"C:\\Documents\\sep490\\sep490-backend-api\\src\\modules\\identity\\user.controller.ts","statementMap":{"0":{"start":{"line":2,"column":0},"end":{"line":2,"column":42}},"1":{"start":{"line":3,"column":0},"end":{"line":3,"column":45}},"2":{"start":{"line":14,"column":16},"end":{"line":14,"column":54}},"3":{"start":{"line":15,"column":17},"end":{"line":15,"column":51}},"4":{"start":{"line":16,"column":2},"end":{"line":16,"column":43}},"5":{"start":{"line":20,"column":21},"end":{"line":20,"column":57}},"6":{"start":{"line":21,"column":15},"end":{"line":21,"column":52}},"7":{"start":{"line":22,"column":2},"end":{"line":22,"column":16}},"8":{"start":{"line":26,"column":21},"end":{"line":26,"column":57}},"9":{"start":{"line":27,"column":21},"end":{"line":27,"column":53}},"10":{"start":{"line":28,"column":15},"end":{"line":28,"column":65}},"11":{"start":{"line":29,"column":2},"end":{"line":29,"column":16}},"12":{"start":{"line":33,"column":15},"end":{"line":33,"column":41}},"13":{"start":{"line":34,"column":15},"end":{"line":34,"column":49}},"14":{"start":{"line":35,"column":2},"end":{"line":35,"column":16}},"15":{"start":{"line":39,"column":21},"end":{"line":39,"column":57}},"16":{"start":{"line":40,"column":15},"end":{"line":40,"column":41}},"17":{"start":{"line":41,"column":15},"end":{"line":41,"column":57}},"18":{"start":{"line":42,"column":2},"end":{"line":42,"column":16}},"19":{"start":{"line":46,"column":21},"end":{"line":46,"column":57}},"20":{"start":{"line":47,"column":26},"end":{"line":47,"column":59}},"21":{"start":{"line":48,"column":15},"end":{"line":48,"column":71}},"22":{"start":{"line":49,"column":2},"end":{"line":49,"column":16}},"23":{"start":{"line":52,"column":13},"end":{"line":59,"column":2}}},"fnMap":{"0":{"name":"list","decl":{"start":{"line":13,"column":15},"end":{"line":13,"column":19}},"loc":{"start":{"line":13,"column":47},"end":{"line":17,"column":1}}},"1":{"name":"getById","decl":{"start":{"line":19,"column":15},"end":{"line":19,"column":22}},"loc":{"start":{"line":19,"column":50},"end":{"line":23,"column":1}}},"2":{"name":"updateStatus","decl":{"start":{"line":25,"column":15},"end":{"line":25,"column":27}},"loc":{"start":{"line":25,"column":55},"end":{"line":30,"column":1}}},"3":{"name":"create","decl":{"start":{"line":32,"column":15},"end":{"line":32,"column":21}},"loc":{"start":{"line":32,"column":49},"end":{"line":36,"column":1}}},"4":{"name":"update","decl":{"start":{"line":38,"column":15},"end":{"line":38,"column":21}},"loc":{"start":{"line":38,"column":49},"end":{"line":43,"column":1}}},"5":{"name":"resetPassword","decl":{"start":{"line":45,"column":15},"end":{"line":45,"column":28}},"loc":{"start":{"line":45,"column":56},"end":{"line":50,"column":1}}}},"branchMap":{},"s":{"0":27,"1":27,"2":1,"3":1,"4":1,"5":2,"6":2,"7":1,"8":2,"9":2,"10":2,"11":1,"12":4,"13":4,"14":1,"15":5,"16":5,"17":5,"18":2,"19":2,"20":2,"21":2,"22":1,"23":27},"f":{"0":1,"1":2,"2":2,"3":4,"4":5,"5":2},"b":{}}
,"C:\\Documents\\sep490\\sep490-backend-api\\src\\modules\\identity\\user.repository.ts": {"path":"C:\\Documents\\sep490\\sep490-backend-api\\src\\modules\\identity\\user.repository.ts","statementMap":{"0":{"start":{"line":2,"column":0},"end":{"line":2,"column":41}},"1":{"start":{"line":16,"column":39},"end":{"line":16,"column":41}},"2":{"start":{"line":17,"column":2},"end":{"line":17,"column":44}},"3":{"start":{"line":17,"column":19},"end":{"line":17,"column":44}},"4":{"start":{"line":18,"column":2},"end":{"line":18,"column":50}},"5":{"start":{"line":18,"column":21},"end":{"line":18,"column":50}},"6":{"start":{"line":19,"column":2},"end":{"line":22,"column":3}},"7":{"start":{"line":20,"column":14},"end":{"line":20,"column":27}},"8":{"start":{"line":21,"column":4},"end":{"line":21,"column":78}},"9":{"start":{"line":23,"column":2},"end":{"line":23,"column":15}},"10":{"start":{"line":26,"column":13},"end":{"line":63,"column":2}},"11":{"start":{"line":28,"column":4},"end":{"line":28,"column":59}},"12":{"start":{"line":32,"column":4},"end":{"line":32,"column":57}},"13":{"start":{"line":36,"column":4},"end":{"line":36,"column":55}},"14":{"start":{"line":40,"column":4},"end":{"line":40,"column":55}},"15":{"start":{"line":44,"column":18},"end":{"line":44,"column":36}},"16":{"start":{"line":45,"column":31},"end":{"line":48,"column":6}},"17":{"start":{"line":49,"column":4},"end":{"line":49,"column":32}},"18":{"start":{"line":53,"column":4},"end":{"line":53,"column":40}},"19":{"start":{"line":57,"column":4},"end":{"line":57,"column":59}},"20":{"start":{"line":61,"column":4},"end":{"line":61,"column":77}}},"fnMap":{"0":{"name":"buildWhere","decl":{"start":{"line":15,"column":9},"end":{"line":15,"column":19}},"loc":{"start":{"line":15,"column":42},"end":{"line":24,"column":1}}},"1":{"name":"(anonymous_1)","decl":{"start":{"line":27,"column":2},"end":{"line":27,"column":16}},"loc":{"start":{"line":27,"column":33},"end":{"line":29,"column":3}}},"2":{"name":"(anonymous_2)","decl":{"start":{"line":31,"column":2},"end":{"line":31,"column":10}},"loc":{"start":{"line":31,"column":25},"end":{"line":33,"column":3}}},"3":{"name":"(anonymous_3)","decl":{"start":{"line":35,"column":2},"end":{"line":35,"column":13}},"loc":{"start":{"line":35,"column":27},"end":{"line":37,"column":3}}},"4":{"name":"(anonymous_4)","decl":{"start":{"line":39,"column":2},"end":{"line":39,"column":13}},"loc":{"start":{"line":39,"column":27},"end":{"line":41,"column":3}}},"5":{"name":"(anonymous_5)","decl":{"start":{"line":43,"column":2},"end":{"line":43,"column":7}},"loc":{"start":{"line":43,"column":39},"end":{"line":50,"column":3}}},"6":{"name":"(anonymous_6)","decl":{"start":{"line":52,"column":2},"end":{"line":52,"column":8}},"loc":{"start":
[...]
":26,"column":18}},"loc":{"start":{"line":26,"column":38},"end":{"line":39,"column":1}}},"1":{"name":"listPolicies","decl":{"start":{"line":41,"column":15},"end":{"line":41,"column":27}},"loc":{"start":{"line":41,"column":52},"end":{"line":57,"column":1}}},"2":{"name":"createPolicy","decl":{"start":{"line":59,"column":15},"end":{"line":59,"column":27}},"loc":{"start":{"line":59,"column":50},"end":{"line":73,"column":1}}},"3":{"name":"updatePolicy","decl":{"start":{"line":75,"column":15},"end":{"line":75,"column":27}},"loc":{"start":{"line":75,"column":68},"end":{"line":87,"column":1}}}},"branchMap":{"0":{"loc":{"start":{"line":61,"column":2},"end":{"line":61,"column":68}},"type":"if","locations":[{"start":{"line":61,"column":2},"end":{"line":61,"column":68}},{"start":{},"end":{}}]},"1":{"loc":{"start":{"line":69,"column":17},"end":{"line":69,"column":41}},"type":"binary-expr","locations":[{"start":{"line":69,"column":17},"end":{"line":69,"column":33}},{"start":{"line":69,"column":37},"end":{"line":69,"column":41}}]},"2":{"loc":{"start":{"line":77,"column":2},"end":{"line":77,"column":70}},"type":"if","locations":[{"start":{"line":77,"column":2},"end":{"line":77,"column":70}},{"start":{},"end":{}}]},"3":{"loc":{"start":{"line":80,"column":8},"end":{"line":80,"column":79}},"type":"cond-expr","locations":[{"start":{"line":80,"column":41},"end":{"line":80,"column":74}},{"start":{"line":80,"column":77},"end":{"line":80,"column":79}}]},"4":{"loc":{"start":{"line":81,"column":8},"end":{"line":81,"column":58}},"type":"cond-expr","locations":[{"start":{"line":81,"column":34},"end":{"line":81,"column":53}},{"start":{"line":81,"column":56},"end":{"line":81,"column":58}}]},"5":{"loc":{"start":{"line":82,"column":8},"end":{"line":82,"column":79}},"type":"cond-expr","locations":[{"start":{"line":82,"column":41},"end":{"line":82,"column":74}},{"start":{"line":82,"column":77},"end":{"line":82,"column":79}}]},"6":{"loc":{"start":{"line":83,"column":8},"end":{"line":83,"column":70}},"type":"cond-expr","locations":[{"start":{"line":83,"column":38},"end":{"line":83,"column":65}},{"start":{"line":83,"column":68},"end":{"line":83,"column":70}}]}},"s":{"0":27,"1":27,"2":4,"3":2,"4":2,"5":2,"6":2,"7":2,"8":2,"9":1,"10":1,"11":1,"12":3,"13":3,"14":1,"15":2,"16":2,"17":27},"f":{"0":4,"1":2,"2":2,"3":3},"b":{"0":[1,1],"1":[1,1],"2":[1,2],"3":[1,1],"4":[0,2],"5":[0,2],"6":[2,0]}}
,"C:\\Documents\\sep490\\sep490-backend-api\\src\\modules\\shared\\policy.validators.ts": {"path":"C:\\Documents\\sep490\\sep490-backend-api\\src\\modules\\shared\\policy.validators.ts","statementMap":{"0":{"start":{"line":1,"column":0},"end":{"line":1,"column":24}},"1":{"start":{"line":3,"column":23},"end":{"line":3,"column":89}},"2":{"start":{"line":5,"column":13},"end":{"line":7,"column":3}},"3":{"start":{"line":9,"column":13},"end":{"line":15,"column":3}},"4":{"start":{"line":19,"column":13},"end":{"line":26,"column":3}},"5":{"start":{"line":30,"column":13},"end":{"line":40,"column":5}},"6":{"start":{"line":38,"column":20},"end":{"line":38,"column":68}},"7":{"start":{"line":38,"column":52},"end":{"line":38,"column":67}}},"fnMap":{"0":{"name":"(anonymous_0)","decl":{"start":{"line":38,"column":10},"end":{"line":38,"column":11}},"loc":{"start":{"line":38,"column":20},"end":{"line":38,"column":68}}},"1":{"name":"(anonymous_1)","decl":{"start":{"line":38,"column":45},"end":{"line":38,"column":46}},"loc":{"start":{"line":38,"column":52},"end":{"line":38,"column":67}}}},"branchMap":{},"s":{"0":27,"1":27,"2":27,"3":27,"4":27,"5":27,"6":3,"7":3},"f":{"0":3,"1":3},"b":{}}
,"C:\\Documents\\sep490\\sep490-backend-api\\src\\modules\\shared\\settings.controller.ts": {"path":"C:\\Documents\\sep490\\sep490-backend-api\\src\\modules\\shared\\settings.controller.ts","statementMap":{"0":{"start":{"line":2,"column":0},"end":{"line":2,"column":42}},"1":{"start":{"line":3,"column":0},"end":{"line":3,"column":53}},"2":{"start":{"line":6,"column":22},"end":{"line":6,"column":54}},"3":{"start":{"line":7,"column":2},"end":{"line":7,"column":23}},"4":{"start":{"line":10,"column":13},"end":{"line":12,"column":2}}},"fnMap":{"0":{"name":"getBankAccount","decl":{"start":{"line":5,"column":15},"end":{"line":5,"column":29}},"loc":{"start":{"line":5,"column":58},"end":{"line":8,"column":1}}}},"branchMap":{},"s":{"0":27,"1":27,"2":2,"3":2,"4":27},"f":{"0":2},"b":{}}
,"C:\\Documents\\sep490\\sep490-backend-api\\src\\modules\\shared\\settings.routes.ts": {"path":"C:\\Documents\\sep490\\sep490-backend-api\\src\\modules\\shared\\settings.routes.ts","statementMap":{"0":{"start":{"line":1,"column":0},"end":{"line":1,"column":33}},"1":{"start":{"line":2,"column":0},"end":{"line":2,"column":65}},"2":{"start":{"line":3,"column":0},"end":{"line":3,"column":56}},"3":{"start":{"line":4,"column":0},"end":{"line":4,"column":59}},"4":{"start":{"line":7,"column":15},"end":{"line":7,"column":23}},"5":{"start":{"line":9,"column":0},"end":{"line":9,"column":24}},"6":{"start":{"line":13,"column":0},"end":{"line":13,"column":110}},"7":{"start":{"line":15,"column":0},"end":{"line":15,"column":22}}},"fnMap":{},"branchMap":{},"s":{"0":27,"1":27,"2":27,"3":27,"4":27,"5":27,"6":27,"7":27},"f":{},"b":{}}
,"C:\\Documents\\sep490\\sep490-backend-api\\src\\modules\\shared\\settings.service.ts": {"path":"C:\\Documents\\sep490\\sep490-backend-api\\src\\modules\\shared\\settings.service.ts","statementMap":{"0":{"start":{"line":1,"column":0},"end":{"line":1,"column":39}},"1":{"start":{"line":13,"column":2},"end":{"line":18,"column":4}},"2":{"start":{"line":21,"column":13},"end":{"line":23,"column":2}}},"fnMap":{"0":{"name":"getBankAccount","decl":{"start":{"line":12,"column":9},"end":{"line":12,"column":23}},"loc":{"start":{"line":12,"column":23},"end":{"line":19,"column":1}}}},"branchMap":{"0":{"loc":{"start":{"line":14,"column":13},"end":{"line":14,"column":41}},"type":"binary-expr","locations":[{"start":{"line":14,"column":13},"end":{"line":14,"column":33}},{"start":{"line":14,"column":37},"end":{"line":14,"column":41}}]},"1":{"loc":{"start":{"line":15,"column":14},"end":{"line":15,"column":43}},"type":"binary-expr","locations":[{"start":{"line":15,"column":14},"end":{"line":15,"column":35}},{"start":{"line":15,"column":39},"end":{"line":15,"column":43}}]},"2":{"loc":{"start":{"line":16,"column":19},"end":{"line":16,"column":58}},"type":"binary-expr","locations":[{"start":{"line":16,"column":19},"end":{"line":16,"column":50}},{"start":{"line":16,"column":54},"end":{"line":16,"column":58}}]},"3":{"loc":{"start":{"line":17,"column":17},"end":{"line":17,"column":54}},"type":"binary-expr","locations":[{"start":{"line":17,"column":17},"end":{"line":17,"column":46}},{"start":{"line":17,"column":50},"end":{"line":17,"column":54}}]}},"s":{"0":27,"1":2,"2":27},"f":{"0":2},"b":{"0":[2,1],"1":[2,1],"2":[2,1],"3":[2,1]}}
,"C:\\Documents\\sep490\\sep490-backend-api\\src\\utils\\AppError.ts": {"path":"C:\\Documents\\sep490\\sep490-backend-api\\src\\utils\\AppError.ts","statementMap":{"0":{"start":{"line":7,"column":4},"end":{"line":7,"column":19}},"1":{"start":{"line":8,"column":4},"end":{"line":8,"column":27}},"2":{"start":{"line":9,"column":4},"end":{"line":9,"column":25}},"3":{"start":{"line":10,"column":4},"end":{"line":10,"column":21}},"4":{"start":{"line":11,"column":4},"end":{"line":11,"column":27}},"5":{"start":{"line":12,"column":4},"end":{"line":12,"column":46}},"6":{"start":{"line":16,"column":4},"end":{"line":16,"column":62}},"7":{"start":{"line":20,"column":4},"end":{"line":20,"column":63}},"8":{"start":{"line":24,"column":4},"end":{"line":24,"column":60}},"9":{"start":{"line":28,"column":4},"end":{"line":28,"column":60}},"10":{"start":{"line":32,"column":4},"end":{"line":32,"column":59}},"11":{"start":{"line":36,"column":4},"end":{"line":36,"column":65}},"12":{"start":{"line":1,"column":0},"end":{"line":1,"column":13}}},"fnMap":{"0":{"name":"(anonymous_0)","decl":{"start":{"line":6,"column":2},"end":{"line":6,"column":14}},"loc":{"start":{"line":6,"column":78},"end":{"line":13,"column":3}}},"1":{"name":"(anonymous_1)","decl":{"start":{"line":15,"column":2},"end":{"line":15,"column":8}},"loc":{"start":{"line":15,"column":71},"end":{"line":17,"column":3}}},"2":{"name":"(anonymous_2)","decl":{"start":{"line":19,"column":2},"end":{"line":19,"column":8}},"loc":{"start":{"line":19,"column":66},"end":{"line":21,"column":3}}},"3":{"name":"(anonymous_3)","decl":{"start":{"line":23,"column":2},"end":{"line":23,"column":8}},"loc":{"start":{"line":23,"column":73},"end":{"line":25,"column":3}}},"4":{"name":"(anonymous_4)","decl":{"start":{"line":27,"column":2},"end":{"line":27,"column":8}},"loc":{"start":{"line":27,"column":71},"end":{"line":29,"column":3}}},"5":{"name":"(anonymous_5)","decl":{"start":{"line":31,"column":2},"end":{"line":31,"column":8}},"loc":{"start":{"line":31,"column":69},"end":{"line":33,"column":3}}},"6":{"name":"(anonymous_6)","decl":{"start":{"line":35,"column":2},"end":{"line":35,"column":8}},"loc":{"start":{"line":35,"column":83},"end":{"line":37,"column":3}}}},"branchMap":{"0":{"loc":{"start":{"line":15,"column":20},"end":{"line":15,"column":52}},"type":"default-arg","locations":[{"start":{"line":15,"column":30},"end":{"line":15,"column":52}}]},"1":{"loc":{"start":{"line":19,"column":22},"end":{"line":19,"column":47}},"type":"default-arg","locations":[{"start":{"line":19,"column":32},"end":{"line":19,"column":47}}]},"2":{"loc":{"start":{"line":23,"column":19},"end":{"line":23,"column":54}},"type":"default-arg","locations":[{"start":{"line":23,"column":29},"end":{"line":23,"column":54}}]},"3":{"loc":{"start":{"line":27,"column":18},"end":{"line":27,"column":52}},"type":"default-arg","locations":[{"start":{"line":27,"column":28},"end":{"line":27,"column":52}}]},"4":{"loc":{"start":{"line":31,"column":18},"end":{"line":31,"column":50}},"type":"default-arg","locations":[{"start":{"line":31,"column":28},"end":{"line":31,"column":50}}]},"5":{"loc":{"start":{"line":35,"column":18},"end":{"line":35,"column":64}},"type":"default-arg","locations":[{"start":{"line":35,"column":28},"end":{"line":35,"column":64}}]}},"s":{"0":198,"1":198,"2":198,"3":198,"4":198,"5":198,"6":43,"7":22,"8":50,"9":52,"10":22,"11":0,"12":35},"f":{"0":198,"1":43,"2":22,"3":50,"4":52,"5":22,"6":0},"b":{"0":[0],"1":[0],"2":[0],"3":[0],"4":[0],"5":[0]}}
,"C:\\Documents\\sep490\\sep490-backend-api\\src\\utils\\asyncHandler.ts": {"path":"C:\\Documents\\sep490\\sep490-backend-api\\src\\utils\\asyncHandler.ts","statementMap":{"0":{"start":{"line":5,"column":0},"end":{"line":5,"column":16}},"1":{"start":{"line":6,"column":2},"end":{"line":8,"column":4}},"2":{"start":{"line":7,"column":4},"end":{"line":7,"column":57}}},"fnMap":{"0":{"name":"asyncHandler","decl":{"start":{"line":5,"column":16},"end":{"line":5,"column":28}},"loc":{"start":{"line":5,"column":55},"end":{"line":9,"column":1}}},"1":{"name":"(anonymous_1)","decl":{"start":{"line":6,"column":9},"end":{"line":6,"column":10}},"loc":{"start":{"line":6,"column":28},"end":{"line":8,"column":3}}}},"branchMap":{},"s":{"0":27,"1":4266,"2":197},"f":{"0":4266,"1":197},"b":{}}
,"C:\\Documents\\sep490\\sep490-backend-api\\src\\utils\\geo.utils.ts": {"path":"C:\\Documents\\sep490\\sep490-backend-api\\src\\utils\\geo.utils.ts","statementMap":{"0":{"start":{"line":1,"column":0},"end":{"line":1,"column":16}},"1":{"start":{"line":2,"column":12},"end":{"line":2,"column":18}},"2":{"start":{"line":3,"column":15},"end":{"line":3,"column":37}},"3":{"start":{"line":4,"column":15},"end":{"line":4,"column":37}},"4":{"start":{"line":5,"column":19},"end":{"line":5,"column":50}},"5":{"start":{"line":6,"column":22},"end":{"line":6,"column":53}},"6":{"start":{"line":8,"column":12},"end":{"line":8,"column":149}},"7":{"start":{"line":9,"column":12},"end":{"line":9,"column":58}},"8":{"start":{"line":11,"column":2},"end":{"line":11,"column":15}}},"fnMap":{"0":{"name":"calculateDistanceMeters","decl":{"start":{"line":1,"column":16},"end":{"line":1,"column":39}},"loc":{"start":{"line":1,"column":94},"end":{"line":12,"column":1}}}},"branchMap":{},"s":{"0":28,"1":2,"2":2,"3":2,"4":2,"5":2,"6":2,"7":2,"8":2},"f":{"0":2},"b":{}}
,"C:\\Documents\\sep490\\sep490-backend-api\\src\\utils\\logger.ts": {"path":"C:\\Documents\\sep490\\sep490-backend-api\\src\\utils\\logger.ts","statementMap":{"0":{"start":{"line":1,"column":0},"end":{"line":1,"column":24}},"1":{"start":{"line":2,"column":0},"end":{"line":2,"column":44}},"2":{"start":{"line":4,"column":13},"end":{"line":8,"column":3}},"3":{"start":{"line":10,"column":28},"end":{"line":12,"column":1}},"4":{"start":{"line":11,"column":2},"end":{"line":11,"column":53}},"5":{"start":{"line":10,"column":13},"end":{"line":10,"column":28}}},"fnMap":{"0":{"name":"(anonymous_1)","decl":{"start":{"line":10,"column":28},"end":{"line":10,"column":29}},"loc":{"start":{"line":10,"column":56},"end":{"line":12,"column":1}}}},"branchMap":{"0":{"loc":{"start":{"line":5,"column":9},"end":{"line":5,"column":61}},"type":"binary-expr","locations":[{"start":{"line":5,"column":9},"end":{"line":5,"column":30}},{"start":{"line":5,"column":35},"end":{"line":5,"column":60}}]},"1":{"loc":{"start":{"line":5,"column":35},"end":{"line":5,"column":60}},"type":"cond-expr","locations":[{"start":{"line":5,"column":44},"end":{"line":5,"column":50}},{"start":{"line":5,"column":53},"end":{"line":5,"column":60}}]},"2":{"loc":{"start":{"line":11,"column":15},"end":{"line":11,"column":25}},"type":"binary-expr","locations":[{"start":{"line":11,"column":15},"end":{"line":11,"column":19}},{"start":{"line":11,"column":23},"end":{"line":11,"column":25}}]}},"s":{"0":28,"1":28,"2":28,"3":28,"4":0,"5":28},"f":{"0":0},"b":{"0":[28,0],"1":[0,0],"2":[0,0]}}
,"C:\\Documents\\sep490\\sep490-backend-api\\src\\utils\\mailer.ts": {"path":"C:\\Documents\\sep490\\sep490-backend-api\\src\\utils\\mailer.ts","statementMap":{"0":{"start":{"line":25,"column":0},"end":{"line":25,"column":7}},"1":{"start":{"line":1,"column":0},"end":{"line":1,"column":58}},"2":{"start":{"line":2,"column":0},"end":{"line":2,"column":36}},"3":{"start":{"line":3,"column":0},"end":{"line":3,"column":38}},"4":{"start":{"line":5,"column":38},"end":{"line":5,"column":42}},"5":{"start":{"line":10,"column":2},"end":{"line":10,"column":38}},"6":{"start":{"line":10,"column":19},"end":{"line":10,"column":38}},"7":{"start":{"line":12,"column":2},"end":{"line":14,"column":3}},"8":{"start":{"line":13,"column":4},"end":{"line":13,"column":79}},"9":{"start":{"line":16,"column":2},"end":{"line":21,"column":5}},"10":{"start":{"line":22,"column":2},"end":{"line":22,"column":21}},"11":{"start":{"line":26,"column":17},"end":{"line":26,"column":33}},"12":{"start":{"line":27,"column":2},"end":{"line":31,"column":3}},"13":{"start":{"line":28,"column":4},"end":{"line":28,"column":87}},"14":{"start":{"line":30,"column":4},"end":{"line":30,"column":92}}},"fnMap":{"0":{"name":"getTransporter","decl":{"start":{"line":9,"column":9},"end":{"line":9,"column":23}},"loc":{"start":{"line":9,"column":23},"end":{"line":23,"column":1}}},"1":{"name":"sendEmail","decl":{"start":{"line":25,"column":22},"end":{"line":25,"column":31}},"loc":{"start":{"line":25,"column":73},"end":{"line":32,"column":1}}}},"branchMap":{"0":{"loc":{"start":{"line":10,"column":2},"end":{"line":10,"column":38}},"type":"if","locations":[{"start":{"line":10,"column":2},"end":{"line":10,"column":38}},{"start":{},"end":{}}]},"1":{"loc":{"start":{"line":12,"column":2},"end":{"line":14,"column":3}},"type":"if","locations":[{"start":{"line":12,"column":2},"end":{"line":14,"column":3}},{"start":{},"end":{}}]},"2":{"loc":{"start":{"line":12,"column":6},"end":{"line":12,"column":74}},"type":"binary-expr","locations":[{"start":{"line":12,"column":6},"end":{"line":12,"column":20}},{"start":{"line":12,"column":24},"end":{"line":12,"column":38}},{"start":{"line":12,"column":42},"end":{"line":12,"column":56}},{"start":{"line":12,"column":60},"end":{"line":12,"column":74}}]},"3":{"loc":{"start":{"line":28,"column":34},"end":{"line":28,"column":64}},"type":"binary-expr","locations":[{"start":{"line":28,"column":34},"end":{"line":28,"column":47}},{"start":{"line":28,"column":51},"end":{"line":28,"column":64}}]},"4":{"loc":{"start":{"line":30,"column":50},"end":{"line":30,"column":90}},"type":"cond-expr","locations":[{"start":{"line":30,"column":73},"end":{"line":30,"column":84}},{"start":{"line":30,"column":87},"end":{"line":30,"column":90}}]}},"s":{"0":24,"1":24,"2":24,"3":24,"4":24,"5":0,"6":0,"7":0,"8":0,"9":0,"10":0,"11":0,"12":0,"13":0,"14":0},"f":{"0":0,"1":0},"b":{"0":[0,0],"1":[0,0],"2":[0,0,0,0],"3":[0,0],"4":[0,0]}}
,"C:\\Documents\\sep490\\sep490-backend-api\\src\\utils\\password.ts": {"path":"C:\\Documents\\sep490\\sep490-backend-api\\src\\utils\\password.ts","statementMap":{"0":{"start":{"line":6,"column":0},"end":{"line":6,"column":16}},"1":{"start":{"line":16,"column":0},"end":{"line":16,"column":16}},"2":{"start":{"line":20,"column":0},"end":{"line":20,"column":16}},"3":{"start":{"line":24,"column":0},"end":{"line":24,"column":16}},"4":{"start":{"line":1,"column":0},"end":{"line":1,"column":37}},"5":{"start":{"line":2,"column":0},"end":{"line":2,"column":28}},"6":{"start":{"line":7,"column":2},"end":{"line":7,"column":40}},"7":{"start":{"line":10,"column":22},"end":{"line":10,"column":24}},"8":{"start":{"line":14,"column":27},"end":{"line":14,"column":29}},"9":{"start":{"line":17,"column":2},"end":{"line":17,"column":46}},"10":{"start":{"line":21,"column":2},"end":{"line":21,"column":51}},"11":{"start":{"line":25,"column":16},"end":{"line":25,"column":55}},"12":{"start":{"line":26,"column":2},"end":{"line":26,"column":67}}},"fnMap":{"0":{"name":"generateTempPassword","decl":{"start":{"line":6,"column":16},"end":{"line":6,"column":36}},"loc":{"start":{"line":6,"column":36},"end":{"line":8,"column":1}}},"1":{"name":"hashPassword","decl":{"start":{"line":16,"column":16},"end":{"line":16,"column":28}},"loc":{"start":{"line":16,"column":45},"end":{"line":18,"column":1}}},"2":{"name":"hashPasswordRequiringChange","decl":{"start":{"line":20,"column":16},"end":{"line":20,"column":43}},"loc":{"start":{"line":20,"column":60},"end":{"line":22,"column":1}}},"3":{"name":"passwordRequiresChange","decl":{"start":{"line":24,"column":16},"end":{"line":24,"column":38}},"loc":{"start":{"line":24,"column":59},"end":{"line":27,"column":1}}}},"branchMap":{"0":{"loc":{"start":{"line":26,"column":9},"end":{"line":26,"column":66}},"type":"binary-expr","locations":[{"start":{"line":26,"column":9},"end":{"line":26,"column":23}},{"start":{"line":26,"column":27},"end":{"line":26,"column":66}}]}},"s":{"0":31,"1":31,"2":31,"3":31,"4":31,"5":31,"6":11,"7":31,"8":31,"9":5,"10":14,"11":23,"12":23},"f":{"0":11,"1":5,"2":14,"3":23},"b":{"0":[23,22]}}
,"C:\\Documents\\sep490\\sep490-backend-api\\src\\utils\\response.ts": {"path":"C:\\Documents\\sep490\\sep490-backend-api\\src\\utils\\response.ts","statementMap":{"0":{"start":{"line":3,"column":0},"end":{"line":3,"column":16}},"1":{"start":{"line":7,"column":0},"end":{"line":7,"column":16}},"2":{"start":{"line":4,"column":2},"end":{"line":4,"column":97}},"3":{"start":{"line":8,"column":2},"end":{"line":8,"column":39}}},"fnMap":{"0":{"name":"ok","decl":{"start":{"line":3,"column":16},"end":{"line":3,"column":18}},"loc":{"start":{"line":3,"column":90},"end":{"line":5,"column":1}}},"1":{"name":"created","decl":{"start":{"line":7,"column":16},"end":{"line":7,"column":23}},"loc":{"start":{"line":7,"column":49},"end":{"line":9,"column":1}}}},"branchMap":{"0":{"loc":{"start":{"line":3,"column":78},"end":{"line":3,"column":90}},"type":"default-arg","locations":[{"start":{"line":3,"column":87},"end":{"line":3,"column":90}}]},"1":{"loc":{"start":{"line":4,"column":33},"end":{"line":4,"column":95}},"type":"cond-expr","locations":[{"start":{"line":4,"column":40},"end":{"line":4,"column":69}},{"start":{"line":4,"column":72},"end":{"line":4,"column":95}}]}},"s":{"0":27,"1":27,"2":130,"3":22},"f":{"0":130,"1":22},"b":{"0":[108],"1":[29,101]}}
}
