TN:
SF:src\app.ts
FN:21,(anonymous_1)
FN:23,(anonymous_2)
FN:25,(anonymous_3)
FN:34,(anonymous_4)
FN:49,(anonymous_5)
FNF:5
FNH:2
FNDA:27,(anonymous_1)
FNDA:0,(anonymous_2)
FNDA:0,(anonymous_3)
FNDA:306,(anonymous_4)
FNDA:0,(anonymous_5)
DA:1,27
DA:2,27
DA:3,27
DA:4,27
DA:5,27
DA:6,27
DA:7,27
DA:8,27
DA:9,27
DA:10,27
DA:12,27
DA:15,27
DA:21,27
DA:22,27
DA:23,27
DA:24,0
DA:25,0
DA:26,0
DA:27,0
DA:28,0
DA:29,0
DA:32,27
DA:35,306
DA:36,306
DA:38,0
DA:39,0
DA:46,27
DA:47,27
DA:49,27
DA:50,0
DA:53,27
DA:55,27
DA:56,27
LF:33
LH:24
BRDA:26,0,0,0
BRDA:26,0,1,0
BRDA:27,1,0,0
BRDA:27,1,1,0
BRDA:35,2,0,306
BRDA:35,2,1,0
BRDA:35,3,0,306
BRDA:35,3,1,0
BRF:8
BRH:2
end_of_record
TN:
SF:src\routes.ts
FNF:0
FNH:0
DA:1,27
DA:2,27
DA:3,27
DA:4,27
DA:5,27
DA:6,27
DA:7,27
DA:8,27
DA:9,27
DA:10,27
DA:11,27
DA:12,27
DA:13,27
DA:14,27
DA:15,27
DA:16,27
DA:17,27
DA:18,27
DA:19,27
DA:20,27
DA:21,27
DA:22,27
DA:23,27
DA:24,27
DA:28,27
DA:30,27
DA:31,27
DA:32,27
DA:33,27
DA:34,27
DA:35,27
DA:36,27
DA:37,27
DA:38,27
DA:39,27
DA:40,27
DA:41,27
DA:42,27
DA:43,27
DA:44,27
DA:45,27
DA:46,27
DA:47,27
DA:48,27
DA:49,27
DA:50,27
DA:51,27
DA:52,27
DA:53,27
DA:54,27
DA:55,27
DA:56,27
DA:58,27
LF:53
LH:53
BRF:0
BRH:0
end_of_record
TN:
SF:src\config\env.ts
FN:41,loadEnv
FNF:1
FNH:1
FNDA:29,loadEnv
DA:1,29
DA:2,29
DA:4,29
DA:42,29
DA:43,29
DA:45,0
DA:46,0
DA:48,29
DA:51,29
DA:53,29
DA:54,29
DA:55,29
LF:12
LH:10
BRDA:43,0,0,0
BRDA:43,0,1,29
BRF:2
BRH:1
end_of_record
TN:
SF:src\config\firebase.ts
FN:11,getFirebaseApp
FN:34,getEvidenceBucket
FN:38,getFirebaseMessaging
FNF:3
FNH:0
FNDA:0,getFirebaseApp
FNDA:0,getEvidenceBucket
FNDA:0,getFirebaseMessaging
DA:1,26
DA:2,26
DA:3,26
DA:4,26
DA:5,26
DA:7,26
DA:12,0
DA:13,0
DA:14,0
DA:15,0
DA:18,0
DA:19,0
DA:22,0
DA:31,0
DA:34,26
DA:35,0
DA:38,26
DA:39,0
LF:18
LH:8
BRDA:12,0,0,0
BRDA:12,0,1,0
BRDA:13,1,0,0
BRDA:13,1,1,0
BRDA:18,2,0,0
BRDA:18,2,1,0
BRDA:18,3,0,0
BRDA:18,3,1,0
BRDA:18,3,2,0
BRDA:18,3,3,0
BRF:10
BRH:0
end_of_record
TN:
SF:src\config\zodLocale.ts
FNF:0
FNH:0
DA:1,27
DA:2,27
DA:8,27
LF:3
LH:3
BRF:0
BRH:0
end_of_record
TN:
SF:src\db\prisma.ts
FNF:0
FNH:0
DA:1,28
DA:2,28
DA:4,28
LF:3
LH:3
BRDA:5,0,0,0
BRDA:5,0,1,28
BRF:2
BRH:1
end_of_record
TN:
SF:src\middleware\auth.ts
FN:14,isAllowedWhileMustChangePassword
FN:16,(anonymous_2)
FN:19,requireAuth
FN:47,requireRole
FN:48,(anonymous_5)
FNF:5
FNH:5
FNDA:3,isAllowedWhileMustChangePassword
FNDA:5,(anonymous_2)
FNDA:297,requireAuth
FNDA:3537,requireRole
FNDA:221,(anonymous_5)
DA:2,27
DA:3,27
DA:4,27
DA:9,27
DA:15,3
DA:16,5
DA:19,27
DA:20,297
DA:21,297
DA:22,19
DA:25,278
DA:26,278
DA:27,278
DA:28,278
DA:29,0
DA:31,278
DA:33,278
DA:34,1
DA:41,277
DA:43,0
DA:47,27
DA:48,3537
DA:49,221
DA:50,221
DA:51,183
LF:25
LH:23
BRDA:16,0,0,5
BRDA:16,0,1,3
BRDA:21,1,0,19
BRDA:21,1,1,278
BRDA:28,2,0,0
BRDA:28,2,1,278
BRDA:28,3,0,278
BRDA:28,3,1,278
BRDA:33,4,0,1
BRDA:33,4,1,277
BRDA:33,5,0,278
BRDA:33,5,1,3
BRDA:49,6,0,0
BRDA:49,6,1,221
BRDA:50,7,0,38
BRDA:50,7,1,183
BRF:16
BRH:14
end_of_record
TN:
SF:src\middleware\error.ts
FN:9,errorHandler
FN:59,formatZodIssues
FN:60,(anonymous_2)
FNF:3
FNH:3
FNDA:176,errorHandler
FNDA:49,formatZodIssues
FNDA:61,(anonymous_2)
DA:2,27
DA:3,27
DA:4,27
DA:5,27
DA:6,27
DA:9,27
DA:10,176
DA:11,127
DA:12,127
DA:18,49
DA:19,49
DA:25,0
DA:26,0
DA:27,0
DA:32,0
DA:33,0
DA:38,0
DA:44,0
DA:45,0
DA:51,0
DA:52,0
DA:53,0
DA:60,61
LF:23
LH:12
BRDA:10,0,0,127
BRDA:10,0,1,49
BRDA:11,1,0,0
BRDA:11,1,1,127
BRDA:18,2,0,49
BRDA:18,2,1,0
BRDA:25,3,0,0
BRDA:25,3,1,0
BRDA:26,4,0,0
BRDA:26,4,1,0
BRDA:32,5,0,0
BRDA:32,5,1,0
BRDA:40,6,0,0
BRDA:40,6,1,0
BRDA:44,7,0,0
BRDA:44,7,1,0
BRDA:52,8,0,0
BRDA:52,8,1,0
BRDA:52,9,0,0
BRDA:52,9,1,0
BRF:20
BRH:4
end_of_record
TN:
SF:src\middleware\notFound.ts
FN:4,notFound
FNF:1
FNH:0
FNDA:0,notFound
DA:2,27
DA:4,27
DA:5,0
LF:3
LH:2
BRF:0
BRH:0
end_of_record
TN:
SF:src\middleware\validate.ts
FN:10,validate
FN:11,(anonymous_1)
FNF:2
FNH:2
FNDA:5400,validate
FNDA:299,(anonymous_1)
DA:10,27
DA:11,5400
DA:12,299
DA:13,299
DA:14,49
DA:16,250
DA:17,27
DA:24,223
DA:26,250
LF:9
LH:9
BRDA:10,0,0,81
BRDA:13,1,0,49
BRDA:13,1,1,250
BRDA:16,2,0,27
BRDA:16,2,1,223
BRF:5
BRH:5
end_of_record
TN:
SF:src\modules\identity\auth.controller.ts
FN:13,login
FN:19,forgotPassword
FN:25,resetPassword
FN:31,getProfile
FN:37,updateProfile
FN:44,changePassword
FNF:6
FNH:6
FNDA:4,login
FNDA:3,forgotPassword
FNDA:2,resetPassword
FNDA:2,getProfile
FNDA:4,updateProfile
FNDA:3,changePassword
DA:2,27
DA:3,27
DA:4,27
DA:14,4
DA:15,4
DA:16,2
DA:20,3
DA:21,3
DA:22,3
DA:26,2
DA:27,2
DA:28,2
DA:32,2
DA:33,2
DA:34,2
DA:38,4
DA:39,4
DA:40,4
DA:41,2
DA:45,3
DA:46,3
DA:47,3
DA:48,2
DA:51,27
LF:24
LH:24
BRDA:32,0,0,0
BRDA:32,0,1,2
BRDA:38,1,0,0
BRDA:38,1,1,4
BRDA:45,2,0,0
BRDA:45,2,1,3
BRF:6
BRH:3
end_of_record
TN:
SF:src\modules\identity\auth.routes.ts
FNF:0
FNH:0
DA:1,27
DA:2,27
DA:3,27
DA:4,27
DA:5,27
DA:6,27
DA:14,27
DA:16,27
DA:18,27
DA:24,27
DA:30,27
DA:32,27
DA:39,27
DA:46,27
LF:14
LH:14
BRF:0
BRH:0
end_of_record
TN:
SF:src\modules\identity\auth.service.ts
FN:51,mapUser
FN:62,mapProfile
FN:74,signToken
FN:82,login
FN:101,buildResetPasswordEmailHtml
FN:112,issuePasswordResetEmail
FN:123,forgotPassword
FN:129,resetPassword
FN:134,getProfile
FN:140,updateProfile
FN:169,changePassword
FNF:11
FNH:11
FNDA:12,mapUser
FNDA:7,mapProfile
FNDA:5,signToken
FNDA:10,login
FNDA:6,buildResetPasswordEmailHtml
FNDA:7,issuePasswordResetEmail
FNDA:6,forgotPassword
FNDA:5,resetPassword
FNDA:4,getProfile
FNDA:8,updateProfile
FNDA:5,changePassword
DA:1,28
DA:2,28
DA:4,28
DA:5,28
DA:6,28
DA:7,28
DA:8,28
DA:9,28
DA:16,28
DA:22,28
DA:52,12
DA:63,7
DA:75,5
DA:83,10
DA:84,10
DA:86,1
DA:89,9
DA:90,9
DA:91,2
DA:94,7
DA:95,2
DA:98,5
DA:102,6
DA:113,7
DA:115,6
DA:116,6
DA:117,6
DA:118,6
DA:119,5
DA:124,6
DA:125,6
DA:130,5
DA:131,5
DA:135,4
DA:136,4
DA:137,3
DA:141,8
DA:142,8
DA:144,7
DA:145,2
DA:146,2
DA:147,2
DA:151,5
DA:152,2
DA:153,2
DA:154,1
DA:158,4
DA:159,4
DA:160,4
DA:161,4
DA:162,4
DA:163,4
DA:165,4
DA:166,4
DA:170,5
DA:171,5
DA:173,5
DA:174,5
DA:175,2
DA:178,3
DA:179,3
DA:182,28
LF:62
LH:62
BRDA:84,0,0,1
BRDA:84,0,1,9
BRDA:90,1,0,2
BRDA:90,1,1,7
BRDA:94,2,0,2
BRDA:94,2,1,5
BRDA:113,3,0,1
BRDA:113,3,1,6
BRDA:125,4,0,4
BRDA:125,4,1,2
BRDA:131,5,0,3
BRDA:131,5,1,2
BRDA:136,6,0,1
BRDA:136,6,1,3
BRDA:142,7,0,1
BRDA:142,7,1,7
BRDA:144,8,0,2
BRDA:144,8,1,5
BRDA:144,9,0,7
BRDA:144,9,1,3
BRDA:146,10,0,2
BRDA:146,10,1,0
BRDA:146,11,0,2
BRDA:146,11,1,2
BRDA:151,12,0,2
BRDA:151,12,1,3
BRDA:151,13,0,5
BRDA:151,13,1,2
BRDA:153,14,0,1
BRDA:153,14,1,1
BRDA:153,15,0,2
BRDA:153,15,1,1
BRDA:159,16,0,2
BRDA:159,16,1,2
BRDA:160,17,0,1
BRDA:160,17,1,3
BRDA:161,18,0,1
BRDA:161,18,1,3
BRDA:162,19,0,0
BRDA:162,19,1,4
BRDA:163,20,0,0
BRDA:163,20,1,4
BRDA:171,21,0,0
BRDA:171,21,1,5
BRDA:174,22,0,2
BRDA:174,22,1,3
BRF:46
BRH:42
end_of_record
TN:
SF:src\modules\identity\auth.validators.ts
FN:32,(anonymous_0)
FNF:1
FNH:1
FNDA:4,(anonymous_0)
DA:1,27
DA:3,27
DA:8,27
DA:14,27
DA:18,27
DA:26,27
DA:32,4
LF:7
LH:7
BRF:0
BRH:0
end_of_record
TN:
SF:src\modules\identity\employee.controller.ts
FN:13,list
FN:19,getById
FN:25,create
FN:31,invite
FN:37,update
FN:44,updateStatus
FNF:6
FNH:6
FNDA:2,list
FNDA:1,getById
FNDA:2,create
FNDA:2,invite
FNDA:1,update
FNDA:1,updateStatus
DA:2,27
DA:3,27
DA:14,2
DA:15,2
DA:16,2
DA:20,1
DA:21,1
DA:22,0
DA:26,2
DA:27,2
DA:28,1
DA:32,2
DA:33,2
DA:34,1
DA:38,1
DA:39,1
DA:40,1
DA:41,1
DA:45,1
DA:46,1
DA:47,1
DA:48,1
DA:51,27
LF:23
LH:22
BRF:0
BRH:0
end_of_record
TN:
SF:src\modules\identity\employee.repository.ts
FN:19,buildWhere
FN:37,(anonymous_1)
FN:46,(anonymous_2)
FN:49,(anonymous_3)
FN:52,(anonymous_4)
FN:56,(anonymous_5)
FN:60,(anonymous_6)
FN:67,(anonymous_7)
FN:71,(anonymous_8)
FN:79,(anonymous_9)
FN:84,(anonymous_10)
FN:88,(anonymous_11)
FNF:12
FNH:0
FNDA:0,buildWhere
FNDA:0,(anonymous_1)
FNDA:0,(anonymous_2)
FNDA:0,(anonymous_3)
FNDA:0,(anonymous_4)
FNDA:0,(anonymous_5)
FNDA:0,(anonymous_6)
FNDA:0,(anonymous_7)
FNDA:0,(anonymous_8)
FNDA:0,(anonymous_9)
FNDA:0,(anonymous_10)
FNDA:0,(anonymous_11)
DA:2,26
DA:6,26
DA:20,0
DA:21,0
DA:22,0
DA:23,0
DA:24,0
DA:25,0
DA:33,0
DA:36,26
DA:38,0
DA:39,0
DA:43,0
DA:47,0
DA:48,0
DA:49,0
DA:53,0
DA:57,0
DA:61,0
DA:68,0
DA:72,0
DA:80,0
DA:81,0
DA:85,0
DA:89,0
LF:25
LH:3
BRDA:21,0,0,0
BRDA:21,0,1,0
BRDA:22,1,0,0
BRDA:22,1,1,0
BRDA:23,2,0,0
BRDA:23,2,1,0
BRF:6
BRH:0
end_of_record
TN:
SF:src\modules\identity\employee.routes.ts
FNF:0
FNH:0
DA:1,27
DA:2,27
DA:3,27
DA:4,27
DA:5,27
DA:6,27
DA:17,27
DA:19,27
DA:21,27
DA:28,27
DA:35,27
DA:42,27
DA:49,27
DA:57,27
DA:65,27
LF:15
LH:15
BRF:0
BRH:0
end_of_record
TN:
SF:src\modules\identity\employee.service.ts
FN:52,toEmployeeStatus
FN:56,mapEmployee
FN:70,listEmployees
FN:93,getEmployeeById
FN:101,generateUniqueUsername
FN:111,buildInviteEmailHtml
FN:123,createEmployee
FN:157,inviteEmployee
FN:191,updateEmployee
FN:210,updateEmployeeStatus
FNF:10
FNH:10
FNDA:7,toEmployeeStatus
FNDA:7,mapEmployee
FNDA:2,listEmployees
FNDA:2,getEmployeeById
FNDA:5,generateUniqueUsername
FNDA:3,buildInviteEmailHtml
FNDA:6,createEmployee
FNDA:7,inviteEmployee
FNDA:1,updateEmployee
FNDA:2,updateEmployeeStatus
DA:1,28
DA:2,28
DA:4,28
DA:5,28
DA:6,28
DA:7,28
DA:8,28
DA:16,28
DA:53,7
DA:57,7
DA:71,2
DA:72,2
DA:73,2
DA:75,2
DA:81,2
DA:82,2
DA:83,1
DA:84,1
DA:87,2
DA:94,2
DA:95,2
DA:96,0
DA:102,5
DA:103,5
DA:104,5
DA:105,5
DA:106,5
DA:108,0
DA:112,3
DA:124,6
DA:125,6
DA:127,5
DA:131,5
DA:132,4
DA:134,2
DA:135,2
DA:136,2
DA:137,2
DA:139,2
DA:152,2
DA:158,7
DA:159,7
DA:161,6
DA:165,6
DA:166,4
DA:168,3
DA:169,3
DA:170,3
DA:171,3
DA:173,3
DA:186,3
DA:188,2
DA:192,1
DA:193,1
DA:195,1
DA:196,1
DA:198,1
DA:207,1
DA:211,2
DA:212,2
DA:214,1
DA:215,1
DA:218,28
LF:63
LH:61
BRDA:53,0,0,6
BRDA:53,0,1,1
BRDA:73,1,0,0
BRDA:73,1,1,2
BRDA:84,2,0,1
BRDA:84,2,1,0
BRDA:84,3,0,1
BRDA:84,3,1,1
BRDA:95,4,0,2
BRDA:95,4,1,0
BRDA:102,5,0,5
BRDA:102,5,1,0
BRDA:102,6,0,5
BRDA:102,6,1,0
BRDA:104,7,0,5
BRDA:104,7,1,0
BRDA:106,8,0,5
BRDA:106,8,1,0
BRDA:125,9,0,1
BRDA:125,9,1,5
BRDA:128,10,0,5
BRDA:128,10,1,0
BRDA:129,11,0,5
BRDA:129,11,1,0
BRDA:131,12,0,1
BRDA:131,12,1,4
BRDA:132,13,0,2
BRDA:132,13,1,2
BRDA:145,14,0,2
BRDA:145,14,1,0
BRDA:159,15,0,1
BRDA:159,15,1,6
BRDA:163,16,0,6
BRDA:163,16,1,0
BRDA:165,17,0,2
BRDA:165,17,1,4
BRDA:166,18,0,1
BRDA:166,18,1,3
BRDA:193,19,0,0
BRDA:193,19,1,1
BRDA:196,20,0,0
BRDA:196,20,1,1
BRDA:201,21,0,1
BRDA:201,21,1,0
BRDA:203,22,0,0
BRDA:203,22,1,1
BRDA:204,23,0,0
BRDA:204,23,1,1
BRDA:212,24,0,1
BRDA:212,24,1,1
BRF:50
BRH:34
end_of_record
TN:
SF:src\modules\identity\employee.validators.ts
FN:4,(anonymous_0)
FNF:1
FNH:1
FNDA:162,(anonymous_0)
DA:1,27
DA:2,27
DA:4,162
DA:6,27
DA:13,27
DA:18,27
DA:22,27
DA:29,27
DA:38,27
DA:47,27
DA:53,27
LF:11
LH:11
BRF:0
BRH:0
end_of_record
TN:
SF:src\modules\identity\employeeRole.constants.ts
FN:19,(anonymous_0)
FN:20,(anonymous_1)
FN:22,jobTitleById
FN:26,roleOptionByJobTitle
FNF:4
FNH:4
FNDA:168,(anonymous_0)
FNDA:168,(anonymous_1)
FNDA:14,jobTitleById
FNDA:8,roleOptionByJobTitle
DA:10,28
DA:19,168
DA:20,168
DA:22,28
DA:23,14
DA:26,28
DA:27,8
DA:28,8
LF:8
LH:8
BRDA:27,0,0,0
BRDA:27,0,1,8
BRDA:28,1,0,8
BRDA:28,1,1,0
BRF:4
BRH:2
end_of_record
TN:
SF:src\modules\identity\employeeRole.routes.ts
FN:13,notEditable
FN:23,(anonymous_1)
FN:28,(anonymous_2)
FN:36,(anonymous_3)
FN:44,(anonymous_4)
FNF:5
FNH:5
FNDA:3,notEditable
FNDA:1,(anonymous_1)
FNDA:1,(anonymous_2)
FNDA:1,(anonymous_3)
FNDA:1,(anonymous_4)
DA:1,27
DA:2,27
DA:3,27
DA:4,27
DA:5,27
DA:6,27
DA:14,3
DA:19,27
DA:21,27
DA:23,27
DA:25,27
DA:29,1
DA:33,27
DA:37,1
DA:41,27
DA:45,1
DA:49,27
LF:17
LH:17
BRF:0
BRH:0
end_of_record
TN:
SF:src\modules\identity\user.controller.ts
FN:13,list
FN:19,getById
FN:25,updateStatus
FN:32,create
FN:38,update
FN:45,resetPassword
FNF:6
FNH:6
FNDA:1,list
FNDA:2,getById
FNDA:2,updateStatus
FNDA:4,create
FNDA:5,update
FNDA:2,resetPassword
DA:2,27
DA:3,27
DA:14,1
DA:15,1
DA:16,1
DA:20,2
DA:21,2
DA:22,1
DA:26,2
DA:27,2
DA:28,2
DA:29,1
DA:33,4
DA:34,4
DA:35,1
DA:39,5
DA:40,5
DA:41,5
DA:42,2
DA:46,2
DA:47,2
DA:48,2
DA:49,1
DA:52,27
LF:24
LH:24
BRF:0
BRH:0
end_of_record
TN:
SF:src\modules\identity\user.repository.ts
FN:15,buildWhere
FN:27,(anonymous_1)
FN:31,(anonymous_2)
FN:35,(anonymous_3)
FN:39,(anonymous_4)
FN:43,(anonymous_5)
FN:52,(anonymous_6)
FN:56,(anonymous_7)
FN:60,(anonymous_8)
FNF:9
FNH:0
FNDA:0,buildWhere
FNDA:0,(anonymous_1)
FNDA:0,(anonymous_2)
FNDA:0,(anonymous_3)
FNDA:0,(anonymous_4)
FNDA:0,(anonymous_5)
FNDA:0,(anonymous_6)
FNDA:0,(anonymous_7)
FNDA:0,(anonymous_8)
DA:2,25
DA:16,0
DA:17,0
DA:18,0
DA:19,0
DA:20,0
DA:21,0
DA:23,0
DA:26,25
DA:28,0
DA:32,0
DA:36,0
DA:40,0
DA:44,0
DA:45,0
DA:49,0
DA:53,0
DA:57,0
DA:61,0
LF:19
LH:2
BRDA:17,0,0,0
BRDA:17,0,1,0
BRDA:18,1,0,0
BRDA:18,1,1,0
BRDA:19,2,0,0
BRDA:19,2,1,0
BRF:6
BRH:0
end_of_record
TN:
SF:src\modules\identity\user.routes.ts
FNF:0
FNH:0
DA:1,27
DA:2,27
DA:3,27
DA:4,27
DA:5,27
DA:6,27
DA:15,27
DA:17,27
DA:21,27
DA:28,27
DA:37,27
DA:45,27
DA:52,27
DA:62,27
DA:70,27
LF:15
LH:15
BRF:0
BRH:0
end_of_record
TN:
SF:src\modules\identity\user.service.ts
FN:36,mapListItem
FN:48,buildAccountEmailHtml
FN:59,buildPasswordResetEmailHtml
FN:67,mapDetail
FN:79,listUsers
FN:97,getUserById
FN:103,updateUserStatus
FN:111,createUser
FN:153,resetUserPassword
FN:175,updateUser
FNF:10
FNH:10
FNDA:13,mapListItem
FNDA:3,buildAccountEmailHtml
FNDA:3,buildPasswordResetEmailHtml
FNDA:12,mapDetail
FNDA:1,listUsers
FNDA:2,getUserById
FNDA:2,updateUserStatus
FNDA:7,createUser
FNDA:6,resetUserPassword
FNDA:5,updateUser
DA:2,28
DA:3,28
DA:4,28
DA:5,28
DA:37,13
DA:49,3
DA:60,3
DA:68,12
DA:80,1
DA:81,1
DA:83,1
DA:91,1
DA:98,2
DA:99,2
DA:100,1
DA:104,2
DA:105,2
DA:107,1
DA:108,1
DA:112,7
DA:113,7
DA:114,1
DA:117,6
DA:118,5
DA:119,5
DA:121,5
DA:122,1
DA:123,1
DA:129,4
DA:130,4
DA:140,4
DA:141,3
DA:142,3
DA:144,1
DA:148,4
DA:154,6
DA:155,6
DA:157,4
DA:158,4
DA:160,4
DA:161,3
DA:162,3
DA:168,1
DA:172,4
DA:176,5
DA:177,5
DA:178,1
DA:181,4
DA:182,2
DA:183,2
DA:184,1
DA:187,3
DA:188,1
DA:189,1
DA:190,1
DA:194,2
DA:195,2
DA:196,2
DA:197,2
DA:198,2
DA:200,2
DA:201,2
DA:204,28
LF:63
LH:63
BRDA:99,0,0,1
BRDA:99,0,1,1
BRDA:105,1,0,1
BRDA:105,1,1,1
BRDA:113,2,0,1
BRDA:113,2,1,6
BRDA:117,3,0,5
BRDA:117,3,1,1
BRDA:119,4,0,1
BRDA:119,4,1,4
BRDA:121,5,0,1
BRDA:121,5,1,4
BRDA:123,6,0,1
BRDA:123,6,1,0
BRDA:129,7,0,3
BRDA:129,7,1,1
BRDA:135,8,0,4
BRDA:135,8,1,1
BRDA:136,9,0,4
BRDA:136,9,1,4
BRDA:140,10,0,3
BRDA:140,10,1,1
BRDA:155,11,0,2
BRDA:155,11,1,4
BRDA:160,12,0,3
BRDA:160,12,1,1
BRDA:177,13,0,1
BRDA:177,13,1,4
BRDA:181,14,0,2
BRDA:181,14,1,2
BRDA:181,15,0,4
BRDA:181,15,1,4
BRDA:183,16,0,1
BRDA:183,16,1,1
BRDA:183,17,0,2
BRDA:183,17,1,1
BRDA:187,18,0,1
BRDA:187,18,1,2
BRDA:187,19,0,3
BRDA:187,19,1,1
BRDA:189,20,0,1
BRDA:189,20,1,0
BRDA:189,21,0,1
BRDA:189,21,1,1
BRDA:195,22,0,2
BRDA:195,22,1,0
BRDA:196,23,0,0
BRDA:196,23,1,2
BRDA:197,24,0,2
BRDA:197,24,1,0
BRDA:198,25,0,0
BRDA:198,25,1,2
BRF:52
BRH:46
end_of_record
TN:
SF:src\modules\identity\user.validators.ts
FNF:0
FNH:0
DA:1,27
DA:3,27
DA:7,27
DA:10,27
DA:14,27
DA:22,27
DA:26,27
DA:30,27
DA:47,27
LF:9
LH:9
BRF:0
BRH:0
end_of_record
TN:
SF:src\modules\inventory\inventory.controller.ts
FN:22,requireActor
FN:27,list
FN:33,getByItemId
FN:39,listMovements
FN:45,getPicklist
FN:51,create
FN:57,adjust
FN:64,repair
FN:70,scrap
FN:77,listItemReservations
FN:84,reconcile
FN:89,reservationsTimeline
FN:97,listReports
FN:103,getReportById
FN:109,createReport
FN:116,confirmReport
FNF:16
FNH:11
FNDA:6,requireActor
FNDA:1,list
FNDA:2,getByItemId
FNDA:1,listMovements
FNDA:2,getPicklist
FNDA:2,create
FNDA:1,adjust
FNDA:0,repair
FNDA:0,scrap
FNDA:0,listItemReservations
FNDA:0,reconcile
FNDA:0,reservationsTimeline
FNDA:2,listReports
FNDA:1,getReportById
FNDA:2,createReport
FNDA:3,confirmReport
DA:2,27
DA:3,27
DA:4,27
DA:23,6
DA:24,6
DA:28,1
DA:29,1
DA:30,1
DA:34,2
DA:35,2
DA:36,1
DA:40,1
DA:41,1
DA:42,1
DA:46,2
DA:47,2
DA:48,1
DA:52,2
DA:53,2
DA:54,1
DA:58,1
DA:59,1
DA:60,1
DA:61,1
DA:65,0
DA:66,0
DA:67,0
DA:71,0
DA:72,0
DA:73,0
DA:74,0
DA:78,0
DA:79,0
DA:80,0
DA:81,0
DA:85,0
DA:86,0
DA:90,0
DA:91,0
DA:92,0
DA:93,0
DA:94,0
DA:98,2
DA:99,2
DA:100,2
DA:104,1
DA:105,1
DA:106,1
DA:110,2
DA:111,2
DA:112,2
DA:113,2
DA:117,3
DA:118,3
DA:119,3
DA:120,3
DA:121,2
DA:124,27
LF:58
LH:40
BRDA:23,0,0,0
BRDA:23,0,1,6
BRDA:91,1,0,0
BRDA:91,1,1,0
BRDA:92,2,0,0
BRDA:92,2,1,0
BRF:6
BRH:1
end_of_record
TN:
SF:src\modules\inventory\inventory.repository.ts
FN:61,buildInventoryWhere
FN:69,(anonymous_1)
FN:78,(anonymous_2)
FN:83,(anonymous_3)
FN:91,(anonymous_4)
FN:95,(anonymous_5)
FN:102,(anonymous_6)
FN:106,(anonymous_7)
FN:110,(anonymous_8)
FN:150,(anonymous_9)
FN:190,(anonymous_10)
FN:198,(anonymous_11)
FN:207,(anonymous_12)
FN:216,(anonymous_13)
FN:217,(anonymous_14)
FN:230,(anonymous_15)
FN:242,(anonymous_16)
FN:255,(anonymous_17)
FN:263,(anonymous_18)
FN:272,(anonymous_19)
FN:286,(anonymous_20)
FN:290,(anonymous_21)
FN:307,(anonymous_22)
FN:317,(anonymous_23)
FN:323,(anonymous_24)
FN:344,(anonymous_25)
FN:347,(anonymous_26)
FN:369,(anonymous_27)
FN:384,(anonymous_28)
FN:390,(anonymous_29)
FN:435,(anonymous_30)
FNF:31
FNH:3
FNDA:0,buildInventoryWhere
FNDA:0,(anonymous_1)
FNDA:0,(anonymous_2)
FNDA:0,(anonymous_3)
FNDA:0,(anonymous_4)
FNDA:0,(anonymous_5)
FNDA:0,(anonymous_6)
FNDA:0,(anonymous_7)
FNDA:1,(anonymous_8)
FNDA:1,(anonymous_9)
FNDA:1,(anonymous_10)
FNDA:0,(anonymous_11)
FNDA:0,(anonymous_12)
FNDA:0,(anonymous_13)
FNDA:0,(anonymous_14)
FNDA:0,(anonymous_15)
FNDA:0,(anonymous_16)
FNDA:0,(anonymous_17)
FNDA:0,(anonymous_18)
FNDA:0,(anonymous_19)
FNDA:0,(anonymous_20)
FNDA:0,(anonymous_21)
FNDA:0,(anonymous_22)
FNDA:0,(anonymous_23)
FNDA:0,(anonymous_24)
FNDA:0,(anonymous_25)
FNDA:0,(anonymous_26)
FNDA:0,(anonymous_27)
FNDA:0,(anonymous_28)
FNDA:0,(anonymous_29)
FNDA:0,(anonymous_30)
DA:7,24
DA:8,24
DA:9,24
DA:11,24
DA:26,24
DA:33,24
DA:62,0
DA:63,0
DA:64,0
DA:65,0
DA:68,24
DA:70,0
DA:71,0
DA:75,0
DA:79,0
DA:84,0
DA:85,0
DA:92,0
DA:96,0
DA:103,0
DA:107,0
DA:117,1
DA:141,1
DA:147,1
DA:150,1
DA:154,1
DA:155,1
DA:156,0
DA:157,0
DA:158,0
DA:161,1
DA:162,1
DA:164,1
DA:165,1
DA:166,1
DA:167,1
DA:169,1
DA:170,1
DA:172,1
DA:174,1
DA:175,1
DA:176,2
DA:177,1
DA:178,1
DA:182,1
DA:183,1
DA:184,0
DA:186,1
DA:189,1
DA:190,1
DA:191,1
DA:192,1
DA:195,1
DA:199,0
DA:208,0
DA:217,0
DA:218,0
DA:223,0
DA:226,0
DA:239,0
DA:243,0
DA:244,0
DA:245,0
DA:246,0
DA:248,0
DA:252,0
DA:256,0
DA:260,0
DA:264,0
DA:273,0
DA:274,0
DA:275,0
DA:276,0
DA:277,0
DA:279,0
DA:283,0
DA:287,0
DA:299,0
DA:307,0
DA:323,0
DA:324,0
DA:329,0
DA:330,0
DA:344,0
DA:345,0
DA:346,0
DA:347,0
DA:360,0
DA:361,0
DA:362,0
DA:370,0
DA:374,0
DA:375,0
DA:376,0
DA:390,0
DA:391,0
DA:392,0
DA:394,0
DA:395,0
DA:396,0
DA:397,0
DA:400,0
DA:412,0
DA:420,0
DA:421,0
DA:427,0
DA:430,0
DA:434,24
DA:436,0
DA:437,0
DA:438,0
DA:440,0
LF:112
LH:36
BRDA:63,0,0,0
BRDA:63,0,1,0
BRDA:64,1,0,0
BRDA:64,1,1,0
BRDA:84,2,0,0
BRDA:84,2,1,0
BRDA:141,3,0,0
BRDA:141,3,1,1
BRDA:157,4,0,0
BRDA:157,4,1,0
BRDA:158,5,0,0
BRDA:158,5,1,0
BRDA:172,6,0,0
BRDA:172,6,1,1
BRDA:174,7,0,1
BRDA:174,7,1,0
BRDA:176,8,0,1
BRDA:176,8,1,1
BRDA:178,9,0,0
BRDA:178,9,1,1
BRDA:183,10,0,0
BRDA:183,10,1,1
BRDA:189,11,0,1
BRDA:189,11,1,0
BRDA:189,12,0,1
BRDA:189,12,1,1
BRDA:191,13,0,1
BRDA:191,13,1,1
BRDA:224,14,0,0
BRDA:224,14,1,0
BRDA:244,15,0,0
BRDA:244,15,1,0
BRDA:245,16,0,0
BRDA:245,16,1,0
BRDA:246,17,0,0
BRDA:246,17,1,0
BRDA:260,18,0,0
BRDA:260,18,1,0
BRDA:274,19,0,0
BRDA:274,19,1,0
BRDA:275,20,0,0
BRDA:275,20,1,0
BRDA:276,21,0,0
BRDA:276,21,1,0
BRDA:277,22,0,0
BRDA:277,22,1,0
BRDA:307,23,0,0
BRDA:307,23,1,0
BRDA:345,24,0,0
BRDA:345,24,1,0
BRDA:361,25,0,0
BRDA:361,25,1,0
BRDA:375,26,0,0
BRDA:375,26,1,0
BRDA:396,27,0,0
BRDA:396,27,1,0
BRDA:420,28,0,0
BRDA:420,28,1,0
BRF:58
BRH:12
end_of_record
TN:
SF:src\modules\inventory\inventory.routes.ts
FNF:0
FNH:0
DA:1,27
DA:2,27
DA:3,27
DA:4,27
DA:5,27
DA:6,27
DA:23,27
DA:25,27
DA:29,27
DA:33,27
DA:43,27
DA:51,27
DA:57,27
DA:64,27
DA:67,27
DA:70,27
DA:76,27
DA:85,27
DA:92,27
DA:99,27
DA:108,27
DA:119,27
DA:126,27
DA:133,27
DA:141,27
DA:150,27
DA:159,27
DA:161,27
LF:28
LH:28
BRF:0
BRH:0
end_of_record
TN:
SF:src\modules\inventory\inventory.service.ts
FN:103,mapInventory
FN:122,mapMovement
FN:138,mapReport
FN:151,(anonymous_3)
FN:161,(anonymous_4)
FN:165,toMeta
FN:169,findInventoryOrThrow
FN:175,listInventory
FN:182,(anonymous_8)
FN:189,(anonymous_9)
FN:198,getInventoryByItemId
FN:206,listMovements
FN:216,getPicklist
FN:224,(anonymous_13)
FN:252,createInventory
FN:272,adjustInventory
FN:302,mapInventoryFresh
FN:310,repairInventory
FN:323,scrapInventory
FN:350,listItemReservations
FN:355,(anonymous_20)
FN:370,listReports
FN:380,findReportOrThrow
FN:386,getReportById
FN:391,createReport
FN:413,(anonymous_25)
FN:428,confirmReport
FN:466,(anonymous_27)
FN:480,recordFieldOutbound
FN:484,(anonymous_29)
FN:536,reconcileInventory
FN:538,(anonymous_31)
FN:541,(anonymous_32)
FN:562,(anonymous_33)
FN:603,maxConcurrentQuantity
FN:610,(anonymous_35)
FN:620,listReservationsTimeline
FN:656,(anonymous_37)
FN:663,(anonymous_38)
FN:669,(anonymous_39)
FNF:40
FNH:22
FNDA:4,mapInventory
FNDA:1,mapMovement
FNDA:7,mapReport
FNDA:7,(anonymous_3)
FNDA:0,(anonymous_4)
FNDA:4,toMeta
FNDA:3,findInventoryOrThrow
FNDA:1,listInventory
FNDA:1,(anonymous_8)
FNDA:1,(anonymous_9)
FNDA:2,getInventoryByItemId
FNDA:1,listMovements
FNDA:2,getPicklist
FNDA:1,(anonymous_13)
FNDA:2,createInventory
FNDA:1,adjustInventory
FNDA:0,mapInventoryFresh
FNDA:0,repairInventory
FNDA:0,scrapInventory
FNDA:0,listItemReservations
FNDA:0,(anonymous_20)
FNDA:2,listReports
FNDA:4,findReportOrThrow
FNDA:1,getReportById
FNDA:2,createReport
FNDA:2,(anonymous_25)
FNDA:3,confirmReport
FNDA:2,(anonymous_27)
FNDA:0,recordFieldOutbound
FNDA:0,(anonymous_29)
FNDA:0,reconcileInventory
FNDA:0,(anonymous_31)
FNDA:0,(anonymous_32)
FNDA:0,(anonymous_33)
FNDA:0,maxConcurrentQuantity
FNDA:0,(anonymous_35)
FNDA:0,listReservationsTimeline
FNDA:0,(anonymous_37)
FNDA:0,(anonymous_38)
FNDA:0,(anonymous_39)
DA:1,25
DA:2,25
DA:5,25
DA:12,25
DA:104,4
DA:123,1
DA:139,7
DA:151,7
DA:161,0
DA:166,4
DA:170,3
DA:171,3
DA:172,2
DA:176,1
DA:177,1
DA:178,1
DA:179,1
DA:182,1
DA:183,1
DA:189,1
DA:190,1
DA:191,1
DA:192,1
DA:195,1
DA:199,2
DA:200,1
DA:201,1
DA:202,1
DA:203,1
DA:207,1
DA:208,1
DA:213,1
DA:217,2
DA:218,2
DA:220,1
DA:222,1
DA:224,1
DA:225,1
DA:226,1
DA:227,1
DA:229,1
DA:231,1
DA:233,1
DA:253,2
DA:254,2
DA:256,2
DA:257,2
DA:259,1
DA:260,0
DA:263,1
DA:269,1
DA:273,1
DA:275,1
DA:277,1
DA:278,0
DA:284,1
DA:285,1
DA:295,1
DA:296,1
DA:297,1
DA:298,1
DA:303,0
DA:304,0
DA:305,0
DA:306,0
DA:311,0
DA:312,0
DA:313,0
DA:318,0
DA:319,0
DA:324,0
DA:325,0
DA:326,0
DA:331,0
DA:332,0
DA:351,0
DA:352,0
DA:353,0
DA:354,0
DA:355,0
DA:371,2
DA:372,2
DA:377,2
DA:381,4
DA:382,4
DA:383,4
DA:387,1
DA:388,1
DA:392,2
DA:393,2
DA:395,2
DA:396,2
DA:397,2
DA:398,0
DA:402,2
DA:403,2
DA:404,2
DA:407,2
DA:413,2
DA:423,2
DA:429,3
DA:430,3
DA:431,1
DA:434,2
DA:435,0
DA:436,0
DA:437,0
DA:444,2
DA:445,0
DA:446,0
DA:449,2
DA:450,2
DA:451,0
DA:452,0
DA:453,0
DA:454,0
DA:462,2
DA:466,2
DA:474,2
DA:481,0
DA:482,0
DA:484,0
DA:485,0
DA:486,0
DA:489,0
DA:490,0
DA:491,0
DA:494,0
DA:495,0
DA:501,0
DA:503,0
DA:504,0
DA:510,0
DA:537,0
DA:538,0
DA:539,0
DA:541,0
DA:542,0
DA:543,0
DA:544,0
DA:545,0
DA:546,0
DA:547,0
DA:548,0
DA:549,0
DA:562,0
DA:563,0
DA:604,0
DA:605,0
DA:606,0
DA:607,0
DA:610,0
DA:611,0
DA:612,0
DA:613,0
DA:614,0
DA:615,0
DA:617,0
DA:621,0
DA:623,0
DA:624,0
DA:625,0
DA:626,0
DA:627,0
DA:638,0
DA:640,0
DA:653,0
DA:654,0
DA:655,0
DA:656,0
DA:657,0
DA:658,0
DA:659,0
DA:660,0
DA:661,0
DA:662,0
DA:663,0
DA:665,0
DA:669,0
DA:670,0
DA:671,0
DA:674,0
DA:677,25
LF:183
LH:88
BRDA:112,0,0,4
BRDA:112,0,1,0
BRDA:147,1,0,1
BRDA:147,1,1,6
BRDA:148,2,0,1
BRDA:148,2,1,6
BRDA:171,3,0,1
BRDA:171,3,1,2
BRDA:178,4,0,0
BRDA:178,4,1,1
BRDA:190,5,0,1
BRDA:190,5,1,0
BRDA:191,6,0,1
BRDA:191,6,1,0
BRDA:218,7,0,1
BRDA:218,7,1,1
BRDA:227,8,0,1
BRDA:227,8,1,0
BRDA:241,9,0,1
BRDA:241,9,1,1
BRDA:254,10,0,0
BRDA:254,10,1,2
BRDA:257,11,0,1
BRDA:257,11,1,1
BRDA:259,12,0,0
BRDA:259,12,1,1
BRDA:277,13,0,0
BRDA:277,13,1,1
BRDA:277,14,0,1
BRDA:277,14,1,0
BRDA:292,15,0,1
BRDA:292,15,1,0
BRDA:312,16,0,0
BRDA:312,16,1,0
BRDA:325,17,0,0
BRDA:325,17,1,0
BRDA:331,18,0,0
BRDA:331,18,1,0
BRDA:352,19,0,0
BRDA:352,19,1,0
BRDA:353,20,0,0
BRDA:353,20,1,0
BRDA:359,21,0,0
BRDA:359,21,1,0
BRDA:360,22,0,0
BRDA:360,22,1,0
BRDA:361,23,0,0
BRDA:361,23,1,0
BRDA:362,24,0,0
BRDA:362,24,1,0
BRDA:362,25,0,0
BRDA:362,25,1,0
BRDA:382,26,0,0
BRDA:382,26,1,4
BRDA:393,27,0,0
BRDA:393,27,1,2
BRDA:395,28,0,2
BRDA:395,28,1,0
BRDA:397,29,0,0
BRDA:397,29,1,2
BRDA:404,30,0,0
BRDA:404,30,1,2
BRDA:410,31,0,2
BRDA:410,31,1,2
BRDA:412,32,0,2
BRDA:412,32,1,0
BRDA:418,33,0,2
BRDA:418,33,1,2
BRDA:420,34,0,2
BRDA:420,34,1,2
BRDA:430,35,0,1
BRDA:430,35,1,2
BRDA:434,36,0,0
BRDA:434,36,1,2
BRDA:436,37,0,0
BRDA:436,37,1,0
BRDA:444,38,0,0
BRDA:444,38,1,2
BRDA:450,39,0,2
BRDA:450,39,1,0
BRDA:452,40,0,0
BRDA:452,40,1,0
BRDA:453,41,0,0
BRDA:453,41,1,0
BRDA:482,42,0,0
BRDA:482,42,1,0
BRDA:484,43,0,0
BRDA:484,43,1,0
BRDA:485,44,0,0
BRDA:485,44,1,0
BRDA:491,45,0,0
BRDA:491,45,1,0
BRDA:498,46,0,0
BRDA:498,46,1,0
BRDA:503,47,0,0
BRDA:503,47,1,0
BRDA:542,48,0,0
BRDA:542,48,1,0
BRDA:546,49,0,0
BRDA:546,49,1,0
BRDA:547,50,0,0
BRDA:547,50,1,0
BRDA:548,51,0,0
BRDA:548,51,1,0
BRDA:610,52,0,0
BRDA:610,52,1,0
BRDA:615,53,0,0
BRDA:615,53,1,0
BRDA:626,54,0,0
BRDA:626,54,1,0
BRDA:643,55,0,0
BRDA:643,55,1,0
BRDA:644,56,0,0
BRDA:644,56,1,0
BRDA:654,57,0,0
BRDA:654,57,1,0
BRDA:659,58,0,0
BRDA:659,58,1,0
BRDA:660,59,0,0
BRDA:660,59,1,0
BRDA:670,60,0,0
BRDA:670,60,1,0
BRDA:670,61,0,0
BRDA:670,61,1,0
BRF:124
BRH:39
end_of_record
TN:
SF:src\modules\inventory\inventory.validators.ts
FN:52,(anonymous_0)
FNF:1
FNH:1
FNDA:1,(anonymous_0)
DA:1,27
DA:3,27
DA:7,27
DA:11,27
DA:15,27
DA:18,27
DA:21,27
DA:25,27
DA:36,27
DA:44,27
DA:50,27
DA:52,1
DA:57,27
DA:62,27
DA:65,27
DA:71,27
DA:77,27
DA:89,27
DA:97,27
DA:107,27
LF:20
LH:20
BRF:0
BRH:0
end_of_record
TN:
SF:src\modules\inventory\reservation.repository.ts
FN:24,(anonymous_0)
FN:32,orderWindow
FN:40,getReservedForRange
FN:65,listReservationsForItem
FN:80,getReservedForRangeBatch
FN:108,getOutstandingOutBatch
FN:126,getMovementSumsBatch
FN:152,listReservationsInRange
FN:174,getOutstandingOut
FN:190,getOnHandNow
FN:201,getAvailableForRange
FN:218,releaseByOrder
FN:226,consumeByOrder
FN:234,countActiveByOrder
FN:252,reserveOrderStock
FN:321,resyncWindowsForOrder
FN:335,resyncReservationsForOrder
FN:346,getRentedByItemForOrder
FN:361,getRentedByItemForOrders
FNF:19
FNH:10
FNDA:9,(anonymous_0)
FNDA:3,orderWindow
FNDA:3,getReservedForRange
FNDA:0,listReservationsForItem
FNDA:0,getReservedForRangeBatch
FNDA:0,getOutstandingOutBatch
FNDA:0,getMovementSumsBatch
FNDA:0,listReservationsInRange
FNDA:1,getOutstandingOut
FNDA:2,getOnHandNow
FNDA:1,getAvailableForRange
FNDA:0,releaseByOrder
FNDA:0,consumeByOrder
FNDA:0,countActiveByOrder
FNDA:0,reserveOrderStock
FNDA:1,resyncWindowsForOrder
FNDA:2,resyncReservationsForOrder
FNDA:2,getRentedByItemForOrder
FNDA:1,getRentedByItemForOrders
DA:1,29
DA:3,29
DA:4,29
DA:17,29
DA:18,29
DA:20,29
DA:21,29
DA:24,29
DA:32,29
DA:33,3
DA:34,3
DA:35,3
DA:36,3
DA:46,3
DA:47,3
DA:57,3
DA:71,0
DA:72,0
DA:86,0
DA:87,0
DA:88,0
DA:89,0
DA:103,0
DA:104,0
DA:109,0
DA:110,0
DA:111,0
DA:116,0
DA:117,0
DA:118,0
DA:119,0
DA:121,0
DA:122,0
DA:127,0
DA:128,0
DA:129,0
DA:134,0
DA:135,0
DA:136,0
DA:137,0
DA:138,0
DA:139,0
DA:141,0
DA:157,0
DA:158,0
DA:175,1
DA:180,1
DA:181,1
DA:182,2
DA:183,2
DA:184,1
DA:186,1
DA:191,2
DA:195,2
DA:196,1
DA:197,1
DA:208,1
DA:212,1
DA:213,1
DA:214,1
DA:219,0
DA:227,0
DA:235,0
DA:257,0
DA:265,0
DA:267,0
DA:268,0
DA:269,0
DA:271,0
DA:276,0
DA:277,0
DA:278,0
DA:279,0
DA:281,0
DA:282,0
DA:284,0
DA:286,0
DA:289,0
DA:290,0
DA:294,0
DA:295,0
DA:297,0
DA:298,0
DA:299,0
DA:303,0
DA:304,0
DA:305,0
DA:306,0
DA:311,0
DA:312,0
DA:313,0
DA:316,0
DA:322,1
DA:323,1
DA:324,1
DA:325,1
DA:336,2
DA:337,2
DA:338,2
DA:339,0
DA:340,0
DA:347,2
DA:348,2
DA:352,2
DA:353,2
DA:354,0
DA:355,0
DA:357,2
DA:362,1
DA:363,1
DA:364,1
DA:368,1
DA:369,0
DA:370,0
DA:371,0
DA:372,0
DA:373,0
DA:375,1
DA:378,29
LF:119
LH:49
BRDA:24,0,0,9
BRDA:24,0,1,9
BRDA:34,1,0,3
BRDA:34,1,1,2
BRDA:44,2,0,1
BRDA:46,3,0,3
BRDA:46,3,1,3
BRDA:53,4,0,1
BRDA:53,4,1,2
BRDA:57,5,0,3
BRDA:57,5,1,1
BRDA:69,6,0,0
BRDA:71,7,0,0
BRDA:71,7,1,0
BRDA:84,8,0,0
BRDA:87,9,0,0
BRDA:87,9,1,0
BRDA:88,10,0,0
BRDA:88,10,1,0
BRDA:99,11,0,0
BRDA:99,11,1,0
BRDA:103,12,0,0
BRDA:103,12,1,0
BRDA:110,13,0,0
BRDA:110,13,1,0
BRDA:117,14,0,0
BRDA:117,14,1,0
BRDA:118,15,0,0
BRDA:118,15,1,0
BRDA:119,16,0,0
BRDA:119,16,1,0
BRDA:128,17,0,0
BRDA:128,17,1,0
BRDA:135,18,0,0
BRDA:135,18,1,0
BRDA:136,19,0,0
BRDA:136,19,1,0
BRDA:137,20,0,0
BRDA:137,20,1,0
BRDA:155,21,0,0
BRDA:157,22,0,0
BRDA:157,22,1,0
BRDA:163,23,0,0
BRDA:163,23,1,0
BRDA:182,24,0,2
BRDA:182,24,1,0
BRDA:183,25,0,1
BRDA:183,25,1,1
BRDA:184,26,0,1
BRDA:184,26,1,0
BRDA:195,27,0,1
BRDA:195,27,1,1
BRDA:212,28,0,0
BRDA:212,28,1,1
BRDA:265,29,0,0
BRDA:265,29,1,0
BRDA:269,30,0,0
BRDA:269,30,1,0
BRDA:271,31,0,0
BRDA:271,31,1,0
BRDA:279,32,0,0
BRDA:279,32,1,0
BRDA:282,33,0,0
BRDA:282,33,1,0
BRDA:284,34,0,0
BRDA:284,34,1,0
BRDA:295,35,0,0
BRDA:295,35,1,0
BRDA:303,36,0,0
BRDA:303,36,1,0
BRDA:304,37,0,0
BRDA:304,37,1,0
BRDA:312,38,0,0
BRDA:312,38,1,0
BRDA:323,39,0,0
BRDA:323,39,1,1
BRDA:337,40,0,0
BRDA:337,40,1,2
BRDA:338,41,0,2
BRDA:338,41,1,0
BRDA:338,42,0,2
BRDA:338,42,1,2
BRDA:347,43,0,2
BRDA:347,43,1,2
BRDA:354,44,0,0
BRDA:354,44,1,0
BRDA:355,45,0,0
BRDA:355,45,1,0
BRDA:363,46,0,0
BRDA:363,46,1,1
BRDA:370,47,0,0
BRDA:370,47,1,0
BRDA:370,48,0,0
BRDA:370,48,1,0
BRDA:371,49,0,0
BRDA:371,49,1,0
BRDA:373,50,0,0
BRDA:373,50,1,0
BRF:98
BRH:26
end_of_record
TN:
SF:src\modules\mobile\mobile.controller.ts
FN:7,getOrder
FN:13,submitCollectedReport
FNF:2
FNH:2
FNDA:1,getOrder
FNDA:1,submitCollectedReport
DA:2,27
DA:3,27
DA:4,27
DA:8,1
DA:9,1
DA:10,1
DA:14,1
DA:15,1
DA:16,1
DA:17,1
DA:18,1
DA:21,27
LF:12
LH:12
BRDA:14,0,0,0
BRDA:14,0,1,1
BRF:2
BRH:1
end_of_record
TN:
SF:src\modules\mobile\mobile.routes.ts
FNF:0
FNH:0
DA:1,27
DA:2,27
DA:3,27
DA:4,27
DA:5,27
DA:6,27
DA:19,27
DA:21,27
DA:23,27
DA:30,27
DA:38,27
LF:11
LH:11
BRF:0
BRH:0
end_of_record
TN:
SF:src\modules\mobile\mobile.service.ts
FN:10,getAssignedOrder
FN:14,submitCollectedReport
FNF:2
FNH:2
FNDA:1,getAssignedOrder
FNDA:1,submitCollectedReport
DA:5,27
DA:7,27
DA:11,1
DA:15,1
DA:28,27
LF:5
LH:5
BRF:0
BRH:0
end_of_record
TN:
SF:src\modules\mobile\mobile.validators.ts
FNF:0
FNH:0
DA:1,27
DA:3,27
DA:7,27
DA:9,27
DA:19,27
LF:5
LH:5
BRF:0
BRH:0
end_of_record
TN:
SF:src\modules\operations\event.controller.ts
FN:6,getOverview
FNF:1
FNH:1
FNDA:3,getOverview
DA:2,27
DA:3,27
DA:7,3
DA:8,3
DA:9,2
DA:12,27
LF:6
LH:6
BRF:0
BRH:0
end_of_record
TN:
SF:src\modules\operations\event.repository.ts
FN:36,(anonymous_0)
FNF:1
FNH:0
FNDA:0,(anonymous_0)
DA:2,26
DA:4,26
DA:32,26
DA:37,0
LF:4
LH:3
BRF:0
BRH:0
end_of_record
TN:
SF:src\modules\operations\event.routes.ts
FNF:0
FNH:0
DA:1,27
DA:2,27
DA:3,27
DA:4,27
DA:5,27
DA:6,27
DA:8,27
DA:10,27
DA:14,27
DA:21,27
LF:10
LH:10
BRF:0
BRH:0
end_of_record
TN:
SF:src\modules\operations\event.service.ts
FN:61,toNumber
FN:65,mapOverview
FN:66,(anonymous_2)
FN:74,(anonymous_3)
FN:84,(anonymous_4)
FN:93,(anonymous_5)
FN:94,(anonymous_6)
FN:140,getEventOverview
FNF:8
FNH:8
FNDA:4,toNumber
FNDA:4,mapOverview
FNDA:4,(anonymous_2)
FNDA:3,(anonymous_3)
FNDA:4,(anonymous_4)
FNDA:4,(anonymous_5)
FNDA:4,(anonymous_6)
FNDA:6,getEventOverview
DA:2,27
DA:3,27
DA:4,27
DA:62,4
DA:66,4
DA:74,3
DA:84,4
DA:93,4
DA:94,4
DA:100,4
DA:111,4
DA:141,6
DA:142,6
DA:143,4
DA:146,27
LF:15
LH:15
BRDA:62,0,0,0
BRDA:62,0,1,4
BRDA:62,1,0,4
BRDA:62,1,1,4
BRDA:71,2,0,4
BRDA:71,2,1,0
BRDA:79,3,0,3
BRDA:79,3,1,0
BRDA:80,4,0,0
BRDA:80,4,1,3
BRDA:90,5,0,4
BRDA:90,5,1,0
BRDA:130,6,0,4
BRDA:130,6,1,0
BRDA:142,7,0,2
BRDA:142,7,1,4
BRF:16
BRH:10
end_of_record
TN:
SF:src\modules\operations\event.validators.ts
FNF:0
FNH:0
DA:1,27
DA:3,27
LF:2
LH:2
BRF:0
BRH:0
end_of_record
TN:
SF:src\modules\operations\schedule.controller.ts
FN:26,requireActor
FN:31,list
FN:39,listActive
FN:45,getById
FN:52,create
FN:59,update
FN:66,updateStatus
FN:74,addAssignee
FN:81,removeAssignee
FN:87,checkIn
FN:95,checkOut
FN:103,attachEvidence
FN:111,listWorkTasks
FN:117,getWorkTask
FN:123,createWorkTask
FN:129,updateWorkTask
FN:136,deleteWorkTask
FN:142,remove
FN:148,createBatch
FN:155,updateStatusBatch
FN:161,recordWarehouseMovement
FN:170,listAttendances
FNF:22
FNH:10
FNDA:8,requireActor
FNDA:4,list
FNDA:0,listActive
FNDA:3,getById
FNDA:0,create
FNDA:0,update
FNDA:1,updateStatus
FNDA:0,addAssignee
FNDA:0,removeAssignee
FNDA:0,checkIn
FNDA:0,checkOut
FNDA:0,attachEvidence
FNDA:0,listWorkTasks
FNDA:2,getWorkTask
FNDA:2,createWorkTask
FNDA:2,updateWorkTask
FNDA:1,deleteWorkTask
FNDA:1,remove
FNDA:0,createBatch
FNDA:4,updateStatusBatch
FNDA:0,recordWarehouseMovement
FNDA:0,listAttendances
DA:2,27
DA:3,27
DA:4,27
DA:27,8
DA:28,8
DA:32,4
DA:33,4
DA:34,4
DA:35,4
DA:40,0
DA:41,0
DA:42,0
DA:46,3
DA:47,3
DA:48,3
DA:49,2
DA:53,0
DA:54,0
DA:55,0
DA:56,0
DA:60,0
DA:61,0
DA:62,0
DA:63,0
DA:67,1
DA:68,1
DA:69,1
DA:70,1
DA:71,0
DA:75,0
DA:76,0
DA:77,0
DA:78,0
DA:82,0
DA:83,0
DA:84,0
DA:88,0
DA:89,0
DA:90,0
DA:91,0
DA:92,0
DA:96,0
DA:97,0
DA:98,0
DA:99,0
DA:100,0
DA:104,0
DA:105,0
DA:106,0
DA:107,0
DA:108,0
DA:112,0
DA:113,0
DA:114,0
DA:118,2
DA:119,2
DA:120,1
DA:124,2
DA:125,2
DA:126,1
DA:130,2
DA:131,2
DA:132,2
DA:133,1
DA:137,1
DA:138,1
DA:139,1
DA:143,1
DA:144,1
DA:145,1
DA:149,0
DA:150,0
DA:151,0
DA:152,0
DA:156,4
DA:157,4
DA:158,2
DA:162,0
DA:163,0
DA:164,0
DA:165,0
DA:166,0
DA:171,0
DA:172,0
DA:173,0
DA:176,27
LF:86
LH:37
BRDA:27,0,0,0
BRDA:27,0,1,8
BRF:2
BRH:1
end_of_record
TN:
SF:src\modules\operations\schedule.repository.ts
FN:50,buildWhere
FN:88,findDateMatchedOrderIds
FN:107,(anonymous_2)
FN:111,(anonymous_3)
FN:128,(anonymous_4)
FN:135,(anonymous_5)
FN:150,(anonymous_6)
FN:155,(anonymous_7)
FN:159,(anonymous_8)
FN:163,(anonymous_9)
FN:170,(anonymous_10)
FN:178,(anonymous_11)
FN:203,(anonymous_12)
FN:209,(anonymous_13)
FN:216,(anonymous_14)
FN:231,(anonymous_15)
FN:240,(anonymous_16)
FN:246,(anonymous_17)
FN:256,(anonymous_18)
FN:260,(anonymous_19)
FN:264,(anonymous_20)
FN:272,(anonymous_21)
FN:279,(anonymous_22)
FN:286,(anonymous_23)
FN:292,(anonymous_24)
FN:298,(anonymous_25)
FN:314,(anonymous_26)
FN:318,(anonymous_27)
FN:322,(anonymous_28)
FN:326,(anonymous_29)
FN:330,(anonymous_30)
FN:334,(anonymous_31)
FN:374,(anonymous_32)
FN:390,(anonymous_33)
FN:403,(anonymous_34)
FN:410,(anonymous_35)
FN:417,(anonymous_36)
FNF:37
FNH:2
FNDA:0,buildWhere
FNDA:0,findDateMatchedOrderIds
FNDA:0,(anonymous_2)
FNDA:0,(anonymous_3)
FNDA:0,(anonymous_4)
FNDA:0,(anonymous_5)
FNDA:0,(anonymous_6)
FNDA:0,(anonymous_7)
FNDA:0,(anonymous_8)
FNDA:0,(anonymous_9)
FNDA:0,(anonymous_10)
FNDA:0,(anonymous_11)
FNDA:0,(anonymous_12)
FNDA:0,(anonymous_13)
FNDA:0,(anonymous_14)
FNDA:0,(anonymous_15)
FNDA:0,(anonymous_16)
FNDA:0,(anonymous_17)
FNDA:0,(anonymous_18)
FNDA:0,(anonymous_19)
FNDA:0,(anonymous_20)
FNDA:0,(anonymous_21)
FNDA:0,(anonymous_22)
FNDA:0,(anonymous_23)
FNDA:0,(anonymous_24)
FNDA:0,(anonymous_25)
FNDA:0,(anonymous_26)
FNDA:0,(anonymous_27)
FNDA:0,(anonymous_28)
FNDA:0,(anonymous_29)
FNDA:0,(anonymous_30)
FNDA:0,(anonymous_31)
FNDA:0,(anonymous_32)
FNDA:0,(anonymous_33)
FNDA:0,(anonymous_34)
FNDA:3,(anonymous_35)
FNDA:3,(anonymous_36)
DA:2,23
DA:3,23
DA:4,23
DA:21,23
DA:51,0
DA:52,0
DA:53,0
DA:54,0
DA:60,0
DA:61,0
DA:62,0
DA:63,0
DA:64,0
DA:65,0
DA:66,0
DA:68,0
DA:73,0
DA:74,0
DA:75,0
DA:76,0
DA:77,0
DA:79,0
DA:89,0
DA:90,0
DA:91,0
DA:94,0
DA:98,0
DA:100,0
DA:107,0
DA:110,23
DA:113,0
DA:114,0
DA:115,0
DA:125,0
DA:129,0
DA:136,0
DA:151,0
DA:152,0
DA:156,0
DA:160,0
DA:164,0
DA:171,0
DA:175,0
DA:191,0
DA:203,0
DA:213,0
DA:222,0
DA:231,0
DA:245,0
DA:247,0
DA:253,0
DA:257,0
DA:261,0
DA:265,0
DA:273,0
DA:280,0
DA:287,0
DA:292,0
DA:299,0
DA:300,0
DA:301,0
DA:307,0
DA:311,0
DA:315,0
DA:319,0
DA:323,0
DA:327,0
DA:331,0
DA:335,0
DA:337,0
DA:338,0
DA:339,0
DA:340,0
DA:341,0
DA:344,0
DA:345,0
DA:353,0
DA:368,0
DA:388,0
DA:389,0
DA:391,0
DA:403,0
DA:411,3
DA:415,3
DA:417,3
DA:422,2
DA:423,2
DA:425,2
DA:427,1
DA:429,1
LF:90
LH:13
BRDA:52,0,0,0
BRDA:52,0,1,0
BRDA:53,1,0,0
BRDA:53,1,1,0
BRDA:54,2,0,0
BRDA:54,2,1,0
BRDA:60,3,0,0
BRDA:60,3,1,0
BRDA:60,4,0,0
BRDA:60,4,1,0
BRDA:60,4,2,0
BRDA:62,5,0,0
BRDA:62,5,1,0
BRDA:63,6,0,0
BRDA:63,6,1,0
BRDA:74,7,0,0
BRDA:74,7,1,0
BRDA:75,8,0,0
BRDA:75,8,1,0
BRDA:76,9,0,0
BRDA:76,9,1,0
BRDA:77,10,0,0
BRDA:77,10,1,0
BRDA:90,11,0,0
BRDA:90,11,1,0
BRDA:91,12,0,0
BRDA:91,12,1,0
BRDA:98,13,0,0
BRDA:98,13,1,0
BRDA:113,14,0,0
BRDA:113,14,1,0
BRDA:226,15,0,0
BRDA:226,15,1,0
BRDA:227,16,0,0
BRDA:227,16,1,0
BRDA:249,17,0,0
BRDA:249,17,1,0
BRDA:300,18,0,0
BRDA:300,18,1,0
BRDA:338,19,0,0
BRDA:338,19,1,0
BRDA:339,20,0,0
BRDA:339,20,1,0
BRDA:340,21,0,0
BRDA:340,21,1,0
BRDA:344,22,0,0
BRDA:344,22,1,0
BRDA:415,23,0,1
BRDA:415,23,1,2
BRDA:415,24,0,3
BRDA:415,24,1,3
BRDA:417,25,0,3
BRDA:417,25,1,0
BRDA:422,26,0,1
BRDA:422,26,1,1
BRDA:425,27,0,1
BRDA:425,27,1,1
BRDA:425,28,0,2
BRDA:425,28,1,1
BRF:59
BRH:11
end_of_record
TN:
SF:src\modules\operations\schedule.routes.ts
FNF:0
FNH:0
DA:1,27
DA:2,27
DA:3,27
DA:4,27
DA:5,27
DA:6,27
DA:27,27
DA:29,27
DA:31,27
DA:33,27
DA:42,27
DA:48,27
DA:54,27
DA:61,27
DA:70,27
DA:77,27
DA:87,27
DA:98,27
DA:106,27
DA:114,27
DA:121,27
DA:129,27
DA:139,27
DA:149,27
DA:158,27
DA:160,27
DA:161,27
DA:167,27
DA:173,27
DA:180,27
DA:188,27
LF:31
LH:31
BRF:0
BRH:0
end_of_record
TN:
SF:src\modules\operations\schedule.service.ts
FN:81,mapAssignee
FN:100,mapPlan
FN:122,(anonymous_2)
FN:128,findPlanOrThrow
FN:134,validateAssigneeInputs
FN:150,assertAtMostOneLead
FN:151,(anonymous_6)
FN:157,listSchedulePlans
FN:194,listMyActiveCheckIns
FN:199,getSchedulePlanById
FN:203,(anonymous_10)
FN:209,createSchedulePlan
FN:238,updateSchedulePlan
FN:262,updateSchedulePlanStatus
FN:273,(anonymous_14)
FN:292,addAssignee
FN:300,(anonymous_16)
FN:305,(anonymous_17)
FN:313,removeAssignee
FN:319,(anonymous_19)
FN:330,checkIn
FN:357,(anonymous_21)
FN:378,checkOut
FN:384,(anonymous_23)
FN:409,attachEvidence
FN:411,(anonymous_25)
FN:419,listWorkTasks
FN:428,(anonymous_27)
FN:435,getWorkTask
FN:441,createWorkTask
FN:455,updateWorkTask
FN:474,deleteWorkTask
FN:487,deleteSchedulePlan
FN:500,createSchedulePlansBatch
FN:514,(anonymous_34)
FN:534,updateSchedulePlansStatusBatch
FN:535,(anonymous_36)
FN:554,computeAggregateStatus
FN:556,(anonymous_38)
FN:558,(anonymous_39)
FN:559,(anonymous_40)
FN:561,(anonymous_41)
FN:562,(anonymous_42)
FN:564,(anonymous_43)
FN:565,(anonymous_44)
FN:572,recordWarehouseMovement
FN:576,listAttendances
FNF:47
FNH:37
FNDA:11,mapAssignee
FNDA:16,mapPlan
FNDA:0,(anonymous_2)
FNDA:38,findPlanOrThrow
FNDA:8,validateAssigneeInputs
FNDA:3,assertAtMostOneLead
FNDA:2,(anonymous_6)
FNDA:4,listSchedulePlans
FNDA:0,listMyActiveCheckIns
FNDA:9,getSchedulePlanById
FNDA:2,(anonymous_10)
FNDA:4,createSchedulePlan
FNDA:0,updateSchedulePlan
FNDA:6,updateSchedulePlanStatus
FNDA:3,(anonymous_14)
FNDA:4,addAssignee
FNDA:2,(anonymous_16)
FNDA:1,(anonymous_17)
FNDA:0,removeAssignee
FNDA:0,(anonymous_19)
FNDA:7,checkIn
FNDA:5,(anonymous_21)
FNDA:2,checkOut
FNDA:2,(anonymous_23)
FNDA:2,attachEvidence
FNDA:3,(anonymous_25)
FNDA:0,listWorkTasks
FNDA:0,(anonymous_27)
FNDA:2,getWorkTask
FNDA:2,createWorkTask
FNDA:2,updateWorkTask
FNDA:1,deleteWorkTask
FNDA:3,deleteSchedulePlan
FNDA:3,createSchedulePlansBatch
FNDA:2,(anonymous_34)
FNDA:4,updateSchedulePlansStatusBatch
FNDA:6,(anonymous_36)
FNDA:4,computeAggregateStatus
FNDA:4,(anonymous_38)
FNDA:4,(anonymous_39)
FNDA:4,(anonymous_40)
FNDA:1,(anonymous_41)
FNDA:1,(anonymous_42)
FNDA:1,(anonymous_43)
FNDA:0,(anonymous_44)
FNDA:0,recordWarehouseMovement
FNDA:0,listAttendances
DA:2,27
DA:3,27
DA:4,27
DA:5,27
DA:6,27
DA:78,27
DA:79,27
DA:87,11
DA:101,16
DA:122,0
DA:129,38
DA:130,38
DA:131,37
DA:135,8
DA:136,7
DA:137,7
DA:138,5
DA:139,1
DA:151,3
DA:152,3
DA:153,1
DA:161,4
DA:162,4
DA:163,4
DA:164,4
DA:165,4
DA:170,4
DA:172,4
DA:184,4
DA:195,0
DA:196,0
DA:200,9
DA:203,9
DA:204,1
DA:206,8
DA:210,4
DA:211,4
DA:213,3
DA:214,3
DA:216,3
DA:217,1
DA:219,0
DA:220,0
DA:234,0
DA:235,0
DA:239,0
DA:240,0
DA:241,0
DA:244,0
DA:252,0
DA:253,0
DA:267,6
DA:269,6
DA:270,4
DA:271,1
DA:273,3
DA:274,3
DA:275,2
DA:277,2
DA:278,0
DA:281,3
DA:282,1
DA:284,2
DA:285,0
DA:288,2
DA:289,2
DA:293,4
DA:294,4
DA:295,1
DA:298,3
DA:300,2
DA:301,2
DA:302,1
DA:305,1
DA:306,1
DA:309,0
DA:310,0
DA:314,0
DA:315,0
DA:316,0
DA:319,0
DA:320,0
DA:322,0
DA:323,0
DA:338,7
DA:339,1
DA:342,6
DA:344,6
DA:345,0
DA:346,0
DA:347,0
DA:348,0
DA:349,0
DA:350,0
DA:351,0
DA:357,6
DA:358,6
DA:359,5
DA:360,1
DA:363,4
DA:364,4
DA:368,3
DA:370,3
DA:371,2
DA:375,4
DA:379,2
DA:380,0
DA:383,2
DA:384,2
DA:385,2
DA:386,2
DA:387,1
DA:389,1
DA:390,0
DA:393,1
DA:394,1
DA:395,1
DA:400,1
DA:402,1
DA:410,2
DA:411,3
DA:412,2
DA:413,1
DA:416,1
DA:417,1
DA:420,0
DA:421,0
DA:422,0
DA:423,0
DA:424,0
DA:426,0
DA:427,0
DA:428,0
DA:436,2
DA:437,2
DA:438,1
DA:442,2
DA:443,2
DA:445,1
DA:452,1
DA:456,2
DA:457,2
DA:459,1
DA:460,1
DA:461,1
DA:464,1
DA:471,1
DA:475,1
DA:476,1
DA:478,1
DA:485,27
DA:488,3
DA:489,3
DA:490,1
DA:494,2
DA:495,2
DA:501,3
DA:502,3
DA:504,2
DA:505,3
DA:506,3
DA:507,2
DA:508,2
DA:511,1
DA:514,2
DA:526,1
DA:527,1
DA:535,6
DA:537,3
DA:538,5
DA:539,0
DA:541,5
DA:542,1
DA:546,2
DA:547,2
DA:554,27
DA:555,4
DA:556,4
DA:558,4
DA:559,4
DA:561,1
DA:562,1
DA:563,1
DA:564,1
DA:565,0
DA:566,0
DA:573,0
DA:577,0
DA:578,0
DA:579,0
DA:580,0
DA:581,0
DA:583,0
DA:584,0
DA:591,27
LF:195
LH:143
BRDA:92,0,0,1
BRDA:92,0,1,10
BRDA:93,1,0,0
BRDA:93,1,1,11
BRDA:94,2,0,11
BRDA:94,2,1,11
BRDA:95,3,0,11
BRDA:95,3,1,11
BRDA:96,4,0,11
BRDA:96,4,1,11
BRDA:111,5,0,0
BRDA:111,5,1,16
BRDA:117,6,0,16
BRDA:117,6,1,0
BRDA:122,7,0,0
BRDA:122,7,1,16
BRDA:130,8,0,1
BRDA:130,8,1,37
BRDA:137,9,0,2
BRDA:137,9,1,5
BRDA:138,10,0,1
BRDA:138,10,1,4
BRDA:152,11,0,1
BRDA:152,11,1,2
BRDA:161,12,0,4
BRDA:161,12,1,4
BRDA:162,13,0,4
BRDA:162,13,1,4
BRDA:163,14,0,4
BRDA:163,14,1,4
BRDA:164,15,0,0
BRDA:164,15,1,4
BRDA:165,16,0,0
BRDA:165,16,1,4
BRDA:170,17,0,3
BRDA:170,17,1,1
BRDA:178,18,0,4
BRDA:178,18,1,4
BRDA:186,19,0,0
BRDA:186,19,1,4
BRDA:203,20,0,1
BRDA:203,20,1,8
BRDA:203,21,0,9
BRDA:203,21,1,2
BRDA:211,22,0,1
BRDA:211,22,1,3
BRDA:214,23,0,0
BRDA:214,23,1,3
BRDA:225,24,0,0
BRDA:225,24,1,0
BRDA:226,25,0,0
BRDA:226,25,1,0
BRDA:227,26,0,0
BRDA:227,26,1,0
BRDA:228,27,0,0
BRDA:228,27,1,0
BRDA:229,28,0,0
BRDA:229,28,1,0
BRDA:240,29,0,0
BRDA:240,29,1,0
BRDA:246,30,0,0
BRDA:246,30,1,0
BRDA:247,31,0,0
BRDA:247,31,1,0
BRDA:248,32,0,0
BRDA:248,32,1,0
BRDA:249,33,0,0
BRDA:249,33,1,0
BRDA:250,34,0,0
BRDA:250,34,1,0
BRDA:269,35,0,4
BRDA:269,35,1,2
BRDA:270,36,0,1
BRDA:270,36,1,3
BRDA:273,37,0,3
BRDA:273,37,1,1
BRDA:274,38,0,2
BRDA:274,38,1,1
BRDA:277,39,0,0
BRDA:277,39,1,2
BRDA:281,40,0,1
BRDA:281,40,1,2
BRDA:281,41,0,3
BRDA:281,41,1,3
BRDA:284,42,0,0
BRDA:284,42,1,2
BRDA:284,43,0,2
BRDA:284,43,1,0
BRDA:294,44,0,1
BRDA:294,44,1,3
BRDA:301,45,0,1
BRDA:301,45,1,1
BRDA:305,46,0,1
BRDA:305,46,1,0
BRDA:305,47,0,1
BRDA:305,47,1,1
BRDA:315,48,0,0
BRDA:315,48,1,0
BRDA:320,49,0,0
BRDA:320,49,1,0
BRDA:338,50,0,1
BRDA:338,50,1,6
BRDA:344,51,0,0
BRDA:344,51,1,6
BRDA:344,52,0,6
BRDA:344,52,1,0
BRDA:347,53,0,0
BRDA:347,53,1,0
BRDA:347,54,0,0
BRDA:347,54,1,0
BRDA:349,55,0,0
BRDA:349,55,1,0
BRDA:350,56,0,0
BRDA:350,56,1,0
BRDA:358,57,0,1
BRDA:358,57,1,5
BRDA:359,58,0,1
BRDA:359,58,1,4
BRDA:364,59,0,3
BRDA:364,59,1,1
BRDA:370,60,0,2
BRDA:370,60,1,1
BRDA:379,61,0,0
BRDA:379,61,1,2
BRDA:385,62,0,0
BRDA:385,62,1,2
BRDA:386,63,0,1
BRDA:386,63,1,1
BRDA:389,64,0,0
BRDA:389,64,1,1
BRDA:394,65,0,1
BRDA:394,65,1,0
BRDA:394,66,0,1
BRDA:394,66,1,1
BRDA:412,67,0,1
BRDA:412,67,1,1
BRDA:420,68,0,0
BRDA:420,68,1,0
BRDA:421,69,0,0
BRDA:421,69,1,0
BRDA:422,70,0,0
BRDA:422,70,1,0
BRDA:423,71,0,0
BRDA:423,71,1,0
BRDA:424,72,0,0
BRDA:424,72,1,0
BRDA:429,73,0,0
BRDA:429,73,1,0
BRDA:437,74,0,1
BRDA:437,74,1,1
BRDA:443,75,0,1
BRDA:443,75,1,1
BRDA:449,76,0,1
BRDA:449,76,1,1
BRDA:457,77,0,1
BRDA:457,77,1,1
BRDA:459,78,0,1
BRDA:459,78,1,0
BRDA:459,79,0,1
BRDA:459,79,1,1
BRDA:461,80,0,0
BRDA:461,80,1,1
BRDA:476,81,0,0
BRDA:476,81,1,1
BRDA:489,82,0,1
BRDA:489,82,1,2
BRDA:502,83,0,1
BRDA:502,83,1,2
BRDA:506,84,0,1
BRDA:506,84,1,2
BRDA:517,85,0,2
BRDA:517,85,1,2
BRDA:518,86,0,2
BRDA:518,86,1,2
BRDA:519,87,0,2
BRDA:519,87,1,2
BRDA:520,88,0,2
BRDA:520,88,1,2
BRDA:521,89,0,2
BRDA:521,89,1,2
BRDA:538,90,0,0
BRDA:538,90,1,5
BRDA:538,91,0,5
BRDA:538,91,1,0
BRDA:541,92,0,1
BRDA:541,92,1,4
BRDA:541,93,0,5
BRDA:541,93,1,5
BRDA:555,94,0,0
BRDA:555,94,1,4
BRDA:556,95,0,0
BRDA:556,95,1,4
BRDA:559,96,0,3
BRDA:559,96,1,1
BRDA:563,97,0,0
BRDA:563,97,1,1
BRDA:563,98,0,1
BRDA:563,98,1,0
BRDA:564,99,0,1
BRDA:564,99,1,0
BRDA:565,100,0,0
BRDA:565,100,1,0
BRDA:577,101,0,0
BRDA:577,101,1,0
BRDA:578,102,0,0
BRDA:578,102,1,0
BRDA:579,103,0,0
BRDA:579,103,1,0
BRDA:580,104,0,0
BRDA:580,104,1,0
BRDA:581,105,0,0
BRDA:581,105,1,0
BRDA:586,106,0,0
BRDA:586,106,1,0
BRF:214
BRH:126
end_of_record
TN:
SF:src\modules\operations\schedule.validators.ts
FN:36,(anonymous_0)
FN:58,(anonymous_1)
FN:72,(anonymous_2)
FN:85,(anonymous_3)
FN:114,(anonymous_4)
FN:119,(anonymous_5)
FN:138,(anonymous_6)
FNF:7
FNH:5
FNDA:4,(anonymous_0)
FNDA:1,(anonymous_1)
FNDA:0,(anonymous_2)
FNDA:1,(anonymous_3)
FNDA:1,(anonymous_4)
FNDA:1,(anonymous_5)
FNDA:0,(anonymous_6)
DA:1,27
DA:3,27
DA:7,27
DA:12,27
DA:15,27
DA:17,27
DA:36,4
DA:41,27
DA:46,27
DA:58,1
DA:63,27
DA:72,0
DA:80,27
DA:86,1
DA:87,0
DA:89,1
DA:92,27
DA:97,27
DA:103,27
DA:111,27
DA:115,1
DA:116,0
DA:118,1
DA:119,1
DA:127,27
DA:138,0
DA:143,27
DA:153,27
DA:162,27
DA:166,27
DA:171,27
DA:177,27
DA:203,27
DA:207,27
DA:214,27
LF:35
LH:31
BRDA:36,0,0,4
BRDA:36,0,1,0
BRDA:36,0,2,0
BRDA:58,1,0,1
BRDA:58,1,1,1
BRDA:72,2,0,0
BRDA:72,2,1,0
BRDA:86,3,0,0
BRDA:86,3,1,1
BRDA:86,4,0,1
BRDA:86,4,1,1
BRDA:115,5,0,0
BRDA:115,5,1,1
BRDA:115,6,0,1
BRDA:115,6,1,1
BRDA:119,7,0,1
BRDA:119,7,1,0
BRDA:138,8,0,0
BRDA:138,8,1,0
BRF:19
BRH:10
end_of_record
TN:
SF:src\modules\operations\supplier.controller.ts
FN:25,list
FN:31,create
FN:37,getById
FN:43,update
FN:50,updateStatus
FN:57,getItems
FN:64,listTransactions
FN:70,getTransactionById
FN:77,receiveTransactionItem
FN:85,remove
FN:91,assignItem
FN:98,updateItem
FN:105,removeItem
FN:111,getNextSupplierCode
FN:116,createTransaction
FN:123,updateTransaction
FN:131,deleteTransaction
FN:138,updateTransactionStatus
FN:147,receiveTransaction
FN:154,updateTransactionPaymentStatus
FNF:20
FNH:8
FNDA:1,list
FNDA:2,create
FNDA:2,getById
FNDA:3,update
FNDA:2,updateStatus
FNDA:2,getItems
FNDA:1,listTransactions
FNDA:0,getTransactionById
FNDA:0,receiveTransactionItem
FNDA:0,remove
FNDA:0,assignItem
FNDA:0,updateItem
FNDA:0,removeItem
FNDA:1,getNextSupplierCode
FNDA:0,createTransaction
FNDA:0,updateTransaction
FNDA:0,deleteTransaction
FNDA:0,updateTransactionStatus
FNDA:0,receiveTransaction
FNDA:0,updateTransactionPaymentStatus
DA:2,27
DA:3,27
DA:4,27
DA:26,1
DA:27,1
DA:28,1
DA:32,2
DA:33,2
DA:34,1
DA:38,2
DA:39,2
DA:40,1
DA:44,3
DA:45,3
DA:46,3
DA:47,1
DA:51,2
DA:52,2
DA:53,2
DA:54,1
DA:58,2
DA:59,2
DA:60,2
DA:61,1
DA:65,1
DA:66,1
DA:67,1
DA:71,0
DA:72,0
DA:73,0
DA:74,0
DA:78,0
DA:79,0
DA:80,0
DA:81,0
DA:82,0
DA:86,0
DA:87,0
DA:88,0
DA:92,0
DA:93,0
DA:94,0
DA:95,0
DA:99,0
DA:100,0
DA:101,0
DA:102,0
DA:106,0
DA:107,0
DA:108,0
DA:112,1
DA:113,1
DA:117,0
DA:118,0
DA:119,0
DA:120,0
DA:124,0
DA:125,0
DA:126,0
DA:127,0
DA:128,0
DA:132,0
DA:133,0
DA:134,0
DA:135,0
DA:139,0
DA:140,0
DA:141,0
DA:142,0
DA:143,0
DA:148,0
DA:149,0
DA:150,0
DA:151,0
DA:155,0
DA:156,0
DA:157,0
DA:158,0
DA:159,0
DA:162,27
LF:80
LH:30
BRDA:71,0,0,0
BRDA:71,0,1,0
BRDA:78,1,0,0
BRDA:78,1,1,0
BRDA:117,2,0,0
BRDA:117,2,1,0
BRDA:124,3,0,0
BRDA:124,3,1,0
BRDA:132,4,0,0
BRDA:132,4,1,0
BRDA:139,5,0,0
BRDA:139,5,1,0
BRDA:148,6,0,0
BRDA:148,6,1,0
BRDA:155,7,0,0
BRDA:155,7,1,0
BRF:16
BRH:0
end_of_record
TN:
SF:src\modules\operations\supplier.repository.ts
FN:14,buildSupplierWhere
FN:29,(anonymous_1)
FN:38,(anonymous_2)
FN:42,(anonymous_3)
FN:46,(anonymous_4)
FN:50,(anonymous_5)
FN:54,(anonymous_6)
FN:75,(anonymous_7)
FN:83,(anonymous_8)
FN:87,(anonymous_9)
FN:97,(anonymous_10)
FN:104,(anonymous_11)
FN:112,(anonymous_12)
FN:121,(anonymous_13)
FN:129,(anonymous_14)
FN:155,buildTransactionWhere
FN:171,(anonymous_16)
FN:188,(anonymous_17)
FN:192,(anonymous_18)
FN:196,(anonymous_19)
FN:206,(anonymous_20)
FN:223,(anonymous_21)
FN:227,(anonymous_22)
FN:229,(anonymous_23)
FN:238,(anonymous_24)
FN:243,(anonymous_25)
FN:247,(anonymous_26)
FN:257,(anonymous_27)
FN:262,(anonymous_28)
FN:273,(anonymous_29)
FN:284,(anonymous_30)
FNF:31
FNH:0
FNDA:0,buildSupplierWhere
FNDA:0,(anonymous_1)
FNDA:0,(anonymous_2)
FNDA:0,(anonymous_3)
FNDA:0,(anonymous_4)
FNDA:0,(anonymous_5)
FNDA:0,(anonymous_6)
FNDA:0,(anonymous_7)
FNDA:0,(anonymous_8)
FNDA:0,(anonymous_9)
FNDA:0,(anonymous_10)
FNDA:0,(anonymous_11)
FNDA:0,(anonymous_12)
FNDA:0,(anonymous_13)
FNDA:0,(anonymous_14)
FNDA:0,buildTransactionWhere
FNDA:0,(anonymous_16)
FNDA:0,(anonymous_17)
FNDA:0,(anonymous_18)
FNDA:0,(anonymous_19)
FNDA:0,(anonymous_20)
FNDA:0,(anonymous_21)
FNDA:0,(anonymous_22)
FNDA:0,(anonymous_23)
FNDA:0,(anonymous_24)
FNDA:0,(anonymous_25)
FNDA:0,(anonymous_26)
FNDA:0,(anonymous_27)
FNDA:0,(anonymous_28)
FNDA:0,(anonymous_29)
FNDA:0,(anonymous_30)
DA:2,25
DA:15,0
DA:16,0
DA:17,0
DA:18,0
DA:19,0
DA:25,0
DA:28,25
DA:30,0
DA:31,0
DA:35,0
DA:39,0
DA:43,0
DA:47,0
DA:51,0
DA:55,0
DA:56,0
DA:57,0
DA:62,0
DA:72,0
DA:76,0
DA:84,0
DA:88,0
DA:98,0
DA:105,0
DA:113,0
DA:114,0
DA:122,0
DA:126,0
DA:130,0
DA:131,0
DA:132,0
DA:147,25
DA:156,0
DA:157,0
DA:158,0
DA:159,0
DA:160,0
DA:163,25
DA:170,25
DA:172,0
DA:173,0
DA:183,0
DA:189,0
DA:193,0
DA:197,0
DA:207,0
DA:212,0
DA:213,0
DA:216,0
DA:217,0
DA:218,0
DA:220,0
DA:227,0
DA:228,0
DA:229,0
DA:230,0
DA:231,0
DA:243,0
DA:244,0
DA:245,0
DA:246,0
DA:247,0
DA:248,0
DA:250,0
DA:259,0
DA:263,0
DA:274,0
DA:285,0
LF:69
LH:5
BRDA:16,0,0,0
BRDA:16,0,1,0
BRDA:17,1,0,0
BRDA:17,1,1,0
BRDA:56,2,0,0
BRDA:56,2,1,0
BRDA:113,3,0,0
BRDA:113,3,1,0
BRDA:157,4,0,0
BRDA:157,4,1,0
BRDA:158,5,0,0
BRDA:158,5,1,0
BRDA:159,6,0,0
BRDA:159,6,1,0
BRDA:201,7,0,0
BRDA:201,7,1,0
BRDA:212,8,0,0
BRDA:212,8,1,0
BRDA:212,9,0,0
BRDA:212,9,1,0
BRDA:217,10,0,0
BRDA:217,10,1,0
BRDA:245,11,0,0
BRDA:245,11,1,0
BRDA:245,12,0,0
BRDA:245,12,1,0
BRDA:267,13,0,0
BRDA:267,13,1,0
BRDA:278,14,0,0
BRDA:278,14,1,0
BRF:30
BRH:0
end_of_record
TN:
SF:src\modules\operations\supplier.routes.ts
FNF:0
FNH:0
DA:1,27
DA:2,27
DA:3,27
DA:4,27
DA:5,27
DA:6,27
DA:26,27
DA:28,27
DA:30,27
DA:39,27
DA:46,27
DA:52,27
DA:59,27
DA:67,27
DA:75,27
DA:83,27
DA:90,27
DA:98,27
DA:106,27
DA:114,27
DA:116,27
DA:120,27
DA:129,27
DA:138,27
DA:146,27
DA:153,27
DA:161,27
DA:168,27
DA:178,27
DA:185,27
LF:30
LH:30
BRF:0
BRH:0
end_of_record
TN:
SF:src\modules\operations\supplier.service.ts
FN:91,toNumber
FN:100,computeDebtBalance
FN:106,mapSupplier
FN:124,mapTransaction
FN:159,mapTransactionItem
FN:173,mapTransactionDetail
FN:182,assertActorCanAccessTransaction
FN:194,findSupplierOrThrow
FN:200,listSuppliers
FN:211,(anonymous_9)
FN:213,(anonymous_10)
FN:216,(anonymous_11)
FN:221,createSupplier
FN:241,getSupplierById
FN:247,updateSupplier
FN:272,updateSupplierStatus
FN:287,getSupplierItems
FN:297,(anonymous_17)
FN:320,listSupplierTransactions
FN:339,getSupplierTransactionById
FN:350,receiveTransactionItem
FN:361,(anonymous_21)
FN:372,deleteSupplier
FN:384,assignItemToSupplier
FN:423,updateSupplierItem
FN:459,removeSupplierItem
FN:474,getNextSupplierCode
FN:479,createSupplierTransaction
FN:540,updateSupplierTransaction
FN:600,deleteSupplierTransaction
FN:618,receiveSupplierTransaction
FN:637,updateTransactionStatus
FN:671,updateTransactionPaymentStatus
FNF:33
FNH:17
FNDA:20,toNumber
FNDA:8,computeDebtBalance
FNDA:5,mapSupplier
FNDA:1,mapTransaction
FNDA:0,mapTransactionItem
FNDA:0,mapTransactionDetail
FNDA:0,assertActorCanAccessTransaction
FNDA:9,findSupplierOrThrow
FNDA:1,listSuppliers
FNDA:1,(anonymous_9)
FNDA:1,(anonymous_10)
FNDA:1,(anonymous_11)
FNDA:2,createSupplier
FNDA:2,getSupplierById
FNDA:3,updateSupplier
FNDA:2,updateSupplierStatus
FNDA:2,getSupplierItems
FNDA:1,(anonymous_17)
FNDA:1,listSupplierTransactions
FNDA:0,getSupplierTransactionById
FNDA:0,receiveTransactionItem
FNDA:0,(anonymous_21)
FNDA:0,deleteSupplier
FNDA:0,assignItemToSupplier
FNDA:0,updateSupplierItem
FNDA:0,removeSupplierItem
FNDA:1,getNextSupplierCode
FNDA:0,createSupplierTransaction
FNDA:0,updateSupplierTransaction
FNDA:0,deleteSupplierTransaction
FNDA:0,receiveSupplierTransaction
FNDA:0,updateTransactionStatus
FNDA:0,updateTransactionPaymentStatus
DA:2,27
DA:3,27
DA:9,27
DA:92,20
DA:101,8
DA:102,8
DA:103,8
DA:107,5
DA:125,1
DA:160,0
DA:174,0
DA:183,0
DA:184,0
DA:185,0
DA:187,0
DA:188,0
DA:189,0
DA:195,9
DA:196,9
DA:197,6
DA:201,1
DA:202,1
DA:204,1
DA:211,1
DA:212,1
DA:213,1
DA:215,1
DA:216,1
DA:222,2
DA:223,2
DA:224,1
DA:227,1
DA:238,1
DA:242,2
DA:243,1
DA:244,1
DA:248,3
DA:250,2
DA:251,2
DA:252,2
DA:253,1
DA:257,1
DA:268,1
DA:269,1
DA:273,2
DA:275,2
DA:276,2
DA:277,2
DA:278,1
DA:282,1
DA:283,1
DA:284,1
DA:288,2
DA:290,1
DA:291,1
DA:292,1
DA:293,1
DA:294,1
DA:296,1
DA:297,1
DA:312,1
DA:321,1
DA:322,1
DA:324,1
DA:332,1
DA:340,0
DA:341,0
DA:343,0
DA:344,0
DA:356,0
DA:357,0
DA:359,0
DA:361,0
DA:362,0
DA:364,0
DA:365,0
DA:368,0
DA:369,0
DA:373,0
DA:374,0
DA:376,0
DA:377,0
DA:378,0
DA:381,0
DA:385,0
DA:388,0
DA:389,0
DA:390,0
DA:392,0
DA:402,0
DA:407,0
DA:424,0
DA:425,0
DA:427,0
DA:428,0
DA:430,0
DA:438,0
DA:443,0
DA:460,0
DA:461,0
DA:463,0
DA:464,0
DA:466,0
DA:467,0
DA:468,0
DA:471,0
DA:475,1
DA:476,1
DA:480,0
DA:482,0
DA:484,0
DA:485,0
DA:486,0
DA:489,0
DA:492,0
DA:493,0
DA:495,0
DA:496,0
DA:501,0
DA:502,0
DA:505,0
DA:506,0
DA:507,0
DA:510,0
DA:511,0
DA:513,0
DA:523,0
DA:525,0
DA:537,0
DA:541,0
DA:542,0
DA:543,0
DA:545,0
DA:546,0
DA:549,0
DA:551,0
DA:552,0
DA:554,0
DA:555,0
DA:556,0
DA:558,0
DA:559,0
DA:564,0
DA:565,0
DA:568,0
DA:569,0
DA:570,0
DA:573,0
DA:574,0
DA:576,0
DA:587,0
DA:588,0
DA:590,0
DA:591,0
DA:592,0
DA:594,0
DA:596,0
DA:597,0
DA:601,0
DA:602,0
DA:604,0
DA:606,0
DA:607,0
DA:610,0
DA:619,0
DA:620,0
DA:622,0
DA:624,0
DA:625,0
DA:629,0
DA:630,0
DA:633,0
DA:634,0
DA:638,0
DA:639,0
DA:641,0
DA:643,0
DA:644,0
DA:646,0
DA:647,0
DA:648,0
DA:650,0
DA:651,0
DA:652,0
DA:654,0
DA:655,0
DA:656,0
DA:659,0
DA:662,0
DA:663,0
DA:664,0
DA:667,0
DA:668,0
DA:672,0
DA:673,0
DA:675,0
DA:677,0
DA:678,0
DA:679,0
DA:683,0
DA:684,0
DA:686,0
DA:688,0
DA:691,27
LF:204
LH:60
BRDA:92,0,0,0
BRDA:92,0,1,20
BRDA:92,1,0,20
BRDA:92,1,1,20
BRDA:101,2,0,0
BRDA:101,2,1,8
BRDA:103,3,0,3
BRDA:103,3,1,5
BRDA:115,4,0,5
BRDA:115,4,1,0
BRDA:131,5,0,1
BRDA:131,5,1,0
BRDA:183,6,0,0
BRDA:183,6,1,0
BRDA:184,7,0,0
BRDA:184,7,1,0
BRDA:188,8,0,0
BRDA:188,8,1,0
BRDA:196,9,0,3
BRDA:196,9,1,6
BRDA:223,10,0,1
BRDA:223,10,1,1
BRDA:231,11,0,1
BRDA:231,11,1,0
BRDA:232,12,0,1
BRDA:232,12,1,0
BRDA:233,13,0,1
BRDA:233,13,1,0
BRDA:234,14,0,1
BRDA:234,14,1,1
BRDA:235,15,0,1
BRDA:235,15,1,1
BRDA:250,16,0,2
BRDA:250,16,1,0
BRDA:252,17,0,1
BRDA:252,17,1,1
BRDA:258,18,0,0
BRDA:258,18,1,1
BRDA:259,19,0,0
BRDA:259,19,1,1
BRDA:260,20,0,0
BRDA:260,20,1,1
BRDA:261,21,0,0
BRDA:261,21,1,1
BRDA:262,22,0,0
BRDA:262,22,1,1
BRDA:263,23,0,0
BRDA:263,23,1,1
BRDA:264,24,0,0
BRDA:264,24,1,1
BRDA:264,25,0,0
BRDA:264,25,1,0
BRDA:265,26,0,1
BRDA:265,26,1,0
BRDA:275,27,0,2
BRDA:275,27,1,0
BRDA:277,28,0,1
BRDA:277,28,1,1
BRDA:290,29,0,1
BRDA:290,29,1,1
BRDA:291,30,0,1
BRDA:291,30,1,1
BRDA:292,31,0,1
BRDA:292,31,1,1
BRDA:293,32,0,0
BRDA:293,32,1,1
BRDA:294,33,0,0
BRDA:294,33,1,1
BRDA:314,34,0,0
BRDA:314,34,1,1
BRDA:341,35,0,0
BRDA:341,35,1,0
BRDA:357,36,0,0
BRDA:357,36,1,0
BRDA:362,37,0,0
BRDA:362,37,1,0
BRDA:364,38,0,0
BRDA:364,38,1,0
BRDA:374,39,0,0
BRDA:374,39,1,0
BRDA:377,40,0,0
BRDA:377,40,1,0
BRDA:390,41,0,0
BRDA:390,41,1,0
BRDA:428,42,0,0
BRDA:428,42,1,0
BRDA:431,43,0,0
BRDA:431,43,1,0
BRDA:432,44,0,0
BRDA:432,44,1,0
BRDA:433,45,0,0
BRDA:433,45,1,0
BRDA:434,46,0,0
BRDA:434,46,1,0
BRDA:435,47,0,0
BRDA:435,47,1,0
BRDA:464,48,0,0
BRDA:464,48,1,0
BRDA:467,49,0,0
BRDA:467,49,1,0
BRDA:484,50,0,0
BRDA:484,50,1,0
BRDA:486,51,0,0
BRDA:486,51,1,0
BRDA:489,52,0,0
BRDA:489,52,1,0
BRDA:501,53,0,0
BRDA:501,53,1,0
BRDA:501,54,0,0
BRDA:501,54,1,0
BRDA:506,55,0,0
BRDA:506,55,1,0
BRDA:507,56,0,0
BRDA:507,56,1,0
BRDA:534,57,0,0
BRDA:534,57,1,0
BRDA:543,58,0,0
BRDA:543,58,1,0
BRDA:545,59,0,0
BRDA:545,59,1,0
BRDA:554,60,0,0
BRDA:554,60,1,0
BRDA:564,61,0,0
BRDA:564,61,1,0
BRDA:564,62,0,0
BRDA:564,62,1,0
BRDA:569,63,0,0
BRDA:569,63,1,0
BRDA:570,64,0,0
BRDA:570,64,1,0
BRDA:588,65,0,0
BRDA:588,65,1,0
BRDA:590,66,0,0
BRDA:590,66,1,0
BRDA:592,67,0,0
BRDA:592,67,1,0
BRDA:594,68,0,0
BRDA:594,68,1,0
BRDA:602,69,0,0
BRDA:602,69,1,0
BRDA:606,70,0,0
BRDA:606,70,1,0
BRDA:620,71,0,0
BRDA:620,71,1,0
BRDA:624,72,0,0
BRDA:624,72,1,0
BRDA:629,73,0,0
BRDA:629,73,1,0
BRDA:629,74,0,0
BRDA:629,74,1,0
BRDA:639,75,0,0
BRDA:639,75,1,0
BRDA:646,76,0,0
BRDA:646,76,1,0
BRDA:647,77,0,0
BRDA:647,77,1,0
BRDA:647,78,0,0
BRDA:647,78,1,0
BRDA:650,79,0,0
BRDA:650,79,1,0
BRDA:651,80,0,0
BRDA:651,80,1,0
BRDA:651,81,0,0
BRDA:651,81,1,0
BRDA:654,82,0,0
BRDA:654,82,1,0
BRDA:655,83,0,0
BRDA:655,83,1,0
BRDA:659,84,0,0
BRDA:659,84,1,0
BRDA:663,85,0,0
BRDA:663,85,1,0
BRDA:663,86,0,0
BRDA:663,86,1,0
BRDA:673,87,0,0
BRDA:673,87,1,0
BRDA:678,88,0,0
BRDA:678,88,1,0
BRDA:678,89,0,0
BRDA:678,89,1,0
BRDA:683,90,0,0
BRDA:683,90,1,0
BRF:182
BRH:42
end_of_record
TN:
SF:src\modules\operations\supplier.validators.ts
FN:54,(anonymous_0)
FN:105,(anonymous_1)
FN:119,(anonymous_2)
FNF:3
FNH:1
FNDA:4,(anonymous_0)
FNDA:0,(anonymous_1)
FNDA:0,(anonymous_2)
DA:1,27
DA:3,27
DA:7,27
DA:12,27
DA:14,27
DA:21,27
DA:29,27
DA:43,27
DA:54,4
DA:56,27
DA:60,27
DA:69,27
DA:77,27
DA:81,27
DA:89,27
DA:91,27
DA:98,27
DA:106,0
DA:107,0
DA:115,27
DA:119,0
DA:121,27
DA:125,27
DA:129,27
DA:133,27
DA:137,27
DA:144,27
LF:27
LH:24
BRDA:106,0,0,0
BRDA:106,0,1,0
BRDA:106,1,0,0
BRDA:106,1,1,0
BRF:4
BRH:0
end_of_record
TN:
SF:src\modules\operations\survey.controller.ts
FN:7,list
FN:13,getById
FN:19,create
FN:26,confirm
FNF:4
FNH:3
FNDA:2,list
FNDA:0,getById
FNDA:7,create
FNDA:1,confirm
DA:2,27
DA:3,27
DA:4,27
DA:8,2
DA:9,2
DA:10,2
DA:14,0
DA:15,0
DA:16,0
DA:20,7
DA:21,7
DA:22,7
DA:23,4
DA:27,1
DA:28,1
DA:29,1
DA:30,1
DA:33,27
LF:18
LH:15
BRDA:20,0,0,0
BRDA:20,0,1,7
BRDA:27,1,0,0
BRDA:27,1,1,1
BRF:4
BRH:2
end_of_record
TN:
SF:src\modules\operations\survey.repository.ts
FN:24,buildWhere
FN:41,(anonymous_1)
FN:58,(anonymous_2)
FN:69,(anonymous_3)
FN:73,(anonymous_4)
FN:83,(anonymous_5)
FN:87,(anonymous_6)
FN:91,(anonymous_7)
FN:114,(anonymous_8)
FN:121,(anonymous_9)
FNF:10
FNH:0
FNDA:0,buildWhere
FNDA:0,(anonymous_1)
FNDA:0,(anonymous_2)
FNDA:0,(anonymous_3)
FNDA:0,(anonymous_4)
FNDA:0,(anonymous_5)
FNDA:0,(anonymous_6)
FNDA:0,(anonymous_7)
FNDA:0,(anonymous_8)
FNDA:0,(anonymous_9)
DA:2,26
DA:15,26
DA:25,0
DA:26,0
DA:27,0
DA:28,0
DA:29,0
DA:30,0
DA:37,0
DA:40,26
DA:42,0
DA:43,0
DA:53,0
DA:59,0
DA:66,0
DA:70,0
DA:74,0
DA:78,0
DA:79,0
DA:80,0
DA:84,0
DA:88,0
DA:108,0
DA:109,0
DA:114,0
DA:122,0
LF:26
LH:3
BRDA:26,0,0,0
BRDA:26,0,1,0
BRDA:27,1,0,0
BRDA:27,1,1,0
BRDA:28,2,0,0
BRDA:28,2,1,0
BRDA:78,3,0,0
BRDA:78,3,1,0
BRDA:79,4,0,0
BRDA:79,4,1,0
BRDA:113,5,0,0
BRDA:113,5,1,0
BRF:12
BRH:0
end_of_record
TN:
SF:src\modules\operations\survey.routes.ts
FNF:0
FNH:0
DA:1,27
DA:2,27
DA:3,27
DA:4,27
DA:5,27
DA:6,27
DA:13,27
DA:15,27
DA:19,27
DA:26,27
DA:36,27
DA:44,27
DA:52,27
LF:13
LH:13
BRF:0
BRH:0
end_of_record
TN:
SF:src\modules\operations\survey.service.ts
FN:49,toNumber
FN:53,mapListItem
FN:66,(anonymous_2)
FN:70,mapDetail
FN:89,findSurveyOrThrow
FN:95,listSurveyReports
FN:118,getSurveyReportById
FN:123,createSurveyReport
FN:161,confirmSurveyReport
FNF:9
FNH:7
FNDA:21,toNumber
FNDA:9,mapListItem
FNDA:0,(anonymous_2)
FNDA:7,mapDetail
FNDA:4,findSurveyOrThrow
FNDA:2,listSurveyReports
FNDA:0,getSurveyReportById
FNDA:9,createSurveyReport
FNDA:4,confirmSurveyReport
DA:2,27
DA:3,27
DA:5,27
DA:8,27
DA:50,21
DA:54,9
DA:66,0
DA:71,7
DA:90,4
DA:91,4
DA:92,4
DA:98,2
DA:99,2
DA:101,2
DA:106,2
DA:119,0
DA:120,0
DA:124,9
DA:125,9
DA:127,7
DA:128,5
DA:129,5
DA:130,1
DA:134,6
DA:135,2
DA:136,2
DA:139,5
DA:140,5
DA:158,5
DA:162,4
DA:163,4
DA:164,2
DA:169,2
DA:170,2
DA:173,27
LF:35
LH:32
BRDA:50,0,0,15
BRDA:50,0,1,6
BRDA:50,1,0,21
BRDA:50,1,1,6
BRDA:66,2,0,0
BRDA:66,2,1,9
BRDA:82,3,0,7
BRDA:82,3,1,6
BRDA:83,4,0,1
BRDA:83,4,1,6
BRDA:91,5,0,0
BRDA:91,5,1,4
BRDA:125,6,0,2
BRDA:125,6,1,7
BRDA:127,7,0,5
BRDA:127,7,1,2
BRDA:129,8,0,1
BRDA:129,8,1,4
BRDA:134,9,0,2
BRDA:134,9,1,4
BRDA:136,10,0,1
BRDA:136,10,1,1
BRDA:143,11,0,5
BRDA:143,11,1,4
BRDA:146,12,0,5
BRDA:146,12,1,3
BRDA:147,13,0,5
BRDA:147,13,1,3
BRDA:148,14,0,5
BRDA:148,14,1,3
BRDA:149,15,0,5
BRDA:149,15,1,4
BRDA:150,16,0,5
BRDA:150,16,1,4
BRDA:151,17,0,5
BRDA:151,17,1,4
BRDA:152,18,0,5
BRDA:152,18,1,4
BRDA:153,19,0,5
BRDA:153,19,1,4
BRDA:154,20,0,5
BRDA:154,20,1,4
BRDA:163,21,0,2
BRDA:163,21,1,2
BRF:44
BRH:42
end_of_record
TN:
SF:src\modules\operations\survey.validators.ts
FN:38,(anonymous_0)
FN:39,(anonymous_1)
FN:44,(anonymous_2)
FNF:3
FNH:3
FNDA:8,(anonymous_0)
FNDA:24,(anonymous_1)
FNDA:7,(anonymous_2)
DA:1,27
DA:3,27
DA:7,27
DA:9,27
DA:18,27
DA:39,24
DA:40,8
DA:45,7
DA:46,1
DA:48,7
DA:51,27
LF:11
LH:11
BRDA:40,0,0,8
BRDA:40,0,1,3
BRDA:45,1,0,1
BRDA:45,1,1,6
BRDA:45,2,0,7
BRDA:45,2,1,7
BRF:6
BRH:6
end_of_record
TN:
SF:src\modules\reports\report.controller.ts
FN:6,(anonymous_0)
FNF:1
FNH:0
FNDA:0,(anonymous_0)
DA:2,27
DA:5,27
DA:7,0
DA:8,0
DA:10,0
DA:12,0
DA:14,0
DA:15,0
LF:8
LH:2
BRF:0
BRH:0
end_of_record
TN:
SF:src\modules\reports\report.repository.ts
FN:4,(anonymous_0)
FN:21,(anonymous_1)
FN:32,(anonymous_2)
FN:40,(anonymous_3)
FN:48,(anonymous_4)
FN:58,(anonymous_5)
FN:68,(anonymous_6)
FN:78,(anonymous_7)
FNF:8
FNH:0
FNDA:0,(anonymous_0)
FNDA:0,(anonymous_1)
FNDA:0,(anonymous_2)
FNDA:0,(anonymous_3)
FNDA:0,(anonymous_4)
FNDA:0,(anonymous_5)
FNDA:0,(anonymous_6)
FNDA:0,(anonymous_7)
DA:1,27
DA:3,27
DA:5,0
DA:22,0
DA:23,0
DA:33,0
DA:34,0
DA:41,0
DA:42,0
DA:49,0
DA:59,0
DA:69,0
DA:79,0
LF:13
LH:2
BRDA:22,0,0,0
BRDA:22,0,1,0
BRDA:33,1,0,0
BRDA:33,1,1,0
BRDA:41,2,0,0
BRDA:41,2,1,0
BRF:6
BRH:0
end_of_record
TN:
SF:src\modules\reports\report.routes.ts
FNF:0
FNH:0
DA:1,27
DA:2,27
DA:3,27
DA:4,27
DA:5,27
DA:7,27
DA:10,27
DA:18,27
LF:8
LH:8
BRF:0
BRH:0
end_of_record
TN:
SF:src\modules\reports\report.service.ts
FN:4,(anonymous_0)
FN:13,(anonymous_1)
FN:77,(anonymous_2)
FN:78,(anonymous_3)
FN:82,(anonymous_4)
FN:83,(anonymous_5)
FN:95,(anonymous_6)
FN:110,(anonymous_7)
FN:125,(anonymous_8)
FN:140,(anonymous_9)
FN:158,(anonymous_10)
FNF:11
FNH:0
FNDA:0,(anonymous_0)
FNDA:0,(anonymous_1)
FNDA:0,(anonymous_2)
FNDA:0,(anonymous_3)
FNDA:0,(anonymous_4)
FNDA:0,(anonymous_5)
FNDA:0,(anonymous_6)
FNDA:0,(anonymous_7)
FNDA:0,(anonymous_8)
FNDA:0,(anonymous_9)
FNDA:0,(anonymous_10)
DA:1,27
DA:3,27
DA:5,0
DA:6,0
DA:7,0
DA:12,0
DA:13,0
DA:15,0
DA:16,0
DA:17,0
DA:20,0
DA:21,0
DA:22,0
DA:23,0
DA:27,0
DA:28,0
DA:29,0
DA:31,0
DA:32,0
DA:35,0
DA:36,0
DA:37,0
DA:38,0
DA:40,0
DA:41,0
DA:42,0
DA:44,0
DA:45,0
DA:46,0
DA:47,0
DA:49,0
DA:50,0
DA:51,0
DA:53,0
DA:56,0
DA:57,0
DA:58,0
DA:59,0
DA:60,0
DA:63,0
DA:64,0
DA:67,0
DA:68,0
DA:71,0
DA:72,0
DA:73,0
DA:74,0
DA:76,0
DA:77,0
DA:78,0
DA:81,0
DA:82,0
DA:83,0
DA:87,0
DA:88,0
DA:89,0
DA:90,0
DA:91,0
DA:92,0
DA:95,0
DA:96,0
DA:97,0
DA:98,0
DA:99,0
DA:107,0
DA:110,0
DA:116,0
DA:117,0
DA:118,0
DA:120,0
DA:122,0
DA:123,0
DA:125,0
DA:126,0
DA:127,0
DA:128,0
DA:129,0
DA:130,0
DA:131,0
DA:132,0
DA:133,0
DA:136,0
DA:137,0
DA:138,0
DA:140,0
DA:141,0
DA:142,0
DA:143,0
DA:144,0
DA:155,0
DA:157,0
DA:158,0
DA:160,0
DA:161,0
DA:162,0
DA:164,0
DA:165,0
DA:166,0
DA:168,0
DA:169,0
DA:170,0
DA:171,0
DA:172,0
DA:176,0
LF:104
LH:2
BRDA:22,0,0,0
BRDA:22,0,1,0
BRDA:23,1,0,0
BRDA:23,1,1,0
BRDA:29,2,0,0
BRDA:29,2,1,0
BRDA:32,3,0,0
BRDA:32,3,1,0
BRDA:46,4,0,0
BRDA:46,4,1,0
BRDA:47,5,0,0
BRDA:47,5,1,0
BRDA:53,6,0,0
BRDA:53,6,1,0
BRDA:57,7,0,0
BRDA:57,7,1,0
BRDA:63,8,0,0
BRDA:63,8,1,0
BRDA:64,9,0,0
BRDA:64,9,1,0
BRDA:67,10,0,0
BRDA:67,10,1,0
BRDA:68,11,0,0
BRDA:68,11,1,0
BRDA:72,12,0,0
BRDA:72,12,1,0
BRDA:74,13,0,0
BRDA:74,13,1,0
BRDA:77,14,0,0
BRDA:77,14,1,0
BRDA:98,15,0,0
BRDA:98,15,1,0
BRDA:126,16,0,0
BRDA:126,16,1,0
BRDA:128,17,0,0
BRDA:128,17,1,0
BRDA:143,18,0,0
BRDA:143,18,1,0
BRDA:160,19,0,0
BRDA:160,19,1,0
BRDA:165,20,0,0
BRDA:165,20,1,0
BRDA:166,21,0,0
BRDA:166,21,1,0
BRDA:170,22,0,0
BRDA:170,22,1,0
BRDA:172,23,0,0
BRDA:172,23,1,0
BRF:48
BRH:0
end_of_record
TN:
SF:src\modules\reports\report.validators.ts
FN:4,(anonymous_0)
FN:5,(anonymous_1)
FN:6,(anonymous_2)
FNF:3
FNH:0
FNDA:0,(anonymous_0)
FNDA:0,(anonymous_1)
FNDA:0,(anonymous_2)
DA:1,27
DA:3,27
DA:4,0
DA:5,0
DA:6,0
LF:5
LH:2
BRF:0
BRH:0
end_of_record
TN:
SF:src\modules\sales\changeRequest.controller.ts
FN:6,list
FN:12,approve
FNF:2
FNH:0
FNDA:0,list
FNDA:0,approve
DA:2,27
DA:3,27
DA:7,0
DA:8,0
DA:9,0
DA:13,0
DA:14,0
DA:15,0
DA:16,0
DA:19,27
LF:10
LH:3
BRF:0
BRH:0
end_of_record
TN:
SF:src\modules\sales\changeRequest.repository.ts
FN:38,buildWhere
FN:46,(anonymous_1)
FN:51,(anonymous_2)
FN:57,(anonymous_3)
FN:64,(anonymous_4)
FN:79,(anonymous_5)
FN:90,(anonymous_6)
FNF:7
FNH:1
FNDA:0,buildWhere
FNDA:0,(anonymous_1)
FNDA:0,(anonymous_2)
FNDA:0,(anonymous_3)
FNDA:0,(anonymous_4)
FNDA:0,(anonymous_5)
FNDA:2,(anonymous_6)
DA:2,27
DA:20,27
DA:39,0
DA:40,0
DA:41,0
DA:42,0
DA:45,27
DA:47,0
DA:51,0
DA:58,0
DA:65,0
DA:66,0
DA:76,0
DA:80,0
DA:91,2
LF:15
LH:4
BRDA:40,0,0,0
BRDA:40,0,1,0
BRDA:41,1,0,0
BRDA:41,1,1,0
BRF:4
BRH:0
end_of_record
TN:
SF:src\modules\sales\changeRequest.routes.ts
FNF:0
FNH:0
DA:1,27
DA:2,27
DA:3,27
DA:4,27
DA:5,27
DA:6,27
DA:13,27
DA:15,27
DA:20,27
DA:27,27
LF:10
LH:10
BRF:0
BRH:0
end_of_record
TN:
SF:src\modules\sales\changeRequest.service.ts
FN:40,toNumber
FN:47,computeAmount
FN:48,(anonymous_2)
FN:54,mapChangeRequest
FN:66,(anonymous_4)
FN:77,listChangeRequests
FN:97,approveChangeRequest
FN:113,sumApprovedAmount
FN:115,(anonymous_8)
FNF:9
FNH:1
FNDA:0,toNumber
FNDA:0,computeAmount
FNDA:0,(anonymous_2)
FNDA:0,mapChangeRequest
FNDA:0,(anonymous_4)
FNDA:0,listChangeRequests
FNDA:0,approveChangeRequest
FNDA:2,sumApprovedAmount
FNDA:0,(anonymous_8)
DA:1,27
DA:2,27
DA:41,0
DA:48,0
DA:49,0
DA:50,0
DA:54,27
DA:55,0
DA:66,0
DA:78,0
DA:79,0
DA:81,0
DA:88,0
DA:98,0
DA:99,0
DA:101,0
DA:102,0
DA:107,0
DA:108,0
DA:114,2
DA:115,2
DA:118,27
LF:22
LH:6
BRDA:41,0,0,0
BRDA:41,0,1,0
BRDA:41,1,0,0
BRDA:41,1,1,0
BRDA:50,2,0,0
BRDA:50,2,1,0
BRDA:59,3,0,0
BRDA:59,3,1,0
BRDA:99,4,0,0
BRDA:99,4,1,0
BRDA:101,5,0,0
BRDA:101,5,1,0
BRF:12
BRH:0
end_of_record
TN:
SF:src\modules\sales\changeRequest.validators.ts
FNF:0
FNH:0
DA:1,27
DA:3,27
DA:7,27
DA:9,27
DA:17,27
LF:5
LH:5
BRF:0
BRH:0
end_of_record
TN:
SF:src\modules\sales\customer.controller.ts
FN:12,list
FN:18,nextCode
FN:23,create
FN:29,getById
FN:35,update
FN:42,remove
FN:48,summary
FN:54,orders
FNF:8
FNH:8
FNDA:1,list
FNDA:2,nextCode
FNDA:2,create
FNDA:1,getById
FNDA:2,update
FNDA:2,remove
FNDA:1,summary
FNDA:1,orders
DA:2,27
DA:3,27
DA:13,1
DA:14,1
DA:15,1
DA:19,2
DA:20,2
DA:24,2
DA:25,2
DA:26,1
DA:30,1
DA:31,1
DA:32,0
DA:36,2
DA:37,2
DA:38,2
DA:39,1
DA:43,2
DA:44,2
DA:45,1
DA:49,1
DA:50,1
DA:51,1
DA:55,1
DA:56,1
DA:57,1
DA:58,1
DA:61,27
LF:28
LH:27
BRF:0
BRH:0
end_of_record
TN:
SF:src\modules\sales\customer.repository.ts
FN:20,buildCustomerWhere
FN:35,buildOrderWhere
FN:56,(anonymous_2)
FN:61,(anonymous_3)
FN:70,(anonymous_4)
FN:80,(anonymous_5)
FN:90,(anonymous_6)
FN:99,(anonymous_7)
FN:105,(anonymous_8)
FN:109,(anonymous_9)
FN:113,(anonymous_10)
FN:117,(anonymous_11)
FN:121,(anonymous_12)
FN:125,(anonymous_13)
FN:129,(anonymous_14)
FN:131,(anonymous_15)
FN:134,(anonymous_16)
FN:139,(anonymous_17)
FN:148,(anonymous_18)
FNF:19
FNH:0
FNDA:0,buildCustomerWhere
FNDA:0,buildOrderWhere
FNDA:0,(anonymous_2)
FNDA:0,(anonymous_3)
FNDA:0,(anonymous_4)
FNDA:0,(anonymous_5)
FNDA:0,(anonymous_6)
FNDA:0,(anonymous_7)
FNDA:0,(anonymous_8)
FNDA:0,(anonymous_9)
FNDA:0,(anonymous_10)
FNDA:0,(anonymous_11)
FNDA:0,(anonymous_12)
FNDA:0,(anonymous_13)
FNDA:0,(anonymous_14)
FNDA:0,(anonymous_15)
FNDA:0,(anonymous_16)
FNDA:0,(anonymous_17)
FNDA:0,(anonymous_18)
DA:2,24
DA:21,0
DA:22,0
DA:23,0
DA:24,0
DA:25,0
DA:32,0
DA:36,0
DA:37,0
DA:38,0
DA:39,0
DA:41,0
DA:42,0
DA:43,0
DA:49,0
DA:52,24
DA:57,0
DA:58,0
DA:62,0
DA:63,0
DA:67,0
DA:71,0
DA:72,0
DA:77,0
DA:81,0
DA:82,0
DA:91,0
DA:96,0
DA:100,0
DA:106,0
DA:110,0
DA:114,0
DA:118,0
DA:122,0
DA:126,0
DA:130,0
DA:131,0
DA:135,0
DA:136,0
DA:140,0
DA:141,0
DA:142,0
DA:149,0
DA:150,0
DA:160,0
LF:45
LH:2
BRDA:22,0,0,0
BRDA:22,0,1,0
BRDA:23,1,0,0
BRDA:23,1,1,0
BRDA:37,2,0,0
BRDA:37,2,1,0
BRDA:38,3,0,0
BRDA:38,3,1,0
BRDA:38,4,0,0
BRDA:38,4,1,0
BRDA:41,5,0,0
BRDA:41,5,1,0
BRDA:81,6,0,0
BRDA:81,6,1,0
BRDA:135,7,0,0
BRDA:135,7,1,0
BRDA:140,8,0,0
BRDA:140,8,1,0
BRF:18
BRH:0
end_of_record
TN:
SF:src\modules\sales\customer.routes.ts
FNF:0
FNH:0
DA:1,27
DA:2,27
DA:3,27
DA:4,27
DA:5,27
DA:6,27
DA:14,27
DA:16,27
DA:18,27
DA:25,27
DA:34,27
DA:36,27
DA:43,27
DA:51,27
DA:58,27
DA:65,27
DA:73,27
LF:17
LH:17
BRF:0
BRH:0
end_of_record
TN:
SF:src\modules\sales\customer.service.ts
FN:63,toApiStatus
FN:67,toDbStatus
FN:71,toDbEmail
FN:75,toDbNotes
FN:79,toNumber
FN:83,mapCustomer
FN:97,mapOrder
FN:108,findCustomerOrThrow
FN:114,listCustomers
FN:124,(anonymous_9)
FN:127,(anonymous_10)
FN:131,(anonymous_11)
FN:142,createCustomer
FN:168,getCustomerById
FN:174,updateCustomer
FN:196,deleteCustomer
FN:205,getCustomerSummary
FN:232,getCustomerOrders
FN:253,getNextCustomerCode
FNF:19
FNH:19
FNDA:12,toApiStatus
FNDA:6,toDbStatus
FNDA:6,toDbEmail
FNDA:6,toDbNotes
FNDA:23,toNumber
FNDA:12,mapCustomer
FNDA:2,mapOrder
FNDA:16,findCustomerOrThrow
FNDA:2,listCustomers
FNDA:3,(anonymous_9)
FNDA:2,(anonymous_10)
FNDA:3,(anonymous_11)
FNDA:6,createCustomer
FNDA:1,getCustomerById
FNDA:5,updateCustomer
FNDA:5,deleteCustomer
FNDA:3,getCustomerSummary
FNDA:2,getCustomerOrders
FNDA:2,getNextCustomerCode
DA:1,28
DA:3,28
DA:4,28
DA:64,12
DA:68,6
DA:72,6
DA:76,6
DA:80,23
DA:84,12
DA:98,2
DA:109,16
DA:110,16
DA:111,13
DA:115,2
DA:116,2
DA:117,2
DA:119,2
DA:124,3
DA:125,2
DA:126,2
DA:127,2
DA:130,2
DA:131,3
DA:147,6
DA:148,6
DA:149,2
DA:152,4
DA:153,4
DA:165,4
DA:169,1
DA:170,0
DA:171,0
DA:175,5
DA:179,4
DA:180,4
DA:181,2
DA:184,2
DA:192,2
DA:193,2
DA:197,5
DA:198,4
DA:199,4
DA:200,2
DA:202,2
DA:206,3
DA:207,3
DA:209,3
DA:216,3
DA:217,3
DA:218,3
DA:219,3
DA:221,3
DA:236,2
DA:238,2
DA:239,2
DA:240,2
DA:247,2
DA:254,2
DA:255,2
DA:258,28
LF:60
LH:58
BRDA:64,0,0,9
BRDA:64,0,1,3
BRDA:68,1,0,4
BRDA:68,1,1,2
BRDA:72,2,0,1
BRDA:72,2,1,5
BRDA:72,3,0,6
BRDA:72,3,1,1
BRDA:76,4,0,0
BRDA:76,4,1,6
BRDA:76,5,0,6
BRDA:76,5,1,0
BRDA:80,6,0,3
BRDA:80,6,1,20
BRDA:80,7,0,23
BRDA:80,7,1,21
BRDA:88,8,0,12
BRDA:88,8,1,10
BRDA:92,9,0,12
BRDA:92,9,1,1
BRDA:100,10,0,1
BRDA:100,10,1,1
BRDA:110,11,0,3
BRDA:110,11,1,13
BRDA:117,12,0,0
BRDA:117,12,1,2
BRDA:148,13,0,2
BRDA:148,13,1,4
BRDA:161,14,0,4
BRDA:161,14,1,0
BRDA:180,15,0,2
BRDA:180,15,1,2
BRDA:180,16,0,4
BRDA:180,16,1,4
BRDA:188,17,0,2
BRDA:188,17,1,2
BRDA:199,18,0,2
BRDA:199,18,1,2
BRDA:219,19,0,1
BRDA:219,19,1,2
BRF:40
BRH:36
end_of_record
TN:
SF:src\modules\sales\customer.validators.ts
FN:10,(anonymous_0)
FNF:1
FNH:1
FNDA:1,(anonymous_0)
DA:1,27
DA:3,27
DA:5,27
DA:7,27
DA:10,1
DA:13,27
DA:17,27
DA:24,27
DA:38,27
DA:51,27
DA:53,27
LF:11
LH:11
BRDA:10,0,0,1
BRDA:10,0,1,0
BRF:2
BRH:1
end_of_record
TN:
SF:src\modules\sales\order.controller.ts
FN:26,list
FN:32,getById
FN:38,create
FN:45,updateStatus
FN:52,updateItems
FN:59,updateDates
FN:66,remove
FN:72,stats
FN:77,survey
FN:83,deposits
FN:90,settlement
FN:96,updateItem
FN:103,updateLiveChecklist
FN:110,updateQuotation
FN:117,createDeposit
FN:125,createSettlement
FN:133,createChangeRequest
FN:141,close
FN:149,confirmPreparedItems
FN:156,listPicklists
FN:162,markPicklistPickedUp
FN:169,exportEquipment
FNF:22
FNH:6
FNDA:0,list
FNDA:1,getById
FNDA:2,create
FNDA:0,updateStatus
FNDA:0,updateItems
FNDA:0,updateDates
FNDA:0,remove
FNDA:1,stats
FNDA:0,survey
FNDA:0,deposits
FNDA:0,settlement
FNDA:0,updateItem
FNDA:0,updateLiveChecklist
FNDA:0,updateQuotation
FNDA:0,createDeposit
FNDA:0,createSettlement
FNDA:0,createChangeRequest
FNDA:0,close
FNDA:0,confirmPreparedItems
FNDA:1,listPicklists
FNDA:4,markPicklistPickedUp
FNDA:11,exportEquipment
DA:2,27
DA:3,27
DA:4,27
DA:27,0
DA:28,0
DA:29,0
DA:33,1
DA:34,1
DA:35,1
DA:39,2
DA:40,2
DA:41,2
DA:42,2
DA:46,0
DA:47,0
DA:48,0
DA:49,0
DA:53,0
DA:54,0
DA:55,0
DA:56,0
DA:60,0
DA:61,0
DA:62,0
DA:63,0
DA:67,0
DA:68,0
DA:69,0
DA:73,1
DA:74,1
DA:78,0
DA:79,0
DA:80,0
DA:84,0
DA:85,0
DA:86,0
DA:87,0
DA:91,0
DA:92,0
DA:93,0
DA:97,0
DA:98,0
DA:99,0
DA:100,0
DA:104,0
DA:105,0
DA:106,0
DA:107,0
DA:111,0
DA:112,0
DA:113,0
DA:114,0
DA:118,0
DA:119,0
DA:120,0
DA:121,0
DA:122,0
DA:126,0
DA:127,0
DA:128,0
DA:129,0
DA:130,0
DA:134,0
DA:135,0
DA:136,0
DA:137,0
DA:138,0
DA:142,0
DA:143,0
DA:144,0
DA:145,0
DA:146,0
DA:150,0
DA:151,0
DA:152,0
DA:153,0
DA:157,1
DA:158,1
DA:159,1
DA:163,4
DA:164,4
DA:165,4
DA:166,1
DA:170,11
DA:171,11
DA:172,11
DA:173,11
DA:174,8
DA:177,27
LF:89
LH:25
BRDA:39,0,0,0
BRDA:39,0,1,2
BRDA:118,1,0,0
BRDA:118,1,1,0
BRDA:126,2,0,0
BRDA:126,2,1,0
BRDA:134,3,0,0
BRDA:134,3,1,0
BRDA:142,4,0,0
BRDA:142,4,1,0
BRDA:163,5,0,0
BRDA:163,5,1,4
BRDA:170,6,0,0
BRDA:170,6,1,11
BRDA:173,7,0,11
BRDA:173,7,1,10
BRF:16
BRH:5
end_of_record
TN:
SF:src\modules\sales\order.repository.ts
FN:66,buildWhere
FN:85,computeOrderLines
FN:86,(anonymous_2)
FN:96,computeOrderTotal
FN:97,(anonymous_4)
FN:101,(anonymous_5)
FN:106,(anonymous_6)
FN:124,(anonymous_7)
FN:140,(anonymous_8)
FN:152,(anonymous_9)
FN:156,(anonymous_10)
FN:192,(anonymous_11)
FN:210,(anonymous_12)
FN:217,(anonymous_13)
FN:238,(anonymous_14)
FN:250,(anonymous_15)
FN:265,(anonymous_16)
FN:267,(anonymous_17)
FN:278,(anonymous_18)
FN:282,(anonymous_19)
FN:289,(anonymous_20)
FN:309,(anonymous_21)
FN:313,(anonymous_22)
FN:321,(anonymous_23)
FN:335,(anonymous_24)
FN:348,(anonymous_25)
FN:368,(anonymous_26)
FN:372,(anonymous_27)
FN:380,(anonymous_28)
FN:396,(anonymous_29)
FN:415,(anonymous_30)
FN:422,(anonymous_31)
FN:436,(anonymous_32)
FN:438,(anonymous_33)
FN:459,(anonymous_34)
FN:464,(anonymous_35)
FN:473,(anonymous_36)
FN:481,(anonymous_37)
FN:485,(anonymous_38)
FN:496,(anonymous_39)
FN:498,(anonymous_40)
FN:549,(anonymous_41)
FN:558,(anonymous_42)
FN:561,(anonymous_43)
FN:562,(anonymous_44)
FN:566,(anonymous_45)
FN:568,(anonymous_46)
FN:572,(anonymous_47)
FN:575,(anonymous_48)
FN:613,(anonymous_49)
FN:676,buildPicklistWhere
FN:688,(anonymous_51)
FN:700,(anonymous_52)
FN:710,(anonymous_53)
FNF:54
FNH:15
FNDA:0,buildWhere
FNDA:13,computeOrderLines
FNDA:11,(anonymous_2)
FNDA:12,computeOrderTotal
FNDA:10,(anonymous_4)
FNDA:0,(anonymous_5)
FNDA:1,(anonymous_6)
FNDA:0,(anonymous_7)
FNDA:0,(anonymous_8)
FNDA:3,(anonymous_9)
FNDA:0,(anonymous_10)
FNDA:0,(anonymous_11)
FNDA:0,(anonymous_12)
FNDA:0,(anonymous_13)
FNDA:3,(anonymous_14)
FNDA:0,(anonymous_15)
FNDA:0,(anonymous_16)
FNDA:0,(anonymous_17)
FNDA:0,(anonymous_18)
FNDA:0,(anonymous_19)
FNDA:0,(anonymous_20)
FNDA:0,(anonymous_21)
FNDA:0,(anonymous_22)
FNDA:0,(anonymous_23)
FNDA:0,(anonymous_24)
FNDA:0,(anonymous_25)
FNDA:0,(anonymous_26)
FNDA:0,(anonymous_27)
FNDA:0,(anonymous_28)
FNDA:0,(anonymous_29)
FNDA:0,(anonymous_30)
FNDA:0,(anonymous_31)
FNDA:0,(anonymous_32)
FNDA:0,(anonymous_33)
FNDA:0,(anonymous_34)
FNDA:0,(anonymous_35)
FNDA:0,(anonymous_36)
FNDA:0,(anonymous_37)
FNDA:0,(anonymous_38)
FNDA:0,(anonymous_39)
FNDA:0,(anonymous_40)
FNDA:3,(anonymous_41)
FNDA:3,(anonymous_42)
FNDA:10,(anonymous_43)
FNDA:15,(anonymous_44)
FNDA:10,(anonymous_45)
FNDA:0,(anonymous_46)
FNDA:15,(anonymous_47)
FNDA:5,(anonymous_48)
FNDA:10,(anonymous_49)
FNDA:0,buildPicklistWhere
FNDA:0,(anonymous_51)
FNDA:0,(anonymous_52)
FNDA:0,(anonymous_53)
DA:2,28
DA:3,28
DA:4,28
DA:13,28
DA:49,28
DA:58,28
DA:67,0
DA:68,0
DA:69,0
DA:70,0
DA:71,0
DA:72,0
DA:73,0
DA:80,0
DA:85,28
DA:86,13
DA:96,28
DA:97,12
DA:100,28
DA:102,0
DA:103,0
DA:107,1
DA:111,1
DA:112,0
DA:113,0
DA:115,1
DA:116,1
DA:117,0
DA:118,0
DA:120,1
DA:121,1
DA:125,0
DA:126,0
DA:136,0
DA:141,0
DA:149,0
DA:153,3
DA:172,0
DA:173,0
DA:175,0
DA:192,0
DA:217,0
DA:218,0
DA:219,0
DA:220,0
DA:221,0
DA:222,0
DA:223,0
DA:225,0
DA:227,0
DA:228,0
DA:229,0
DA:239,3
DA:240,3
DA:242,0
DA:247,0
DA:249,0
DA:251,0
DA:255,0
DA:256,0
DA:266,0
DA:268,0
DA:269,0
DA:273,0
DA:274,0
DA:275,0
DA:279,0
DA:280,0
DA:282,0
DA:283,0
DA:289,0
DA:301,0
DA:304,0
DA:305,0
DA:306,0
DA:310,0
DA:314,0
DA:322,0
DA:332,0
DA:345,0
DA:351,0
DA:355,0
DA:356,0
DA:357,0
DA:359,0
DA:360,0
DA:361,0
DA:362,0
DA:364,0
DA:365,0
DA:369,0
DA:373,0
DA:391,0
DA:409,0
DA:416,0
DA:427,0
DA:428,0
DA:429,0
DA:430,0
DA:432,0
DA:436,0
DA:438,0
DA:439,0
DA:450,0
DA:452,0
DA:453,0
DA:456,0
DA:463,0
DA:465,0
DA:468,0
DA:469,0
DA:470,0
DA:474,0
DA:482,0
DA:486,0
DA:497,0
DA:499,0
DA:500,0
DA:501,0
DA:505,0
DA:506,0
DA:509,0
DA:510,0
DA:511,0
DA:512,0
DA:514,0
DA:515,0
DA:517,0
DA:518,0
DA:519,0
DA:520,0
DA:522,0
DA:535,0
DA:556,3
DA:558,3
DA:560,3
DA:561,10
DA:562,15
DA:564,3
DA:566,10
DA:567,3
DA:568,0
DA:569,0
DA:572,15
DA:573,3
DA:574,1
DA:575,5
DA:585,1
DA:588,3
DA:589,15
DA:590,15
DA:591,5
DA:593,10
DA:598,1
DA:608,1
DA:612,3
DA:613,10
DA:614,2
DA:619,3
DA:620,2
DA:626,3
DA:628,2
DA:630,3
DA:634,3
DA:635,3
DA:638,3
DA:677,0
DA:678,0
DA:679,0
DA:680,0
DA:682,0
DA:683,0
DA:684,0
DA:687,28
DA:689,0
DA:690,0
DA:694,0
DA:701,0
DA:702,0
DA:711,0
DA:712,0
DA:718,0
DA:719,0
DA:720,0
DA:721,0
DA:722,0
DA:724,0
LF:187
LH:52
BRDA:68,0,0,0
BRDA:68,0,1,0
BRDA:69,1,0,0
BRDA:69,1,1,0
BRDA:70,2,0,0
BRDA:70,2,1,0
BRDA:71,3,0,0
BRDA:71,3,1,0
BRDA:91,4,0,11
BRDA:91,4,1,11
BRDA:92,5,0,11
BRDA:92,5,1,11
BRDA:102,6,0,0
BRDA:102,6,1,0
BRDA:111,7,0,0
BRDA:111,7,1,1
BRDA:111,8,0,1
BRDA:111,8,1,1
BRDA:116,9,0,0
BRDA:116,9,1,1
BRDA:218,10,0,0
BRDA:218,10,1,0
BRDA:218,11,0,0
BRDA:218,11,1,0
BRDA:220,12,0,0
BRDA:220,12,1,0
BRDA:222,13,0,0
BRDA:222,13,1,0
BRDA:228,14,0,0
BRDA:228,14,1,0
BRDA:240,15,0,3
BRDA:240,15,1,0
BRDA:240,16,0,3
BRDA:240,16,1,0
BRDA:247,17,0,0
BRDA:247,17,1,0
BRDA:247,18,0,0
BRDA:247,18,1,0
BRDA:247,18,2,0
BRDA:255,19,0,0
BRDA:255,19,1,0
BRDA:274,20,0,0
BRDA:274,20,1,0
BRDA:305,21,0,0
BRDA:305,21,1,0
BRDA:355,22,0,0
BRDA:355,22,1,0
BRDA:355,23,0,0
BRDA:355,23,1,0
BRDA:360,24,0,0
BRDA:360,24,1,0
BRDA:428,25,0,0
BRDA:428,25,1,0
BRDA:429,26,0,0
BRDA:429,26,1,0
BRDA:445,27,0,0
BRDA:445,27,1,0
BRDA:446,28,0,0
BRDA:446,28,1,0
BRDA:447,29,0,0
BRDA:447,29,1,0
BRDA:469,30,0,0
BRDA:469,30,1,0
BRDA:500,31,0,0
BRDA:500,31,1,0
BRDA:506,32,0,0
BRDA:506,32,1,0
BRDA:512,33,0,0
BRDA:512,33,1,0
BRDA:515,34,0,0
BRDA:515,34,1,0
BRDA:519,35,0,0
BRDA:519,35,1,0
BRDA:567,36,0,0
BRDA:567,36,1,3
BRDA:573,37,0,1
BRDA:573,37,1,2
BRDA:590,38,0,5
BRDA:590,38,1,10
BRDA:593,39,0,1
BRDA:593,39,1,9
BRDA:594,40,0,10
BRDA:594,40,1,9
BRDA:594,40,2,9
BRDA:612,41,0,2
BRDA:612,41,1,1
BRDA:619,42,0,2
BRDA:619,42,1,1
BRDA:626,43,0,2
BRDA:626,43,1,1
BRDA:635,44,0,0
BRDA:635,44,1,3
BRDA:678,45,0,0
BRDA:678,45,1,0
BRDA:682,46,0,0
BRDA:682,46,1,0
BRDA:683,47,0,0
BRDA:683,47,1,0
BRDA:711,48,0,0
BRDA:711,48,1,0
BRDA:720,49,0,0
BRDA:720,49,1,0
BRDA:722,50,0,0
BRDA:722,50,1,0
BRF:104
BRH:27
end_of_record
TN:
SF:src\modules\sales\order.routes.ts
FNF:0
FNH:0
DA:1,27
DA:2,27
DA:3,27
DA:4,27
DA:5,27
DA:6,27
DA:26,27
DA:28,27
DA:30,27
DA:37,27
DA:46,27
DA:49,27
DA:56,27
DA:63,27
DA:70,27
DA:78,27
DA:87,27
DA:95,27
DA:103,27
DA:111,27
DA:119,27
DA:126,27
DA:136,27
DA:143,27
DA:155,27
DA:163,27
DA:171,27
DA:179,27
DA:189,27
DA:197,27
DA:205,27
LF:31
LH:31
BRF:0
BRH:0
end_of_record
TN:
SF:src\modules\sales\order.service.ts
FN:176,toNumber
FN:180,mapListItem
FN:217,mapDetail
FN:232,(anonymous_3)
FN:249,computeStockWarnings
FN:265,(anonymous_5)
FN:284,validateItemsExist
FN:285,(anonymous_7)
FN:287,(anonymous_8)
FN:288,(anonymous_9)
FN:294,findOrderOrThrow
FN:300,assertNotTerminal
FN:308,listOrders
FN:330,getOrderById
FN:335,createOrder
FN:370,updateOrderStatus
FN:389,updateOrderItems
FN:401,updateOrderDates
FN:408,deleteOrder
FN:420,getOrderStats
FN:424,mapSurvey
FN:446,getOrderSurvey
FN:452,mapDeposit
FN:463,(anonymous_23)
FN:473,getOrderDeposits
FN:491,mapSettlement
FN:502,(anonymous_26)
FN:514,getOrderSettlement
FN:520,updateOrderItem
FN:533,updateLiveChecklist
FN:545,updateOrderQuotation
FN:574,createDeposit
FN:606,createChangeRequest
FN:617,(anonymous_33)
FN:619,(anonymous_34)
FN:620,(anonymous_35)
FN:636,createSettlement
FN:678,closeOrder
[...]
FNDA:0,(anonymous_9)
FNDA:3,(anonymous_10)
FNDA:0,(anonymous_11)
FNDA:0,(anonymous_12)
FNDA:0,(anonymous_13)
FNDA:0,(anonymous_14)
FNDA:0,(anonymous_15)
FNDA:0,(anonymous_16)
FNDA:0,(anonymous_17)
FNDA:0,(anonymous_18)
FNDA:0,(anonymous_19)
FNDA:0,(anonymous_20)
DA:2,27
DA:3,27
DA:38,27
DA:47,0
DA:48,0
DA:49,0
DA:50,0
DA:51,0
DA:52,0
DA:54,0
DA:61,27
DA:62,23
DA:63,24
DA:64,24
DA:65,24
DA:76,27
DA:77,19
DA:78,19
DA:79,18
DA:82,27
DA:84,0
DA:85,0
DA:89,0
DA:90,0
DA:94,0
DA:95,0
DA:105,0
DA:111,0
DA:118,0
DA:122,3
DA:126,0
DA:132,0
DA:144,0
DA:145,0
DA:147,0
DA:159,0
DA:180,0
DA:181,0
DA:183,0
DA:193,0
DA:208,0
DA:212,0
DA:216,0
DA:217,0
DA:218,0
DA:228,0
DA:232,0
LF:47
LH:14
BRDA:48,0,0,0
BRDA:48,0,1,0
BRDA:49,1,0,0
BRDA:49,1,1,0
BRDA:50,2,0,0
BRDA:50,2,1,0
BRDA:64,3,0,0
BRDA:64,3,1,24
BRDA:84,4,0,0
BRDA:84,4,1,0
BRDA:217,5,0,0
BRDA:217,5,1,0
BRF:12
BRH:1
end_of_record
TN:
SF:src\modules\sales\quotation.routes.ts
FNF:0
FNH:0
DA:1,27
DA:2,27
DA:3,27
DA:4,27
DA:5,27
DA:6,27
DA:17,27
DA:19,27
DA:21,27
DA:28,27
DA:35,27
DA:42,27
DA:50,27
DA:58,27
DA:66,27
DA:68,27
DA:70,27
DA:78,27
LF:18
LH:18
BRF:0
BRH:0
end_of_record
TN:
SF:src\modules\sales\quotation.service.ts
FN:86,toNumber
FN:90,mapListItem
FN:117,mapDetail
FN:136,(anonymous_3)
FN:152,resolveAndValidateLines
FN:155,(anonymous_5)
FN:157,(anonymous_6)
FN:159,(anonymous_7)
FN:167,(anonymous_8)
FN:178,findQuotationOrThrow
FN:184,listQuotations
FN:217,listQuotationsByCustomer
FN:236,getQuotationById
FN:242,createQuotationForCustomer
FN:271,updateQuotation
FN:298,updateQuotationStatus
FN:309,deleteQuotation
FN:317,getPicklist
FN:321,(anonymous_18)
FN:345,(anonymous_19)
FNF:20
FNH:19
FNDA:40,toNumber
FNDA:1,mapListItem
FNDA:6,mapDetail
FNDA:6,(anonymous_3)
FNDA:6,resolveAndValidateLines
FNDA:6,(anonymous_5)
FNDA:5,(anonymous_6)
FNDA:6,(anonymous_7)
FNDA:5,(anonymous_8)
FNDA:13,findQuotationOrThrow
FNDA:1,listQuotations
FNDA:0,listQuotationsByCustomer
FNDA:1,getQuotationById
FNDA:4,createQuotationForCustomer
FNDA:6,updateQuotation
FNDA:2,updateQuotationStatus
FNDA:3,deleteQuotation
FNDA:1,getPicklist
FNDA:2,(anonymous_18)
FNDA:1,(anonymous_19)
DA:2,27
DA:3,27
DA:4,27
DA:19,27
DA:25,27
DA:87,40
DA:102,1
DA:118,6
DA:136,6
DA:155,6
DA:156,6
DA:157,6
DA:159,6
DA:160,6
DA:161,1
DA:166,5
DA:167,5
DA:168,5
DA:169,1
DA:175,4
DA:179,13
DA:180,13
DA:181,13
DA:185,1
DA:186,1
DA:188,1
DA:199,1
DA:218,0
DA:219,0
DA:221,0
DA:222,0
DA:223,0
DA:230,0
DA:237,1
DA:238,1
DA:239,1
DA:247,4
DA:248,4
DA:250,3
DA:251,1
DA:253,1
DA:263,1
DA:269,27
DA:272,6
DA:274,6
DA:275,1
DA:278,5
DA:279,5
DA:280,2
DA:285,3
DA:287,3
DA:295,3
DA:299,2
DA:300,2
DA:301,1
DA:304,1
DA:305,1
DA:306,1
DA:310,3
DA:311,3
DA:312,2
DA:314,1
DA:318,1
DA:319,1
DA:321,1
DA:322,2
DA:324,2
DA:325,1
DA:326,1
DA:327,1
DA:329,1
DA:345,1
DA:346,1
DA:347,1
DA:348,1
DA:350,1
DA:359,1
DA:367,1
DA:370,27
LF:79
LH:73
BRDA:87,0,0,0
BRDA:87,0,1,40
BRDA:87,1,0,40
BRDA:87,1,1,40
BRDA:124,2,0,6
BRDA:124,2,1,0
BRDA:160,3,0,1
BRDA:160,3,1,5
BRDA:168,4,0,1
BRDA:168,4,1,4
BRDA:180,5,0,0
BRDA:180,5,1,13
BRDA:190,6,0,0
BRDA:190,6,1,1
BRDA:219,7,0,0
BRDA:219,7,1,0
BRDA:225,8,0,0
BRDA:225,8,1,0
BRDA:239,9,0,1
BRDA:239,9,1,0
BRDA:248,10,0,1
BRDA:248,10,1,3
BRDA:256,11,0,1
BRDA:256,11,1,1
BRDA:274,12,0,1
BRDA:274,12,1,5
BRDA:279,13,0,2
BRDA:279,13,1,3
BRDA:279,14,0,5
BRDA:279,14,1,3
BRDA:290,15,0,3
BRDA:290,15,1,3
BRDA:295,16,0,3
BRDA:295,16,1,2
BRDA:300,17,0,1
BRDA:300,17,1,1
BRDA:306,18,0,1
BRDA:306,18,1,1
BRDA:311,19,0,2
BRDA:311,19,1,1
BRDA:324,20,0,1
BRDA:324,20,1,1
BRDA:324,21,0,2
BRDA:324,21,1,2
BRDA:326,22,0,1
BRDA:326,22,1,0
BRDA:327,23,0,1
BRDA:327,23,1,0
BRDA:347,24,0,1
BRDA:347,24,1,0
BRDA:348,25,0,1
BRDA:348,25,1,0
BRF:52
BRH:39
end_of_record
TN:
SF:src\modules\sales\quotation.validators.ts
FNF:0
FNH:0
DA:1,27
DA:3,27
DA:7,27
DA:11,27
DA:13,27
DA:21,27
DA:27,27
DA:34,27
DA:40,27
DA:46,27
LF:10
LH:10
BRF:0
BRH:0
end_of_record
TN:
SF:src\modules\shared\catalog.controller.ts
FN:21,list
FN:27,create
FN:33,getById
FN:39,getItemComponents
FN:45,update
FN:52,updateStatus
FN:59,getSuppliers
FN:65,listCategories
FN:71,createCategory
FN:77,updateCategory
FN:84,listTypes
FN:90,createType
FN:96,updateType
FN:103,updateTypeStatus
FNF:14
FNH:11
FNDA:2,list
FNDA:3,create
FNDA:2,getById
FNDA:3,getItemComponents
FNDA:3,update
FNDA:1,updateStatus
FNDA:2,getSuppliers
FNDA:1,listCategories
FNDA:1,createCategory
FNDA:2,updateCategory
FNDA:2,listTypes
FNDA:0,createType
FNDA:0,updateType
FNDA:0,updateTypeStatus
DA:2,27
DA:3,27
DA:22,2
DA:23,2
DA:24,2
DA:28,3
DA:29,3
DA:30,2
DA:34,2
DA:35,2
DA:36,1
DA:40,3
DA:41,3
DA:42,2
DA:46,3
DA:47,3
DA:48,3
DA:49,2
DA:53,1
DA:54,1
DA:55,1
DA:56,1
DA:60,2
DA:61,2
DA:62,1
DA:66,1
DA:67,1
DA:68,1
DA:72,1
DA:73,1
DA:74,1
DA:78,2
DA:79,2
DA:80,2
DA:81,1
DA:85,2
DA:86,2
DA:87,2
DA:91,0
DA:92,0
DA:93,0
DA:97,0
DA:98,0
DA:99,0
DA:100,0
DA:104,0
DA:105,0
DA:106,0
DA:107,0
DA:110,27
LF:50
LH:39
BRF:0
BRH:0
end_of_record
TN:
SF:src\modules\shared\catalog.repository.ts
FN:25,buildWhere
FN:42,(anonymous_1)
FN:57,(anonymous_2)
FN:61,(anonymous_3)
FN:66,(anonymous_4)
FN:86,(anonymous_5)
FN:97,(anonymous_6)
FN:101,(anonymous_7)
FN:126,(anonymous_8)
FN:140,(anonymous_9)
FN:144,(anonymous_10)
FN:161,buildCategoryWhere
FN:168,(anonymous_12)
FN:177,(anonymous_13)
FN:181,(anonymous_14)
FN:185,(anonymous_15)
FN:203,buildTypeWhere
FN:211,(anonymous_17)
FN:225,(anonymous_18)
FN:228,(anonymous_19)
FN:231,(anonymous_20)
FN:234,(anonymous_21)
FNF:22
FNH:0
FNDA:0,buildWhere
FNDA:0,(anonymous_1)
FNDA:0,(anonymous_2)
FNDA:0,(anonymous_3)
FNDA:0,(anonymous_4)
FNDA:0,(anonymous_5)
FNDA:0,(anonymous_6)
FNDA:0,(anonymous_7)
FNDA:0,(anonymous_8)
FNDA:0,(anonymous_9)
FNDA:0,(anonymous_10)
FNDA:0,buildCategoryWhere
FNDA:0,(anonymous_12)
FNDA:0,(anonymous_13)
FNDA:0,(anonymous_14)
FNDA:0,(anonymous_15)
FNDA:0,buildTypeWhere
FNDA:0,(anonymous_17)
FNDA:0,(anonymous_18)
FNDA:0,(anonymous_19)
FNDA:0,(anonymous_20)
FNDA:0,(anonymous_21)
DA:2,26
DA:17,26
DA:26,0
DA:27,0
DA:28,0
DA:29,0
DA:30,0
DA:31,0
DA:32,0
DA:33,0
DA:35,0
DA:38,0
DA:41,26
DA:43,0
DA:44,0
DA:54,0
DA:58,0
DA:62,0
DA:63,0
DA:80,0
DA:81,0
DA:86,0
DA:98,0
DA:116,0
DA:118,0
DA:119,0
DA:126,0
DA:134,0
DA:137,0
DA:141,0
DA:145,0
DA:162,0
DA:163,0
DA:164,0
DA:167,26
DA:169,0
DA:170,0
DA:174,0
DA:178,0
DA:182,0
DA:186,0
DA:200,26
DA:204,0
DA:205,0
DA:206,0
DA:207,0
DA:210,26
DA:212,0
DA:213,0
DA:223,0
DA:226,0
DA:229,0
DA:232,0
DA:235,0
LF:54
LH:6
BRDA:27,0,0,0
BRDA:27,0,1,0
BRDA:28,1,0,0
BRDA:28,1,1,0
BRDA:29,2,0,0
BRDA:29,2,1,0
BRDA:30,3,0,0
BRDA:30,3,1,0
BRDA:31,4,0,0
BRDA:31,4,1,0
BRDA:32,5,0,0
BRDA:32,5,1,0
BRDA:84,6,0,0
BRDA:84,6,1,0
BRDA:118,7,0,0
BRDA:118,7,1,0
BRDA:163,8,0,0
BRDA:163,8,1,0
BRDA:205,9,0,0
BRDA:205,9,1,0
BRDA:206,10,0,0
BRDA:206,10,1,0
BRF:22
BRH:0
end_of_record
TN:
SF:src\modules\shared\catalog.routes.ts
FNF:0
FNH:0
DA:1,27
DA:2,27
DA:3,27
DA:4,27
DA:5,27
DA:6,27
DA:15,27
DA:17,27
DA:20,27
DA:26,27
DA:33,27
DA:39,27
DA:46,27
DA:53,27
DA:61,27
DA:69,27
LF:16
LH:16
BRF:0
BRH:0
end_of_record
TN:
SF:src\modules\shared\catalog.service.ts
FN:54,toNumber
FN:58,mapItem
FN:85,listItems
FN:112,createItem
FN:144,getItemById
FN:150,updateItem
FN:173,updateItemStatus
FN:191,getItemComponents
FN:196,(anonymous_8)
FN:225,getItemSuppliers
FN:231,(anonymous_10)
FN:263,mapCategory
FN:269,listCategories
FN:286,createCategory
FN:294,updateCategory
FN:322,mapType
FN:334,listTypes
FN:356,createType
FN:367,updateType
FN:380,updateTypeStatus
FNF:20
FNH:17
FNDA:9,toNumber
FNDA:7,mapItem
FNDA:2,listItems
FNDA:3,createItem
FNDA:2,getItemById
FNDA:3,updateItem
FNDA:1,updateItemStatus
FNDA:3,getItemComponents
FNDA:1,(anonymous_8)
FNDA:2,getItemSuppliers
FNDA:1,(anonymous_10)
FNDA:3,mapCategory
FNDA:1,listCategories
FNDA:1,createCategory
FNDA:2,updateCategory
FNDA:1,mapType
FNDA:2,listTypes
FNDA:0,createType
FNDA:0,updateType
FNDA:0,updateTypeStatus
DA:2,27
DA:3,27
DA:10,27
DA:11,27
DA:55,9
DA:59,7
DA:88,2
DA:89,2
DA:90,2
DA:91,2
DA:92,2
DA:94,2
DA:104,2
DA:113,3
DA:114,3
DA:116,2
DA:117,2
DA:132,2
DA:133,2
DA:134,2
DA:141,2
DA:145,2
DA:146,2
DA:147,1
DA:151,3
DA:152,3
DA:154,2
DA:155,2
DA:157,2
DA:170,2
DA:174,1
DA:175,1
DA:177,1
DA:178,1
DA:192,3
DA:193,3
DA:195,2
DA:196,2
DA:226,2
DA:227,2
DA:229,1
DA:231,1
DA:264,3
DA:270,1
DA:271,1
DA:272,1
DA:273,1
DA:274,1
DA:276,1
DA:278,1
DA:287,1
DA:291,1
DA:295,2
DA:296,2
DA:298,1
DA:302,1
DA:323,1
DA:335,2
DA:336,2
DA:337,2
DA:338,2
DA:339,2
DA:341,2
DA:348,2
DA:357,0
DA:358,0
DA:359,0
DA:364,0
DA:368,0
DA:369,0
DA:370,0
DA:371,0
DA:372,0
DA:377,0
DA:381,0
DA:382,0
DA:383,0
DA:384,0
DA:387,27
LF:79
LH:65
BRDA:55,0,0,7
BRDA:55,0,1,2
BRDA:55,1,0,9
BRDA:55,1,1,2
BRDA:71,2,0,0
BRDA:71,2,1,7
BRDA:72,3,0,0
BRDA:72,3,1,7
BRDA:75,4,0,7
BRDA:75,4,1,7
BRDA:76,5,0,7
BRDA:76,5,1,7
BRDA:76,6,0,7
BRDA:76,6,1,7
BRDA:77,7,0,7
BRDA:77,7,1,7
BRDA:88,8,0,2
BRDA:88,8,1,1
BRDA:89,9,0,2
BRDA:89,9,1,1
BRDA:90,10,0,2
BRDA:90,10,1,1
BRDA:91,11,0,1
BRDA:91,11,1,1
BRDA:92,12,0,1
BRDA:92,12,1,1
BRDA:106,13,0,1
BRDA:106,13,1,1
BRDA:114,14,0,1
BRDA:114,14,1,2
BRDA:116,15,0,2
BRDA:116,15,1,2
BRDA:121,16,0,2
BRDA:121,16,1,2
BRDA:124,17,0,2
BRDA:124,17,1,2
BRDA:125,18,0,2
BRDA:125,18,1,2
BRDA:126,19,0,2
BRDA:126,19,1,2
BRDA:127,20,0,2
BRDA:127,20,1,2
BRDA:132,21,0,2
BRDA:132,21,1,0
BRDA:133,22,0,2
BRDA:133,22,1,0
BRDA:146,23,0,1
BRDA:146,23,1,1
BRDA:152,24,0,1
BRDA:152,24,1,2
BRDA:155,25,0,0
BRDA:155,25,1,2
BRDA:160,26,0,2
BRDA:160,26,1,2
BRDA:163,27,0,2
BRDA:163,27,1,2
BRDA:164,28,0,2
BRDA:164,28,1,2
BRDA:165,29,0,2
BRDA:165,29,1,2
BRDA:166,30,0,2
BRDA:166,30,1,2
BRDA:175,31,0,0
BRDA:175,31,1,1
BRDA:193,32,0,1
BRDA:193,32,1,2
BRDA:203,33,0,1
BRDA:203,33,1,0
BRDA:203,34,0,1
BRDA:203,34,1,0
BRDA:227,35,0,1
BRDA:227,35,1,1
BRDA:240,36,0,1
BRDA:240,36,1,0
BRDA:241,37,0,1
BRDA:241,37,1,0
BRDA:270,38,0,1
BRDA:270,38,1,1
BRDA:271,39,0,1
BRDA:271,39,1,1
BRDA:272,40,0,1
BRDA:272,40,1,1
BRDA:273,41,0,0
BRDA:273,41,1,1
BRDA:274,42,0,0
BRDA:274,42,1,1
BRDA:280,43,0,0
BRDA:280,43,1,1
BRDA:289,44,0,1
BRDA:289,44,1,1
BRDA:296,45,0,1
BRDA:296,45,1,1
BRDA:300,46,0,1
BRDA:300,46,1,1
BRDA:335,47,0,2
BRDA:335,47,1,2
BRDA:336,48,0,2
BRDA:336,48,1,2
BRDA:337,49,0,2
BRDA:337,49,1,2
BRDA:338,50,0,0
BRDA:338,50,1,2
BRDA:339,51,0,0
BRDA:339,51,1,2
BRDA:350,52,0,0
BRDA:350,52,1,2
BRDA:358,53,0,0
BRDA:358,53,1,0
BRDA:362,54,0,0
BRDA:362,54,1,0
BRDA:369,55,0,0
BRDA:369,55,1,0
BRDA:371,56,0,0
BRDA:371,56,1,0
BRDA:375,57,0,0
BRDA:375,57,1,0
BRDA:382,58,0,0
BRDA:382,58,1,0
BRF:118
BRH:90
end_of_record
TN:
SF:src\modules\shared\catalog.validators.ts
FN:23,(anonymous_0)
FNF:1
FNH:1
FNDA:7,(anonymous_0)
DA:1,27
DA:3,27
DA:7,27
DA:11,27
DA:23,27
DA:24,7
DA:25,27
DA:30,27
DA:35,27
DA:54,27
DA:69,27
DA:73,27
DA:77,27
DA:83,27
DA:88,27
DA:90,27
DA:108,27
DA:111,27
DA:116,27
DA:117,27
LF:20
LH:20
BRDA:24,0,0,7
BRDA:24,0,1,1
BRDA:24,0,2,1
BRF:3
BRH:3
end_of_record
TN:
SF:src\modules\shared\catalogCategory.routes.ts
FNF:0
FNH:0
DA:1,27
DA:2,27
DA:3,27
DA:4,27
DA:5,27
DA:6,27
DA:9,27
DA:11,27
DA:13,27
DA:15,27
DA:22,27
DA:30,27
LF:12
LH:12
BRF:0
BRH:0
end_of_record
TN:
SF:src\modules\shared\catalogType.routes.ts
FNF:0
FNH:0
DA:1,27
DA:2,27
DA:3,27
DA:4,27
DA:5,27
DA:6,27
DA:16,27
DA:18,27
DA:20,27
DA:21,27
DA:22,27
DA:29,27
DA:37,27
LF:13
LH:13
BRF:0
BRH:0
end_of_record
TN:
SF:src\modules\shared\evidence.controller.ts
FN:7,getById
FN:13,upload
FNF:2
FNH:2
FNDA:2,getById
FNDA:1,upload
DA:2,27
DA:3,27
DA:4,27
DA:8,2
DA:9,2
DA:10,1
DA:14,1
DA:15,1
DA:17,1
DA:18,1
DA:19,1
DA:22,27
LF:12
LH:12
BRDA:14,0,0,0
BRDA:14,0,1,1
BRDA:15,1,0,0
BRDA:15,1,1,1
BRF:4
BRH:2
end_of_record
TN:
SF:src\modules\shared\evidence.repository.ts
FN:12,(anonymous_0)
FN:16,(anonymous_1)
FN:22,(anonymous_2)
FNF:3
FNH:0
FNDA:0,(anonymous_0)
FNDA:0,(anonymous_1)
FNDA:0,(anonymous_2)
DA:2,26
DA:3,26
DA:5,26
DA:11,26
DA:13,0
DA:17,0
DA:23,0
DA:24,0
DA:25,0
DA:26,0
LF:10
LH:4
BRF:0
BRH:0
end_of_record
TN:
SF:src\modules\shared\evidence.routes.ts
FN:23,(anonymous_9)
FN:39,mapMulterError
FN:45,uploadSingleFile
FN:46,(anonymous_12)
FNF:4
FNH:4
FNDA:2,(anonymous_9)
FNDA:1,mapMulterError
FNDA:4,uploadSingleFile
FNDA:4,(anonymous_12)
DA:2,27
DA:3,27
DA:4,27
DA:5,27
DA:6,27
DA:7,27
DA:8,27
DA:9,27
DA:14,27
DA:16,27
DA:18,27
DA:20,27
DA:24,2
DA:25,1
DA:27,1
DA:33,27
DA:40,1
DA:46,4
DA:47,4
DA:48,2
DA:49,1
DA:50,0
DA:54,27
DA:56,27
DA:63,27
LF:25
LH:24
BRDA:24,0,0,1
BRDA:24,0,1,1
BRDA:40,1,0,1
BRDA:40,1,1,0
BRDA:47,2,0,2
BRDA:47,2,1,2
BRDA:48,3,0,1
BRDA:48,3,1,1
BRDA:49,4,0,1
BRDA:49,4,1,0
BRF:10
BRH:8
end_of_record
TN:
SF:src\modules\shared\evidence.service.ts
FN:20,mapEvidence
FN:30,getEvidenceById
FN:37,uploadEvidence
FNF:3
FNH:3
FNDA:2,mapEvidence
FNDA:2,getEvidenceById
FNDA:1,uploadEvidence
DA:1,27
DA:2,27
DA:3,27
DA:4,27
DA:21,2
DA:31,2
DA:32,2
DA:33,1
DA:42,1
DA:43,1
DA:44,1
DA:45,1
DA:46,1
DA:49,27
LF:14
LH:14
BRDA:32,0,0,1
BRDA:32,0,1,1
BRDA:45,1,0,1
BRDA:45,1,1,0
BRF:4
BRH:3
end_of_record
TN:
SF:src\modules\shared\evidence.validators.ts
FNF:0
FNH:0
DA:1,27
DA:5,27
DA:12,27
LF:3
LH:3
BRF:0
BRH:0
end_of_record
TN:
SF:src\modules\shared\notification.controller.ts
FN:12,testSendNotification
FN:23,getMyNotifications
FN:30,markNotificationAsRead
FN:37,registerDeviceToken
FNF:4
FNH:4
FNDA:4,testSendNotification
FNDA:1,getMyNotifications
FNDA:3,markNotificationAsRead
FNDA:1,registerDeviceToken
DA:2,27
DA:3,27
DA:4,27
DA:13,4
DA:14,4
DA:15,4
DA:16,4
DA:17,1
DA:19,3
DA:20,2
DA:24,1
DA:25,1
DA:26,1
DA:27,1
DA:31,3
DA:32,3
DA:33,3
DA:34,1
DA:38,1
DA:39,1
DA:40,1
DA:41,1
DA:44,27
LF:23
LH:23
BRDA:13,0,0,0
BRDA:13,0,1,4
BRDA:15,1,0,4
BRDA:15,1,1,2
BRDA:16,2,0,1
BRDA:16,2,1,3
BRDA:16,3,0,4
BRDA:16,3,1,2
BRDA:24,4,0,0
BRDA:24,4,1,1
BRDA:31,5,0,0
BRDA:31,5,1,3
BRDA:38,6,0,0
BRDA:38,6,1,1
BRF:14
BRH:10
end_of_record
TN:
SF:src\modules\shared\notification.repository.ts
FN:14,(anonymous_0)
FN:18,(anonymous_1)
FN:22,(anonymous_2)
FN:35,(anonymous_3)
FN:39,(anonymous_4)
FN:46,(anonymous_5)
FNF:6
FNH:0
FNDA:0,(anonymous_0)
FNDA:0,(anonymous_1)
FNDA:0,(anonymous_2)
FNDA:0,(anonymous_3)
FNDA:0,(anonymous_4)
FNDA:0,(anonymous_5)
DA:2,26
DA:13,26
DA:15,0
DA:19,0
DA:23,0
DA:32,0
DA:36,0
DA:40,0
DA:47,0
LF:9
LH:2
BRF:0
BRH:0
end_of_record
TN:
SF:src\modules\shared\notification.routes.ts
FNF:0
FNH:0
DA:1,27
DA:2,27
DA:3,27
DA:4,27
DA:5,27
DA:6,27
DA:8,27
DA:9,27
DA:11,27
DA:16,27
DA:17,27
DA:22,27
DA:28,27
LF:13
LH:13
BRF:0
BRH:0
end_of_record
TN:
SF:src\modules\shared\notification.service.ts
FN:8,sendNotificationToUser
FN:39,getUserNotifications
FN:56,markAsRead
FN:65,registerDeviceToken
FNF:4
FNH:4
FNDA:7,sendNotificationToUser
FNDA:2,getUserNotifications
FNDA:6,markAsRead
FNDA:2,registerDeviceToken
DA:2,27
DA:3,27
DA:4,27
DA:5,27
DA:11,7
DA:12,7
DA:14,5
DA:20,5
DA:22,5
DA:24,5
DA:25,2
DA:29,2
DA:30,2
DA:32,1
DA:36,5
DA:40,2
DA:41,2
DA:42,2
DA:43,2
DA:44,2
DA:46,2
DA:48,2
DA:57,6
DA:58,6
DA:59,4
DA:60,2
DA:62,2
DA:66,2
DA:69,27
LF:29
LH:29
BRDA:12,0,0,2
BRDA:12,0,1,5
BRDA:17,1,0,5
BRDA:17,1,1,0
BRDA:20,2,0,5
BRDA:20,2,1,3
BRDA:24,3,0,2
BRDA:24,3,1,3
BRDA:27,4,0,2
BRDA:27,4,1,0
BRDA:40,5,0,2
BRDA:40,5,1,1
BRDA:41,6,0,2
BRDA:41,6,1,1
BRDA:42,7,0,2
BRDA:42,7,1,1
BRDA:43,8,0,1
BRDA:43,8,1,1
BRDA:44,9,0,1
BRDA:44,9,1,1
BRDA:50,10,0,1
BRDA:50,10,1,1
BRDA:58,11,0,2
BRDA:58,11,1,4
BRDA:59,12,0,2
BRDA:59,12,1,2
BRF:26
BRH:24
end_of_record
TN:
SF:src\modules\shared\notification.validators.ts
FNF:0
FNH:0
DA:1,27
DA:3,27
DA:9,27
DA:13,27
DA:17,27
LF:5
LH:5
BRF:0
BRH:0
end_of_record
TN:
SF:src\modules\shared\policy.controller.ts
FN:6,list
FN:12,create
FN:18,update
FNF:3
FNH:3
FNDA:2,list
FNDA:2,create
FNDA:3,update
DA:2,27
DA:3,27
DA:7,2
DA:8,2
DA:9,2
DA:13,2
DA:14,2
DA:15,1
DA:19,3
DA:20,3
DA:21,3
DA:22,2
DA:25,27
LF:13
LH:13
BRF:0
BRH:0
end_of_record
TN:
SF:src\modules\shared\policy.repository.ts
FN:15,buildWhere
FN:26,(anonymous_1)
FN:35,(anonymous_2)
FN:39,(anonymous_3)
FN:43,(anonymous_4)
FN:54,(anonymous_5)
FNF:6
FNH:0
FNDA:0,buildWhere
FNDA:0,(anonymous_1)
FNDA:0,(anonymous_2)
FNDA:0,(anonymous_3)
FNDA:0,(anonymous_4)
FNDA:0,(anonymous_5)
DA:2,26
DA:16,0
DA:17,0
DA:18,0
DA:19,0
DA:20,0
DA:22,0
DA:25,26
DA:27,0
DA:28,0
DA:32,0
DA:36,0
DA:40,0
DA:51,0
DA:55,0
LF:15
LH:2
BRDA:17,0,0,0
BRDA:17,0,1,0
BRDA:18,1,0,0
BRDA:18,1,1,0
BRDA:19,2,0,0
BRDA:19,2,1,0
BRF:6
BRH:0
end_of_record
TN:
SF:src\modules\shared\policy.routes.ts
FNF:0
FNH:0
DA:1,27
DA:2,27
DA:3,27
DA:4,27
DA:5,27
DA:6,27
DA:12,27
DA:14,27
DA:16,27
DA:18,27
DA:25,27
DA:33,27
LF:12
LH:12
BRF:0
BRH:0
end_of_record
TN:
SF:src\modules\shared\policy.service.ts
FN:26,mapPolicy
FN:41,listPolicies
FN:59,createPolicy
FN:75,updatePolicy
FNF:4
FNH:4
FNDA:4,mapPolicy
FNDA:2,listPolicies
FNDA:2,createPolicy
FNDA:3,updatePolicy
DA:2,27
DA:3,27
DA:27,4
DA:42,2
DA:43,2
DA:45,2
DA:53,2
DA:60,2
DA:61,2
DA:63,1
DA:72,1
DA:76,3
DA:77,3
DA:79,2
DA:86,2
DA:89,27
LF:16
LH:16
BRDA:61,0,0,1
BRDA:61,0,1,1
BRDA:69,1,0,1
BRDA:69,1,1,1
BRDA:77,2,0,1
BRDA:77,2,1,2
BRDA:80,3,0,1
BRDA:80,3,1,1
BRDA:81,4,0,0
BRDA:81,4,1,2
BRDA:82,5,0,0
BRDA:82,5,1,2
BRDA:83,6,0,2
BRDA:83,6,1,0
BRF:14
BRH:11
end_of_record
TN:
SF:src\modules\shared\policy.validators.ts
FN:38,(anonymous_0)
FN:38,(anonymous_1)
FNF:2
FNH:2
FNDA:3,(anonymous_0)
FNDA:3,(anonymous_1)
DA:1,27
DA:3,27
DA:5,27
DA:9,27
DA:19,27
DA:30,27
DA:38,3
LF:7
LH:7
BRF:0
BRH:0
end_of_record
TN:
SF:src\modules\shared\settings.controller.ts
FN:5,getBankAccount
FNF:1
FNH:1
FNDA:2,getBankAccount
DA:2,27
DA:3,27
DA:6,2
DA:7,2
DA:10,27
LF:5
LH:5
BRF:0
BRH:0
end_of_record
TN:
SF:src\modules\shared\settings.routes.ts
FNF:0
FNH:0
DA:1,27
DA:2,27
DA:3,27
DA:4,27
DA:7,27
DA:9,27
DA:13,27
DA:15,27
LF:8
LH:8
BRF:0
BRH:0
end_of_record
TN:
SF:src\modules\shared\settings.service.ts
FN:12,getBankAccount
FNF:1
FNH:1
FNDA:2,getBankAccount
DA:1,27
DA:13,2
DA:21,27
LF:3
LH:3
BRDA:14,0,0,2
BRDA:14,0,1,1
BRDA:15,1,0,2
BRDA:15,1,1,1
BRDA:16,2,0,2
BRDA:16,2,1,1
BRDA:17,3,0,2
BRDA:17,3,1,1
BRF:8
BRH:8
end_of_record
TN:
SF:src\utils\AppError.ts
FN:6,(anonymous_0)
FN:15,(anonymous_1)
FN:19,(anonymous_2)
FN:23,(anonymous_3)
FN:27,(anonymous_4)
FN:31,(anonymous_5)
FN:35,(anonymous_6)
FNF:7
FNH:6
FNDA:198,(anonymous_0)
FNDA:43,(anonymous_1)
FNDA:22,(anonymous_2)
FNDA:50,(anonymous_3)
FNDA:52,(anonymous_4)
FNDA:22,(anonymous_5)
FNDA:0,(anonymous_6)
DA:1,35
DA:7,198
DA:8,198
DA:9,198
DA:10,198
DA:11,198
DA:12,198
DA:16,43
DA:20,22
DA:24,50
DA:28,52
DA:32,22
DA:36,0
LF:13
LH:12
BRDA:15,0,0,0
BRDA:19,1,0,0
BRDA:23,2,0,0
BRDA:27,3,0,0
BRDA:31,4,0,0
BRDA:35,5,0,0
BRF:6
BRH:0
end_of_record
TN:
SF:src\utils\asyncHandler.ts
FN:5,asyncHandler
FN:6,(anonymous_1)
FNF:2
FNH:2
FNDA:4266,asyncHandler
FNDA:197,(anonymous_1)
DA:5,27
DA:6,4266
DA:7,197
LF:3
LH:3
BRF:0
BRH:0
end_of_record
TN:
SF:src\utils\geo.utils.ts
FN:1,calculateDistanceMeters
FNF:1
FNH:1
FNDA:2,calculateDistanceMeters
DA:1,28
DA:2,2
DA:3,2
DA:4,2
DA:5,2
DA:6,2
DA:8,2
DA:9,2
DA:11,2
LF:9
LH:9
BRF:0
BRH:0
end_of_record
TN:
SF:src\utils\logger.ts
FN:10,(anonymous_1)
FNF:1
FNH:0
FNDA:0,(anonymous_1)
DA:1,28
DA:2,28
DA:4,28
DA:10,28
DA:11,0
LF:5
LH:4
BRDA:5,0,0,28
BRDA:5,0,1,0
BRDA:5,1,0,0
BRDA:5,1,1,0
BRDA:11,2,0,0
BRDA:11,2,1,0
BRF:6
BRH:1
end_of_record
TN:
SF:src\utils\mailer.ts
FN:9,getTransporter
FN:25,sendEmail
FNF:2
FNH:0
FNDA:0,getTransporter
FNDA:0,sendEmail
DA:1,24
DA:2,24
DA:3,24
DA:5,24
DA:10,0
DA:12,0
DA:13,0
DA:16,0
DA:22,0
DA:25,24
DA:26,0
DA:27,0
DA:28,0
DA:30,0
LF:14
LH:5
BRDA:10,0,0,0
BRDA:10,0,1,0
BRDA:12,1,0,0
BRDA:12,1,1,0
BRDA:12,2,0,0
BRDA:12,2,1,0
BRDA:12,2,2,0
BRDA:12,2,3,0
BRDA:28,3,0,0
BRDA:28,3,1,0
BRDA:30,4,0,0
BRDA:30,4,1,0
BRF:12
BRH:0
end_of_record
TN:
SF:src\utils\password.ts
FN:6,generateTempPassword
FN:16,hashPassword
FN:20,hashPasswordRequiringChange
FN:24,passwordRequiresChange
FNF:4
FNH:4
FNDA:11,generateTempPassword
FNDA:5,hashPassword
FNDA:14,hashPasswordRequiringChange
FNDA:23,passwordRequiresChange
DA:1,31
DA:2,31
DA:6,31
DA:7,11
DA:10,31
DA:14,31
DA:16,31
DA:17,5
DA:20,31
DA:21,14
DA:24,31
DA:25,23
DA:26,23
LF:13
LH:13
BRDA:26,0,0,23
BRDA:26,0,1,22
BRF:2
BRH:2
end_of_record
TN:
SF:src\utils\response.ts
FN:3,ok
FN:7,created
FNF:2
FNH:2
FNDA:130,ok
FNDA:22,created
DA:3,27
DA:4,130
DA:7,27
DA:8,22
LF:4
LH:4
BRDA:3,0,0,108
BRDA:4,1,0,29
BRDA:4,1,1,101
BRF:3
BRH:3
end_of_record
